2024-12-04 15:23:03,133 - INFO - 2020-01-31 00:00:00: Selected 20 stocks.
2024-12-04 15:23:03,134 - INFO - 2020-01-31 00:00:00: Portfolio Value = 11,607,007.85
2024-12-04 15:23:03,139 - INFO - Selected Stocks:
Ticker       Name   Close   PER  PBR  DIV    EPS
322000 HD현대에너지솔루션 18550.0  7.09 0.55 0.00 2327.0
024110       기업은행 10750.0  4.56 0.36 5.97 2531.0
024090        디씨엠 11700.0 16.92 0.91 2.07  715.0
024070     WISCOM  2635.0 40.14 0.36 0.00   69.0
021050         서원  3485.0 20.00 1.43 0.50  151.0
023810         인팩  3655.0 22.95 0.37 3.41  166.0
023590       다우기술 17900.0  7.49 0.71 1.83 2551.0
023450       동남합성 24700.0 15.31 1.48 1.35 1639.0
317400     자이에스앤디  5291.0  6.12 1.72 0.00  964.0
014160       대영포장  1410.0 10.82 0.87 0.00  104.0
308170    씨티알모빌리티 37800.0 26.80 1.48 0.00  709.0
024720      콜마홀딩스 21300.0  6.47 1.19 0.84 3608.0
021240        코웨이 87800.0 18.54 6.10 4.00 4854.0
023800     인지컨트롤스  4680.0 24.49 0.40 1.99  205.0
023000       삼원강재  2865.0  9.82 0.57 3.93  298.0
002920       유성기업  2505.0 18.67 0.27 3.75  143.0
014280       금강공업  3440.0  5.89 0.34 2.60  653.0
003000       부광약품 12565.0  6.32 2.25 1.42 2224.0
002780       진흥기업  2235.0 56.83 4.34 0.00   41.0
003080       성보화학  4200.0 14.45 0.58 4.70  309.0
2024-12-04 15:23:03,146 - INFO - 2020-02-29 00:00:00: Selected 20 stocks.
2024-12-04 15:23:03,148 - INFO - 2020-02-29 00:00:00: Portfolio Value = 11,789,195.28
2024-12-04 15:23:03,151 - INFO - Selected Stocks:
Ticker    Name    Close   PER  PBR  DIV     EPS
012200    계양전기   1718.0 10.00 0.51 2.14   280.0
004690     삼천리  78400.0  8.72 0.25 3.83  8995.0
004490    세방전지  31750.0  4.65 0.47 1.53  7025.0
004560 현대비앤지스틸   7350.0  6.42 0.33 1.22  1280.0
011930   신성이엔지    859.0 11.46 1.32 0.00    76.0
004450    삼화왕관  40950.0  8.23 0.68 3.08  5327.0
011790     SKC  51400.0 15.83 1.32 1.86  3404.0
004430    송원산업  11150.0  8.13 0.75 1.24  1587.0
011810     STX   6769.0 15.18 2.21 0.00   471.0
004410    서울식품    195.0 78.00 1.93 0.00     2.0
011500    한농화성   4580.0 10.95 0.58 2.85   384.0
010400 우진아이엔에스   7800.0  3.93 0.60 4.69  2172.0
011700    한신기계   1390.0 14.14 0.60 2.36   105.0
010130    고려아연 414500.0 12.62 1.14 2.92 29841.0
011780    금호석유  59300.0  3.73 0.94 2.06 17597.0
009970 영원무역홀딩스  40300.0  5.46 0.48 1.97  7432.0
010060  OCI홀딩스  39137.0 12.48 0.38 1.57  4352.0
010040    한국내화   3115.0 10.61 0.63 0.98   336.0
010100  한국무브넥스   1755.0 38.88 0.28 0.00    49.0
105560    KB금융  38900.0  5.68 0.51 4.38  7721.0
2024-12-04 15:23:03,154 - INFO - 2020-03-31 00:00:00: Selected 20 stocks.
2024-12-04 15:23:03,155 - INFO - 2020-03-31 00:00:00: Portfolio Value = 10,225,942.82
2024-12-04 15:23:03,158 - INFO - Selected Stocks:
Ticker     Name    Close   PER  PBR  DIV      EPS
003120   일성아이에스  16862.0 41.61 0.75 0.82   2192.0
003460     유화증권   2140.0 23.56 0.36 6.79    469.0
003240     태광산업 629000.0  3.15 0.29 0.37 254395.0
003230     삼양식품  93200.0 19.55 2.95 0.44   4623.0
003220     대원제약  13241.0 11.87 1.56 1.84   1192.0
003160      디아이   2400.0  7.60 0.64 1.81    363.0
003350  한국화장품제조  24800.0 30.16 2.49 0.36    915.0
003090       대웅  11200.0 16.40 1.16 0.88    692.0
003080     성보화학   3300.0 12.28 0.49 5.53    309.0
003200     일신방직   4600.0  6.75 0.21 3.22   9206.0
003000     부광약품  23165.0  5.91 2.11 1.52   2224.0
003070   코오롱글로벌   6627.0 14.17 0.46 1.24    569.0
003480 한진중공업홀딩스   2750.0  6.59 0.20 0.00    346.0
003530   한화투자증권   1400.0  4.29 0.33 0.00    411.0
017390     서울가스  61300.0  6.65 0.38 2.47  10653.0
003610       방림   1595.0 25.52 0.45 2.95     77.0
003570 SNT다이내믹스   5520.0  8.11 0.32 3.44    716.0
017670    SK텔레콤  30539.0  4.72 0.75 4.81  44066.0
017810      풀무원   9210.0 18.61 1.40 0.93    591.0
003540     대신증권   8560.0  4.80 0.42 6.58   1961.0
2024-12-04 15:23:03,161 - INFO - 2020-04-30 00:00:00: Selected 20 stocks.
2024-12-04 15:23:03,162 - INFO - 2020-04-30 00:00:00: Portfolio Value = 12,207,559.57
2024-12-04 15:23:03,165 - INFO - Selected Stocks:
Ticker      Name    Close   PER  PBR  DIV     EPS
005440  현대지에프홀딩스   5394.0  5.69 0.38 3.13  1181.0
005490  POSCO홀딩스 184500.0  7.41 0.31 6.45 20911.0
005390      신성통상   1115.0 26.11 0.59 0.00    36.0
005430      한국공항  41300.0  4.08 0.25 3.98  6159.0
083420     그린케미칼   3670.0 26.82 0.64 5.57   107.0
084670      동양고속  27350.0 53.13 0.64 4.06   464.0
079980       휴비스   5440.0  7.32 0.35 7.31   561.0
005360       모나미   3260.0 80.45 0.70 2.64    33.0
005380       현대차  93600.0 15.16 0.35 4.68  5632.0
005500      삼진제약  25350.0  9.98 1.40 3.86  2075.0
082640      동양생명   2955.0  6.47 0.16 4.41   351.0
084680       이월드   4450.0 36.89 2.10 0.00   103.0
002360   SH에너지화학    889.0 33.52 0.76 3.27    21.0
194370 제이에스코퍼레이션   7580.0 14.22 0.56 6.92   457.0
005320      온타이드   2485.0  9.68 0.61 0.00   188.0
192820      코스맥스  87241.0 23.22 2.85 0.80  3247.0
081000     일진다이아  23400.0 23.66 1.78 1.61   655.0
079550    LIG넥스원  26100.0 95.57 0.66 2.58   203.0
192650       드림텍   6675.0  6.18 1.61 0.00   739.0
001450      현대해상  26100.0  4.58 0.46 5.36  4607.0
2024-12-04 15:23:03,168 - INFO - 2020-05-31 00:00:00: Selected 20 stocks.
2024-12-04 15:23:03,169 - INFO - 2020-05-31 00:00:00: Portfolio Value = 12,481,291.08
2024-12-04 15:23:03,173 - INFO - Selected Stocks:
Ticker        Name     Close   PER  PBR  DIV     EPS
008420        문배철강    2815.0 17.64 0.39 2.34   121.0
047400     유니온머티리얼    4125.0 41.40 1.15 2.12    57.0
336260       두산퓨얼셀   14669.0 43.94 3.12 0.00   165.0
009540    HD한국조선해양   90800.0 36.28 0.48 0.00  2183.0
047810      한국항공우주   25350.0 13.64 2.04 1.68  1748.0
009470        삼화전기   17500.0 31.30 2.16 0.69   460.0
049770       동원F&B   39238.0 11.72 1.13 1.50 17015.0
009580       무림P&P    3030.0 20.68 0.34 5.22   162.0
009460        한창제지    2275.0 17.80 1.55 0.90   125.0
009450       경동나비엔   38600.0 16.33 1.53 0.83  2207.0
009440     KC그린홀딩스    4035.0 10.34 0.48 1.57   369.0
009420     한올바이오파마   26850.0 64.13 8.95 0.00   375.0
052690        한전기술   16550.0 23.85 1.29 1.87   694.0
051900      LG생활건강 1370000.0 29.33 5.82 0.81 46431.0
008350       남선알미늄    6340.0 39.01 3.15 0.00   131.0
051600       한전KPS   30850.0  9.30 1.34 6.06  3407.0
051910        LG화학  390500.0 88.13 1.66 0.56  4085.0
010120 LS ELECTRIC   45550.0 10.64 0.83 3.18  3542.0
010100      한국무브넥스    3285.0  6.11 0.32 2.19   373.0
009410        태영건설   15768.0 10.67 0.97 1.06  1326.0
2024-12-04 15:23:03,176 - INFO - 2020-06-30 00:00:00: Selected 20 stocks.
2024-12-04 15:23:03,176 - INFO - 2020-06-30 00:00:00: Portfolio Value = 16,136,617.93
2024-12-04 15:23:03,180 - INFO - Selected Stocks:
Ticker   Name    Close   PER  PBR  DIV    EPS
084010   대한제강   6980.0  5.50 0.39 2.71 1340.0
084690  대상홀딩스   8070.0  4.10 0.51 2.51 1946.0
083420  그린케미칼   3585.0 15.64 0.82 4.61  236.0
082640   동양생명   2905.0  4.15 0.19 7.50  739.0
077970  STX엔진   6040.0  9.23 0.79 0.00  737.0
081000  일진다이아  42300.0 30.63 2.21 1.07  914.0
077500  유니퀘스트   5075.0  6.69 0.81 2.35  953.0
081660  휠라홀딩스  35100.0  8.90 1.91 0.56 4382.0
079430  현대리바트  16950.0 15.13 0.66 1.02  968.0
336260  두산퓨얼셀  31791.0 91.21 6.48 0.00  165.0
075580  세진중공업   4212.0 59.19 0.90 0.54   62.0
078000   텔코웨어  12350.0 16.95 1.13 4.26  761.0
078930     GS  36250.0  6.73 0.41 4.92 5745.0
085620 미래에셋생명   2650.0  4.55 0.26 5.48  682.0
024110   기업은행   8080.0  3.78 0.25 7.90 2242.0
317400 자이에스앤디   5645.0  8.54 1.07 1.73  677.0
298040  효성중공업  28900.0 12.30 0.18 0.00 1411.0
000590  CS홀딩스  59500.0  5.92 0.26 1.00 8435.0
069620   대웅제약 132500.0 48.31 2.30 0.58 2132.0
003540   대신증권   9660.0  7.75 0.44 9.85 1310.0
2024-12-04 15:23:03,183 - INFO - 2020-07-31 00:00:00: Selected 20 stocks.
2024-12-04 15:23:03,184 - INFO - 2020-07-31 00:00:00: Portfolio Value = 18,315,889.55
2024-12-04 15:23:03,187 - INFO - Selected Stocks:
Ticker       Name    Close    PER  PBR  DIV     EPS
210980      SK디앤디  18959.0  11.82 1.47 2.15  2365.0
026960         동서  21600.0  11.46 1.18 4.40  1388.0
227840 현대코퍼레이션홀딩스  10000.0   7.99 0.48 5.29  1183.0
229640    LS에코에너지   6680.0  12.33 1.40 2.79   523.0
027410        BGF   4210.0  15.09 0.27 2.59   281.0
214320        이노션  25000.0  12.10 1.17 3.37  3681.0
213500       한솔제지  13750.0   8.11 0.55 4.40  1683.0
210540      디와이파워  11250.0   5.78 0.66 2.00  1729.0
214390       경보제약  10450.0  39.64 1.40 1.14   221.0
204320       HL만도  27550.0   9.39 0.69 2.48  2360.0
001500      현대차증권   9320.0   3.60 0.33 7.20  2315.0
027970       한국제지   1545.0   5.48 1.62 0.00   323.0
005390       신성통상   2360.0  47.08 1.06 0.00    36.0
005490   POSCO홀딩스 193500.0   7.82 0.35 5.60 22823.0
028050      삼성E&A  11900.0   8.07 1.79 0.00  1493.0
014790     HL D&I   3480.0 101.43 0.53 0.00    28.0
005430       한국공항  33300.0   6.35 0.33 2.96  5318.0
026940       부국철강   6030.0  48.91 0.80 1.67    92.0
001470       삼부토건    755.0  10.36 0.41 0.00    61.0
195870      해성디에스  20650.0  13.78 1.21 2.36  1078.0
2024-12-04 15:23:03,190 - INFO - 2020-08-31 00:00:00: Selected 20 stocks.
2024-12-04 15:23:03,191 - INFO - 2020-08-31 00:00:00: Portfolio Value = 20,987,065.70
2024-12-04 15:23:03,194 - INFO - Selected Stocks:
Ticker    Name    Close   PER  PBR  DIV     EPS
033920      무학   6070.0  6.28 0.30 0.00   849.0
034300   신세계건설  22150.0  5.30 0.47 3.45  4379.0
034120     SBS  15450.0 14.05 0.49 0.96  1114.0
034230   파라다이스  13300.0 72.60 0.92 0.78   177.0
033530   SJG세종   7500.0 22.57 0.35 0.86   257.0
033780    KT&G  83100.0  9.72 1.27 5.51  8208.0
034590  인천도시가스  24600.0  9.37 0.58 5.13  2598.0
034310    NICE  18800.0 26.01 1.11 1.15   771.0
034730      SK 214000.0 16.84 0.92 2.30 12917.0
034830  한국토지신탁   1695.0  3.89 0.50 6.30   449.0
011930   신성이엔지   1550.0 95.33 2.03 0.00    15.0
003200    일신방직   7250.0 21.43 0.23 2.27  3084.0
003220    대원제약  19884.0 15.38 2.08 1.24  1369.0
003070  코오롱글로벌  18169.0  5.33 0.56 3.41  1922.0
033270 유나이티드제약  49850.0 11.72 1.56 1.35  2087.0
003120  일성아이에스  16922.0 16.94 0.63 0.91  4859.0
090350   노루페인트   7070.0  8.02 0.47 3.72   923.0
003470   유안타증권   3020.0  7.28 0.48 0.00   394.0
011790     SKC  92500.0 45.67 1.85 1.30  1686.0
035000    HS애드   5050.0  5.28 0.58 6.04   941.0
2024-12-04 15:23:03,197 - INFO - 2020-09-30 00:00:00: Selected 20 stocks.
2024-12-04 15:23:03,198 - INFO - 2020-09-30 00:00:00: Portfolio Value = 21,885,882.20
2024-12-04 15:23:03,201 - INFO - Selected Stocks:
Ticker       Name    Close    PER  PBR  DIV      EPS
000640   동아쏘시오홀딩스 125000.0  34.16 0.91 0.91   3220.0
000660     SK하이닉스  84000.0  25.55 1.14 1.33   2943.0
000650       천일고속  65000.0 121.15 1.72 8.16    506.0
077970      STX엔진   6010.0   7.72 0.66 0.00    737.0
307950     현대오토에버  61900.0  16.03 1.77 1.66   2673.0
000590      CS홀딩스  53200.0   6.71 0.29 0.88   8435.0
000540       흥국화재   2715.0   4.43 0.21 0.00    510.0
322000 HD현대에너지솔루션  32000.0  10.26 1.01 0.00   2788.0
317400     자이에스앤디   7545.0  11.77 1.47 1.25    677.0
078930         GS  31000.0   5.68 0.35 5.82   5745.0
034230      파라다이스  13750.0  77.68 0.99 0.73    177.0
000500       가온전선  17786.0  14.20 0.32 3.04   1391.0
078000       텔코웨어  11850.0  16.16 1.07 4.47    761.0
316140     우리금융지주   8580.0   3.15 0.29 8.16   2727.0
033920         무학   6450.0   6.78 0.32 0.00    849.0
034120        SBS  14550.0  13.69 0.48 0.98   1114.0
308170    씨티알모빌리티  21900.0  31.84 2.14 0.00    782.0
077500      유니퀘스트   5875.0  10.20 1.24 1.54    953.0
000670         영풍 469000.0   3.64 0.28 2.03 135469.0
012320     경동인베스트  26850.0   6.59 0.15 1.89   4007.0
2024-12-04 15:23:03,204 - INFO - 2020-10-31 00:00:00: Selected 20 stocks.
2024-12-04 15:23:03,206 - INFO - 2020-10-31 00:00:00: Portfolio Value = 21,239,098.78
2024-12-04 15:23:03,209 - INFO - Selected Stocks:
Ticker   Name    Close    PER  PBR  DIV    EPS
001790   대한제당   1855.0  10.63 0.38 3.70 1717.0
001770    SHD  20900.0  24.91 0.70 0.51  793.0
001800 오리온홀딩스  12400.0  15.55 0.41 5.20  804.0
001750   한양증권   8850.0   4.92 0.38 4.12 1726.0
001500  현대차증권  10700.0   4.43 0.40 5.85 2315.0
014580  태경비케이   3450.0  23.24 0.71 2.91  148.0
001530   DI동일   7790.0  12.92 0.45 1.69 6888.0
001510   SK증권    697.0  10.81 0.60 1.38   67.0
001680     대상  24050.0   8.82 0.94 2.29 2976.0
001720   신영증권  45800.0  20.18 0.68 5.33 2324.0
014830    유니드  50221.0   6.00 0.57 2.63 7600.0
001630 종근당홀딩스  97200.0  11.96 1.15 1.21 8988.0
001560   제일연마   6750.0   7.91 0.80 3.26  853.0
014820 동원시스템즈  22700.0  16.13 1.37 2.09 1485.0
014790 HL D&I   3355.0 118.57 0.62 0.00   28.0
014530   극동유화   3300.0   7.58 0.66 5.00  422.0
014440   영보화학   3500.0  13.69 0.49 2.78  263.0
014680  한솔케미칼 141000.0  19.36 3.80 0.99 7798.0
014160   대영포장   1070.0  10.80 0.78 0.00  100.0
013890    지누스  60482.0  13.97 3.18 1.49 5999.0
2024-12-04 15:23:03,213 - INFO - 2020-11-30 00:00:00: Selected 20 stocks.
2024-12-04 15:23:03,214 - INFO - 2020-11-30 00:00:00: Portfolio Value = 23,029,153.52
2024-12-04 15:23:03,217 - INFO - Selected Stocks:
Ticker      Name    Close    PER  PBR  DIV     EPS
006890     태경케미컬  15400.0   8.88 0.75 1.97   858.0
006980        우성  31350.0   6.52 0.54 0.50   464.0
007070     GS리테일  33750.0  18.88 1.16 2.30  1729.0
007120    미래아이앤지   1745.0   3.06 0.62 0.00   109.0
007460     에이프로젠   6736.0  20.00 0.87 0.00    86.0
007340   DN오토모티브   4797.0   2.94 0.37 6.77  7539.0
007310       오뚜기 556000.0  18.02 1.51 1.40 29693.0
007540        샘표  47750.0   8.12 0.79 0.45  5441.0
007590     동방아그로   6390.0  11.21 0.62 4.02   555.0
015230      대창단조   3595.0   6.68 0.55 3.17  5197.0
014820    동원시스템즈  30300.0  16.80 1.42 2.00  1485.0
015360    예스코홀딩스  34300.0   7.66 0.38 4.96  4611.0
014830       유니드  50742.0   5.72 0.54 2.76  7600.0
006840     AK홀딩스  20950.0   8.03 0.28 4.31  2168.0
015590 KIB플러그에너지    665.0  37.94 1.43 0.00    17.0
011280      태림포장   7350.0  18.85 1.18 5.70   270.0
006800    미래에셋증권   9480.0   9.05 0.77 3.01   956.0
014790    HL D&I   4290.0 120.00 0.63 0.00    28.0
006740      영풍제지   2693.0   7.22 0.69 1.07   516.0
011330       유니켐   1385.0   5.57 1.06 0.00   235.0
2024-12-04 15:23:03,221 - INFO - 2020-12-31 00:00:00: Selected 20 stocks.
2024-12-04 15:23:03,222 - INFO - 2020-12-31 00:00:00: Portfolio Value = 27,419,980.96
2024-12-04 15:23:03,225 - INFO - Selected Stocks:
Ticker       Name    Close    PER  PBR  DIV     EPS
011070      LG이노텍 182500.0  35.85 1.66 0.19  4323.0
001430    세아베스틸지주  10600.0  21.84 0.20 2.84   483.0
001360       삼성제약   5466.0  32.50 1.58 0.00   118.0
001420       태원물산   3995.0  53.70 0.93 2.17    73.0
010960       삼호개발   4275.0   4.54 0.54 4.62   907.0
322000 HD현대에너지솔루션  39850.0  14.20 1.40 0.00  2788.0
308170    씨티알모빌리티  26750.0  28.07 1.89 0.00   782.0
317400     자이에스앤디  11690.0  13.87 1.73 1.06   677.0
011150      CJ씨푸드   5100.0 102.94 2.95 0.00    51.0
001260       남광토건  13400.0  25.51 1.87 0.00   394.0
001270       부국증권  21300.0   7.39 0.63 5.29  3070.0
001530       DI동일  13854.0  12.66 0.44 1.72  6888.0
001340       백광산업   3868.0   9.44 0.94 2.13   373.0
001680         대상  26050.0   8.48 0.91 2.38  2976.0
339770     교촌에프앤비  19450.0  15.17 5.58 0.45  1411.0
001450       현대해상  22750.0   7.20 0.45 3.87  3161.0
090430     아모레퍼시픽 206000.0  53.93 2.88 0.53  3477.0
316140     우리금융지주   9730.0   3.70 0.34 6.93  2727.0
307950     현대오토에버 123500.0  31.39 3.46 0.85  2673.0
001130       대한제분 166000.0  14.61 0.33 1.34 10196.0
2024-12-04 15:23:03,228 - INFO - 2021-01-31 00:00:00: Selected 20 stocks.
2024-12-04 15:23:03,229 - INFO - 2021-01-31 00:00:00: Portfolio Value = 35,135,752.99
2024-12-04 15:23:03,233 - INFO - Selected Stocks:
Ticker      Name    Close   PER  PBR  DIV     EPS
012320    경동인베스트  28400.0  7.74 0.18 1.61  4007.0
012160        영흥   1275.0 58.75 0.61 2.55    20.0
012450 한화에어로스페이스  42051.0 11.65 0.62 0.00  2558.0
012510     더존비즈온  99900.0 62.95 9.28 0.44  1684.0
011790       SKC 121000.0 60.20 2.44 0.99  1686.0
012030        DB    856.0 36.13 0.79 0.00    23.0
012610      경인양행   7040.0 20.96 1.35 0.69   344.0
011780      금호석유 247500.0 14.31 1.92 0.99 10549.0
012330     현대모비스 317500.0 11.84 0.85 1.39 24234.0
004690       삼천리  83700.0  7.76 0.26 3.64 10614.0
004710    한솔테크닉스  10050.0 41.84 1.26 0.00   245.0
004700      조광피혁  57500.0 14.55 1.43 0.00  4076.0
004970      신라교역   9810.0 14.19 0.28 5.46   645.0
004560   현대비앤지스틸  21500.0  7.01 0.38 1.00  1433.0
011700      한신기계   1600.0 31.96 0.65 0.92    51.0
004800        효성  57159.0 14.78 0.65 6.63  5100.0
004960      한신공영  18250.0  2.81 0.40 2.01  6212.0
004890      동일산업  78200.0 44.09 0.52 0.99  1726.0
011500      한농화성  17950.0 15.18 1.29 1.52   652.0
004840     DRB동일   6940.0 15.03 0.39 1.44   461.0
2024-12-04 15:23:03,236 - INFO - 2021-02-28 00:00:00: Selected 20 stocks.
2024-12-04 15:23:03,237 - INFO - 2021-02-28 00:00:00: Portfolio Value = 42,552,047.77
2024-12-04 15:23:03,240 - INFO - Selected Stocks:
Ticker        Name    Close   PER  PBR  DIV     EPS
069260      TKG휴켐스  22900.0 12.09 1.37 4.57  1812.0
069730       DSR제강   5210.0 10.19 0.49 0.84   469.0
068290       삼성출판사  33900.0 47.33 2.54 0.43   487.0
009180     한솔로지스틱스   3080.0 12.56 1.58 1.48   215.0
069620        대웅제약 135500.0 73.87 3.51 0.38  2132.0
009240          한샘  99500.0 39.62 3.81 1.25  2423.0
161390 한국타이어앤테크놀로지  47650.0 12.98 0.76 1.25  3387.0
058430     포스코스틸리온  32750.0 37.89 0.47 2.37   446.0
009160      SIMPAC   3200.0 17.17 0.40 2.23   157.0
009190        대양금속   3855.0 17.72 2.14 0.00   230.0
161000       애경케미칼  10950.0  9.09 0.77 3.99   966.0
009270          신원   1425.0 77.37 0.62 0.00    19.0
161890        한국콜마  57500.0 39.95 2.49 0.64  1284.0
298040       효성중공업  72400.0 50.46 0.73 0.00  1411.0
009070        KCTC   7220.0 16.63 0.62 1.13   239.0
058650       세아홀딩스  73900.0  9.65 0.15 3.02  7707.0
009290        광동제약   8820.0 16.07 1.16 0.86   582.0
298020       효성티앤씨 411000.0 18.04 3.44 0.51 21569.0
009410        태영건설  24110.0  9.35 0.85 1.21  1326.0
138490      코오롱ENP   5980.0 36.36 1.00 1.35   143.0
2024-12-04 15:23:03,243 - INFO - 2021-03-31 00:00:00: Selected 20 stocks.
2024-12-04 15:23:03,244 - INFO - 2021-03-31 00:00:00: Portfolio Value = 51,437,250.19
2024-12-04 15:23:03,247 - INFO - Selected Stocks:
Ticker      Name    Close   PER  PBR  DIV     EPS
016090        대현   2250.0  5.61 0.47 4.74   376.0
003830      대한화섬 133500.0  5.89 0.29 0.35 20048.0
015890      태경산업   7950.0  5.50 0.70 6.57  1023.0
003780      진양산업   7900.0  7.59 1.26 5.02   525.0
003920      남양유업  30123.0  8.57 0.29 0.34 34527.0
003850        보령  17093.0 30.39 3.64 0.47   701.0
015590 KIB플러그에너지    643.0 34.12 1.29 0.00    17.0
272210     한화시스템  19760.0 28.82 2.32 1.52   706.0
015860     일진홀딩스   5030.0 18.36 0.87 1.99   274.0
108670    LX하우시스  85000.0 62.05 0.78 0.35  1154.0
016590     신대양제지   8140.0  4.68 0.62 0.96 13849.0
016610    DB금융투자   6050.0  4.89 0.35 4.36  1172.0
268280     미원에스씨 169000.0 15.15 2.42 1.48  7559.0
111110      호전실업  10150.0 30.64 0.74 2.36   346.0
000500      가온전선  24803.0 14.92 0.34 2.89  1391.0
271560       오리온 131000.0 23.93 3.18 0.46  5454.0
119650     KC코트렐   7114.0 56.31 1.45 0.36   149.0
015360    예스코홀딩스  33700.0  7.30 0.37 5.20  4611.0
272550     삼양패키징  25000.0 11.01 1.09 3.41  1998.0
000590     CS홀딩스  64300.0  6.94 0.30 0.85  8435.0
2024-12-04 15:23:03,250 - INFO - 2021-04-30 00:00:00: Selected 20 stocks.
2024-12-04 15:23:03,251 - INFO - 2021-04-30 00:00:00: Portfolio Value = 59,906,177.33
2024-12-04 15:23:03,254 - INFO - Selected Stocks:
Ticker    Name    Close   PER  PBR  DIV    EPS
008730    율촌화학  24850.0 27.59 1.47 2.47  734.0
008970    동양철관   1750.0 84.33 1.89 0.00   15.0
008870      금비  73700.0  8.40 0.66 2.50 8088.0
009070    KCTC   8600.0 27.20 1.01 0.69  239.0
008770    호텔신라  86500.0 19.16 3.74 0.41 4483.0
009160  SIMPAC   4690.0 20.61 0.48 1.85  157.0
008490      서흥  53600.0 17.91 2.00 0.78 2853.0
008420    문배철강   5780.0 32.48 0.72 1.27  121.0
009150    삼성전기 179000.0 28.21 2.82 0.57 6806.0
008350   남선알미늄   3890.0 29.50 2.38 0.00  131.0
008260    NI스틸   5800.0 15.65 0.90 1.43  224.0
009180 한솔로지스틱스   3480.0 15.37 1.93 1.21  215.0
058730     다스코   5200.0 40.56 0.63 0.00  125.0
058650   세아홀딩스  99900.0 11.09 0.17 2.63 7707.0
058850    KTcs   2885.0 16.71 0.80 2.69  178.0
060980   HL홀딩스  40700.0 10.35 0.48 4.93 3921.0
058860    KTis   2860.0 10.92 0.61 3.03  272.0
008110    대동전자   9200.0 11.62 0.45 8.40  512.0
058430 포스코스틸리온  61800.0 63.57 0.78 1.41  446.0
009190    대양금속   4425.0 17.28 2.08 0.00  230.0
2024-12-04 15:23:03,257 - INFO - 2021-05-31 00:00:00: Selected 20 stocks.
2024-12-04 15:23:03,263 - INFO - 2021-05-31 00:00:00: Portfolio Value = 65,178,411.17
2024-12-04 15:23:03,266 - INFO - Selected Stocks:
Ticker    Name    Close   PER  PBR  DIV     EPS
058860    KTis   3310.0 12.87 0.60 2.79   223.0
105840      우진   5880.0  2.93 0.68 1.98  1719.0
111770    영원무역  47300.0 12.21 0.99 1.22  3366.0
108320   LX세미콘 107500.0 21.84 2.98 1.39  4459.0
105630    한세실업  26300.0 19.65 2.14 2.22  1145.0
117580   대성에너지   6270.0 10.97 0.49 4.43   514.0
112610   씨에스윈드  75900.0 80.07 6.34 1.39   898.0
105560    KB금융  58800.0  6.10 0.53 3.30  8809.0
060980   HL홀딩스  44500.0  9.72 0.49 4.79  4297.0
107590   미원홀딩스 123500.0 16.01 1.73 0.41  7557.0
103590    일진전기   4325.0 30.69 0.48 1.50   130.0
102460    이연제약  35100.0 91.15 1.60 0.97   226.0
115390     락앤락  14319.0 66.89 1.17 0.00   219.0
058430 포스코스틸리온  66500.0 54.17 1.54 0.87  1056.0
057050   현대홈쇼핑  93800.0  7.95 0.52 2.82  9814.0
058850    KTcs   3265.0 11.32 0.76 2.75   257.0
103140      풍산  40200.0 14.78 0.74 1.58  2567.0
064350    현대로템  21200.0 61.96 1.62 0.00   326.0
017940      E1  55200.0  4.43 0.27 4.76 10427.0
063160  종근당바이오  58700.0 57.63 2.15 0.30  1147.0
2024-12-04 15:23:03,269 - INFO - 2021-06-30 00:00:00: Selected 20 stocks.
2024-12-04 15:23:03,270 - INFO - 2021-06-30 00:00:00: Portfolio Value = 70,141,429.44
2024-12-04 15:23:03,273 - INFO - Selected Stocks:
Ticker     Name    Close   PER  PBR  DIV     EPS
138490   코오롱ENP   8090.0 79.49 1.20 0.00    79.0
134380     미원화학  80500.0 11.17 1.48 3.29  6806.0
130660     한전산업  12600.0 13.63 2.24 3.64   419.0
134790      시디즈  72900.0  7.43 3.15 0.39 10331.0
145720      덴티움  64900.0 22.65 2.86 0.34  2614.0
138930  BNK금융지주   7730.0  5.33 0.30 4.01  1498.0
145990      삼양사  63200.0 11.26 0.59 1.93  5738.0
138040  메리츠금융지주  21200.0  5.34 0.77 4.69  3596.0
155660      DSR   7220.0 12.46 0.69 0.72   558.0
139130  DGB금융지주   9300.0  4.92 0.32 4.15  1908.0
136490       선진  17700.0  5.01 1.13 0.57  3516.0
139480      이마트 160000.0 13.01 0.49 1.24 12378.0
006980       우성  36850.0 16.43 0.64 0.41  2240.0
005720       넥센   5520.0 26.34 0.28 1.66   194.0
006890    태경케미컬  17450.0 21.07 1.34 1.39   681.0
023810       인팩  18350.0 35.76 1.25 1.24   337.0
005680     삼영전자  14050.0 22.68 0.53 1.93   571.0
009810    플레이그램    935.0  7.58 0.83 0.00    86.0
025540     한국단자 101000.0 16.06 1.22 0.78  5585.0
005740 크라운해태홀딩스  11450.0  7.96 0.67 0.82  1527.0
2024-12-04 15:23:03,276 - INFO - 2021-07-31 00:00:00: Selected 20 stocks.
2024-12-04 15:23:03,277 - INFO - 2021-07-31 00:00:00: Portfolio Value = 83,126,627.30
2024-12-04 15:23:03,280 - INFO - Selected Stocks:
Ticker      Name    Close   PER  PBR  DIV    EPS
015760      한국전력  24900.0  7.93 0.23 4.94 3102.0
015590 KIB플러그에너지    591.0 87.57 1.30 0.00    7.0
015230      대창단조   4285.0  9.21 0.71 1.95 1004.0
015890      태경산업   6720.0 35.54 0.83 3.63  186.0
014830       유니드 136390.0  8.79 0.87 1.82 8773.0
016090        대현   2810.0 15.66 0.70 1.25  204.0
009160    SIMPAC   7010.0  8.99 0.74 1.14  586.0
009240        한샘 120000.0 27.75 4.05 1.24 3766.0
001720      신영증권  64300.0 28.06 0.94 3.83 2324.0
001740    SK네트웍스   6200.0 39.15 0.72 2.00  153.0
015860     일진홀딩스   5950.0 26.68 1.00 1.70  220.0
001750      한양증권  15800.0  4.58 0.62 4.57 3583.0
001560      제일연마   8220.0 19.89 1.01 2.54  435.0
001550        조비  32850.0 44.04 2.59 0.00  579.0
009450     경동나비엔  73600.0 21.53 2.74 0.50 3261.0
009420   한올바이오파마  22200.0 56.61 6.30 0.00  386.0
001680        대상  27150.0  7.90 0.91 2.55 3473.0
009290      광동제약   8840.0  8.14 1.00 1.10 1119.0
008700      아남전자   3150.0 41.69 3.86 0.00   71.0
009310    참엔지니어링   1610.0 18.22 1.13 0.00   90.0
2024-12-04 15:23:03,284 - INFO - 2021-08-31 00:00:00: Selected 20 stocks.
2024-12-04 15:23:03,285 - INFO - 2021-08-31 00:00:00: Portfolio Value = 86,527,840.30
2024-12-04 15:23:03,288 - INFO - Selected Stocks:
Ticker    Name     Close   PER  PBR  DIV      EPS
003220    대원제약   20255.0 18.58 1.57 1.01    853.0
003460    유화증권    2680.0 34.82 0.45 3.81     83.0
003300   한일홀딩스   13066.0  8.08 0.29 3.76   1677.0
003240    태광산업 1105000.0  8.80 0.37 0.14 125727.0
003230    삼양식품   83300.0 10.22 2.01 0.88   8922.0
006280     녹십자  385000.0 41.61 3.09 0.51   7101.0
006360    GS건설   44750.0 11.20 0.86 2.73   3919.0
006400   삼성SDI  793000.0 86.93 4.05 0.13   8593.0
003200    일신방직   11000.0 22.70 0.34 1.49   4428.0
002720    국제약품    7467.0 58.42 1.92 0.00    120.0
006340    대원전선    2165.0 78.91 2.18 0.00     32.0
002900     TYM    7322.0 70.86 2.20 0.00     29.0
006390 한일현대시멘트   35300.0  9.62 2.36 3.06   3732.0
006650    대한유화  231500.0 12.47 0.88 1.17  20603.0
002810    삼영무역   15900.0 10.13 0.79 3.09   1600.0
016360    삼성증권   49450.0  7.76 0.74 4.98   5686.0
002840    미원상사  204000.0 19.96 3.84 0.34  10369.0
003090      대웅   36300.0 15.98 3.18 0.27   2343.0
002960   한국쉘석유  269500.0 16.95 3.63 5.11  16162.0
003610      방림    2495.0 18.36 0.52 1.49    128.0
2024-12-04 15:23:03,291 - INFO - 2021-09-30 00:00:00: Selected 20 stocks.
2024-12-04 15:23:03,292 - INFO - 2021-09-30 00:00:00: Portfolio Value = 89,449,281.52
2024-12-04 15:23:03,295 - INFO - Selected Stocks:
Ticker        Name    Close   PER  PBR  DIV     EPS
139130     DGB금융지주   9930.0  4.85 0.31 4.22  1908.0
139480         이마트 164500.0 14.54 0.55 1.11 12378.0
138930     BNK금융지주   8840.0  5.26 0.29 4.06  1498.0
138490      코오롱ENP  19650.0 95.82 1.45 0.00    79.0
161000       애경케미칼  14500.0  9.06 1.04 2.75  1407.0
161390 한국타이어앤테크놀로지  43250.0 15.63 0.80 1.37  3032.0
161890        한국콜마  44500.0  6.97 1.79 0.71  7005.0
155660         DSR  10850.0 12.51 0.69 0.72   558.0
163560      동일고무벨트   8390.0 16.49 0.60 1.16   524.0
139990        아주스틸  19050.0 25.87 5.02 0.00  1092.0
145720         덴티움  76500.0 33.47 4.22 0.23  2614.0
145990         삼양사  71000.0 11.35 0.60 1.92  5738.0
134790         시디즈  70000.0  7.11 3.01 0.41 10331.0
134380        미원화학  79300.0 11.74 1.56 3.13  6806.0
130660        한전산업  15450.0 32.34 5.31 1.54   419.0
023810          인팩  17900.0 38.43 1.34 1.16   337.0
009810       플레이그램   1770.0  8.31 0.91 0.00    86.0
010780      아이에스동서  46450.0 12.60 1.35 1.95  4070.0
010640        진양폴리   3735.0 22.98 1.37 3.38   161.0
010820         퍼스텍   2320.0 15.99 2.60 0.00   151.0
2024-12-04 15:23:03,298 - INFO - 2021-10-31 00:00:00: Selected 20 stocks.
2024-12-04 15:23:03,299 - INFO - 2021-10-31 00:00:00: Portfolio Value = 92,405,779.31
2024-12-04 15:23:03,303 - INFO - Selected Stocks:
Ticker    Name    Close   PER  PBR  DIV     EPS
003830    대한화섬 136500.0 10.02 0.32 0.28 14424.0
027970    한국제지   1860.0  5.59 1.18 0.00   322.0
003780    진양산업   6770.0 14.20 1.68 3.21   395.0
057050   현대홈쇼핑  70100.0  7.17 0.47 3.13  9814.0
053210  스카이라이프  10100.0  8.04 0.63 3.62  1203.0
052690    한전기술  70900.0 91.32 3.71 0.58   530.0
004980    성신양회  11100.0 25.84 0.67 1.40   416.0
055550    신한지주  38250.0  5.97 0.48 3.78  6654.0
058850    KTcs   2670.0 10.10 0.68 3.08   257.0
008250    이건산업  14200.0 84.49 0.85 1.50   158.0
027410     BGF   5540.0 19.93 0.36 1.94   285.0
005010     휴스틸   2731.0 14.95 0.31 1.18  1134.0
026960      동서  34600.0 24.24 2.07 2.43  1186.0
004970    신라교역  12850.0 27.14 0.40 3.85   479.0
008260    NI스틸   4045.0  9.43 0.94 1.25   424.0
053690   한미글로벌  10650.0 10.73 0.96 2.87   974.0
058430 포스코스틸리온  57100.0 57.29 1.63 0.83  1056.0
003850      보령  14350.0 33.63 2.85 0.65   455.0
055490    테이팩스  72400.0 25.42 3.07 0.67  2931.0
004910   조광페인트   8390.0 18.23 0.50 2.52   436.0
2024-12-04 15:23:03,306 - INFO - 2021-11-30 00:00:00: Selected 20 stocks.
2024-12-04 15:23:03,307 - INFO - 2021-11-30 00:00:00: Portfolio Value = 98,967,572.29
2024-12-04 15:23:03,310 - INFO - Selected Stocks:
Ticker      Name    Close   PER  PBR  DIV     EPS
039570     HDC랩스  11450.0 11.66 1.18 3.39  1012.0
039490      키움증권  97500.0  3.46 0.94 2.86 30319.0
100250     진양홀딩스   3500.0  6.87 0.56 5.21   475.0
042660      한화오션  20522.0 44.34 0.72 0.00   583.0
011420   갤럭시아에스엠   2500.0 87.08 4.17 0.00    36.0
011280      태림포장   4215.0 97.33 0.96 0.00    43.0
011330       유니켐   1190.0  8.55 0.97 3.61   162.0
036570     엔씨소프트 681000.0 22.73 4.53 1.32 28504.0
035420     NAVER 381000.0 59.40 9.11 0.10  6877.0
037710     광주신세계  34300.0  7.10 0.44 1.82 27120.0
100840    SNT에너지   6387.0 15.42 0.69 3.67  1414.0
036530    SNT홀딩스  16750.0  7.05 0.34 3.64  2533.0
381970       케이카  31850.0 40.86 5.76 0.00   602.0
101530    해태제과식품   7600.0  8.07 0.92 2.40  1035.0
042670 HD현대인프라코어   7410.0 15.59 1.00 0.00   648.0
011210      현대위아  71600.0 34.77 0.70 0.88  2295.0
024110      기업은행  10300.0  5.67 0.35 4.21  1977.0
011070     LG이노텍 304500.0 21.40 2.08 0.33  9978.0
035000      HS애드   6450.0 11.45 0.73 4.69   558.0
011170     롯데케미칼 191930.0 49.32 0.61 1.58  4623.0
2024-12-04 15:23:03,313 - INFO - 2021-12-31 00:00:00: Selected 20 stocks.
2024-12-04 15:23:03,314 - INFO - 2021-12-31 00:00:00: Portfolio Value = 111,952,237.15
2024-12-04 15:23:03,317 - INFO - Selected Stocks:
Ticker    Name    Close    PER  PBR  DIV    EPS
011420 갤럭시아에스엠   3055.0  73.47 3.52 0.00   36.0
004980    성신양회  16550.0  26.80 0.69 1.35  416.0
005090  SGC에너지  47300.0  23.66 1.10 3.54 1792.0
005010     휴스틸   2649.0  12.08 0.25 1.46 1134.0
004690     삼천리  90800.0   9.17 0.27 3.54 9248.0
004560 현대비앤지스틸  16450.0   9.43 0.52 0.68 1553.0
011390    부산산업 103500.0  41.49 1.76 0.26 2333.0
011150   CJ씨푸드   3800.0  58.10 1.85 0.00   58.0
005070  코스모신소재  45588.0 109.98 7.30 0.00  401.0
011330     유니켐   1290.0   7.50 0.85 4.12  162.0
011170   롯데케미칼 206694.0  48.02 0.59 1.62 4623.0
011210    현대위아  79900.0  32.11 0.64 0.95 2295.0
011280    태림포장   4375.0  98.26 0.97 0.00   43.0
005250  녹십자홀딩스  27150.0   6.67 1.36 1.98 3793.0
128820    대성산업   4560.0   2.83 0.36 0.00 1414.0
004700    조광피혁  54600.0   9.65 1.13 0.56 5532.0
004540   깨끗한나라   4095.0   3.94 0.70 2.48 1023.0
004450    삼화왕관  43500.0  50.06 0.61 3.05  819.0
011070   LG이노텍 364000.0  31.47 3.06 0.22 9978.0
123700     SJM   4900.0  24.01 0.39 1.21  172.0
2024-12-04 15:23:03,321 - INFO - 2022-01-31 00:00:00: Selected 20 stocks.
2024-12-04 15:23:03,321 - INFO - 2022-01-31 00:00:00: Portfolio Value = 114,360,340.78
2024-12-04 15:23:03,325 - INFO - Selected Stocks:
Ticker    Name    Close    PER  PBR  DIV     EPS
011070   LG이노텍 353500.0  37.13 3.61 0.19  9978.0
010820     퍼스텍   4200.0  18.58 3.02 0.00   151.0
010960    삼호개발   4570.0   6.43 0.61 3.68   802.0
011150   CJ씨푸드   3525.0  66.64 2.12 0.00    58.0
011170   롯데케미칼 185739.0  46.94 0.58 1.66  4623.0
011210    현대위아  67100.0  35.08 0.70 0.87  2295.0
011280    태림포장   3820.0 101.40 1.00 0.00    43.0
011330     유니켐   1230.0   7.90 0.90 3.91   162.0
004090    한국석유  15050.0  20.70 0.99 0.73   546.0
004140      동방   3175.0  11.23 1.47 0.00   363.0
002380     KCC 381000.0   4.24 0.56 1.84 72945.0
011390    부산산업  81100.0  43.51 1.85 0.25  2333.0
002390      한독  20350.0  11.67 0.82 1.31  1958.0
010780  아이에스동서  47500.0  11.14 1.19 2.21  4070.0
002170    삼양통상  56300.0   3.31 0.46 2.16 17515.0
002320      한진  27600.0  52.26 0.41 2.00   575.0
007340 DN오토모티브  15642.0  13.92 1.18 2.70  5317.0
002240    고려제강  18032.0  53.83 0.33 1.52   366.0
011420 갤럭시아에스엠   2200.0  84.17 4.03 0.00    36.0
002460    HS화성  14500.0   4.67 0.40 5.08  2742.0
2024-12-04 15:23:03,328 - INFO - 2022-02-28 00:00:00: Selected 20 stocks.
2024-12-04 15:23:03,329 - INFO - 2022-02-28 00:00:00: Portfolio Value = 119,844,570.40
2024-12-04 15:23:03,332 - INFO - Selected Stocks:
Ticker    Name     Close   PER  PBR  DIV      EPS
130660    한전산업   12450.0 26.25 4.31 1.89    419.0
134790     시디즈   58400.0  5.58 2.36 0.52  10331.0
129260    인터지스    3355.0 17.56 0.51 0.00    180.0
134380    미원화학   71800.0 11.30 1.50 3.25   6806.0
084690   대상홀딩스    9200.0  3.68 0.49 2.53   2360.0
084010    대한제강   23700.0  9.39 1.04 1.43   2232.0
123700     SJM    4270.0 25.12 0.41 1.16    172.0
117580   대성에너지   16900.0 17.61 0.79 2.76    514.0
128820    대성산업    4705.0  3.07 0.39 0.00   1414.0
120030    조선선재  115000.0 11.96 1.13 1.43   8778.0
118000    메타케어    1325.0  6.15 1.16 0.00    239.0
122900 아이마켓코리아    9950.0 14.66 0.96 6.09    672.0
120110   코오롱인더   58600.0  8.91 0.83 1.64   6834.0
003220    대원제약   18210.0 17.76 1.50 1.06    853.0
089860    롯데렌탈   38000.0 20.81 1.36 0.92   1562.0
077970   STX엔진   14350.0 13.98 1.03 0.00    713.0
003240    태광산업 1015000.0  8.49 0.36 0.15 125727.0
003230    삼양식품   87700.0 10.09 1.98 0.89   8922.0
078000    텔코웨어   10200.0 30.42 0.89 4.75    332.0
086790  하나금융지주   48700.0  5.06 0.44 4.12   8858.0
2024-12-04 15:23:03,335 - INFO - 2022-03-31 00:00:00: Selected 20 stocks.
2024-12-04 15:23:03,336 - INFO - 2022-03-31 00:00:00: Portfolio Value = 127,045,537.33
2024-12-04 15:23:03,339 - INFO - Selected Stocks:
Ticker      Name    Close   PER  PBR  DIV     EPS
009180   한솔로지스틱스   4355.0 10.97 1.74 1.44   316.0
009240        한샘  85200.0 19.38 2.83 1.78  3766.0
011760   현대코퍼레이션  16400.0  4.22 0.71 3.57  3980.0
012320    경동인베스트  35950.0  4.97 0.19 1.45  6956.0
012030        DB   1120.0 26.15 0.55 0.00    33.0
009160    SIMPAC   8210.0 13.31 1.10 0.77   586.0
014820    동원시스템즈  58900.0 27.16 2.91 1.10  2003.0
014790    HL D&I   5860.0  4.41 0.73 1.83  1239.0
011700      한신기계   8240.0 40.32 1.76 0.78   111.0
014710     사조씨푸드   6340.0 14.13 0.53 0.00   455.0
012200      계양전기   2157.0 12.19 0.63 0.98   294.0
011780      금호석유 155000.0  7.59 1.69 2.65 20881.0
012330     현대모비스 215000.0 13.67 0.64 1.79 16389.0
008420      문배철강   5100.0  9.91 0.75 1.15   440.0
012450 한화에어로스페이스  54000.0 22.80 1.06 1.10  2390.0
009140      경인전자  32200.0 30.59 0.92 0.79  1033.0
009070      KCTC   6270.0 12.75 0.81 0.91   433.0
008490        서흥  40350.0  8.10 1.32 1.17  4766.0
008700      아남전자   2300.0 30.56 2.83 0.00    71.0
014680     한솔케미칼 245500.0 20.15 4.55 0.81 11067.0
2024-12-04 15:23:03,342 - INFO - 2022-04-30 00:00:00: Selected 20 stocks.
2024-12-04 15:23:03,343 - INFO - 2022-04-30 00:00:00: Portfolio Value = 141,551,816.54
2024-12-04 15:23:03,347 - INFO - Selected Stocks:
Ticker      Name    Close   PER  PBR  DIV     EPS
002240      고려제강  25806.0 60.11 0.37 1.36   366.0
002310     아세아제지   8910.0  7.17 0.61 1.61  6057.0
016580      환인제약  18150.0 11.75 1.13 1.67  1532.0
016380      KG스틸  24650.0 16.54 1.14 0.90   668.0
016590     신대양제지   9360.0  9.09 0.86 0.64 10710.0
002150   도화엔지니어링   8740.0 14.65 1.03 3.57   535.0
016450 한세예스24홀딩스   6840.0  4.86 0.73 3.71  1385.0
007590     동방아그로   7980.0 13.34 0.73 4.87   569.0
007540        샘표  71000.0  2.95 0.75 0.43 15906.0
002200    한국수출포장   2640.0 12.25 0.41 2.34  2090.0
002170      삼양통상  57600.0  3.41 0.48 2.09 17515.0
002320        한진  32950.0 53.65 0.42 1.94   575.0
002140      고려산업   7220.0 13.02 0.88 0.97   278.0
002390        한독  22000.0 10.98 0.78 1.40  1958.0
002380       KCC 342500.0  4.63 0.62 1.69 72945.0
007570      일양약품  24850.0 44.89 2.53 0.45   597.0
016610    DB금융투자   6500.0  2.87 0.35 4.49  2327.0
002460      HS화성  22350.0  7.75 0.67 3.06  2742.0
002410      범양건영   6440.0 14.66 1.98 0.00   442.0
002450      삼익악기   1735.0 14.79 0.72 2.82   120.0
2024-12-04 15:23:03,350 - INFO - 2022-05-31 00:00:00: Selected 20 stocks.
2024-12-04 15:23:03,351 - INFO - 2022-05-31 00:00:00: Portfolio Value = 146,103,416.14
2024-12-04 15:23:03,355 - INFO - Selected Stocks:
Ticker        Name    Close   PER  PBR  DIV     EPS
017900         광전자   2745.0 12.21 0.64 1.87   219.0
017960        한국카본  13000.0 38.92 1.44 1.15   334.0
017800      현대엘리베이  34450.0 12.81 1.29 2.25  2771.0
003030      세아제강지주 162500.0  3.58 0.52 1.12 43550.0
003090          대웅  28900.0 15.68 1.69 0.34  1897.0
017810         풀무원  15300.0 51.54 1.46 0.61   325.0
018470       조일알미늄   2310.0 15.22 1.80 0.00   161.0
018260     삼성에스디에스 148500.0 18.86 1.59 1.61  7901.0
003160         디아이   7800.0 15.25 1.63 2.21   592.0
005940      NH투자증권  10800.0  3.52 0.50 9.72  3071.0
003200        일신방직  11650.0  4.47 0.36 2.42 27763.0
018250        애경산업  17900.0 32.83 1.49 1.02   600.0
003080        성보화학   4415.0 65.94 0.66 2.64    69.0
003220        대원제약  17200.0 54.70 1.74 1.11   330.0
005880        대한해운   3060.0  3.06 0.66 0.00   891.0
018670        SK가스 130500.0  4.57 0.54 4.02 27773.0
005950        이수화학   7575.0  4.44 1.52 3.14  3584.0
003060 에이프로젠바이오로직스   5049.0 40.55 0.64 0.00    20.0
005930        삼성전자  67400.0 11.65 1.54 2.15  5777.0
003070      코오롱글로벌  18838.0  3.84 0.89 2.39  5454.0
2024-12-04 15:23:03,358 - INFO - 2022-06-30 00:00:00: Selected 20 stocks.
2024-12-04 15:23:03,359 - INFO - 2022-06-30 00:00:00: Portfolio Value = 134,936,682.03
2024-12-04 15:23:03,362 - INFO - Selected Stocks:
Ticker      Name    Close   PER  PBR  DIV     EPS
007860        서연   7240.0  7.91 0.40 1.16  1091.0
007810    코리아써키트  19300.0 11.89 1.64 0.00  2053.0
284740     쿠쿠홈시스  28300.0  4.69 1.10 2.04  6784.0
007590     동방아그로   6950.0 13.75 0.66 4.46   570.0
282330    BGF리테일 189000.0 21.47 3.92 1.63  8547.0
285130     SK케미칼  92100.0 14.44 1.18 2.42  8586.0
007540        샘표  66100.0 10.46 0.65 0.36  5356.0
005440  현대지에프홀딩스   5131.0 16.89 0.40 2.50   498.0
007570      일양약품  22200.0 33.67 2.21 0.75   790.0
001500     현대차증권   9760.0  2.82 0.35 7.66  3702.0
001680        대상  20500.0  5.66 0.66 3.53  4001.0
001510      SK증권    738.0  8.76 0.56 1.86    92.0
005010       휴스틸   3996.0  4.61 0.28 3.52  4934.0
016800       퍼시스  31800.0  7.03 0.64 3.18  4917.0
294870 HDC현대산업개발  11150.0  5.08 0.31 4.41  2679.0
281820      케이씨텍  18050.0 10.02 1.09 1.09  2011.0
002140      고려산업   7980.0 39.89 1.69 0.55   183.0
005300      롯데칠성 175000.0 14.62 1.36 1.54 13341.0
293480      하나제약  18100.0 12.24 1.41 2.48  1679.0
005430      한국공항  38500.0 43.41 0.49 0.00  1063.0
2024-12-04 15:23:03,365 - INFO - 2022-07-31 00:00:00: Selected 20 stocks.
2024-12-04 15:23:03,366 - INFO - 2022-07-31 00:00:00: Portfolio Value = 147,846,740.19
2024-12-04 15:23:03,369 - INFO - Selected Stocks:
Ticker       Name    Close   PER   PBR  DIV    EPS
353200       대덕전자  28450.0 21.01  1.94 1.17 1223.0
352820        하이브 175500.0 38.62  2.06 0.00 3625.0
344820     KCC글라스  47850.0  6.42  0.54 5.08 7353.0
339770     교촌에프앤비  12300.0  9.41  1.56 2.67 1195.0
323410      카카오뱅크  30900.0 61.99  2.49 0.00  467.0
317400     자이에스앤디   7920.0  5.71  0.77 3.33 1052.0
009140       경인전자  26650.0  8.62  0.53 1.02 2843.0
326030     SK바이오팜  78000.0 85.02 12.41 0.00  828.0
361610 SK아이이테크놀로지  81800.0 63.27  2.84 0.00 1394.0
372910    한컴라이프케어   5500.0 28.32  1.31 0.00  196.0
363280     티와이홀딩스  18450.0  4.68  0.49 0.00 4004.0
308170    씨티알모빌리티  20300.0 71.69  1.05 0.00  166.0
001790       대한제당   3080.0 14.39  0.60 3.48  220.0
001820      삼화콘덴서  42800.0 14.08  1.98 1.28 2770.0
316140     우리금융지주  11900.0  3.45  0.34 7.50 3481.0
001800     오리온홀딩스  15050.0 10.67  0.44 4.26 1429.0
001770        SHD  31000.0  5.62  0.80 0.37 4768.0
009070       KCTC   4755.0  6.24  0.57 1.41  681.0
001780        알루코   3115.0 68.37  1.16 0.00   43.0
064350       현대로템  26550.0 34.32  1.76 0.00  609.0
2024-12-04 15:23:03,372 - INFO - 2022-08-31 00:00:00: Selected 20 stocks.
2024-12-04 15:23:03,373 - INFO - 2022-08-31 00:00:00: Portfolio Value = 157,679,265.87
2024-12-04 15:23:03,376 - INFO - Selected Stocks:
Ticker     Name    Close   PER  PBR  DIV     EPS
005430     한국공항  40400.0 36.69 0.41 0.00  1063.0
005420    코스모화학  24008.0 50.86 3.69 0.00   348.0
005440 현대지에프홀딩스   5071.0 15.60 0.37 2.70   498.0
005490 POSCO홀딩스 255000.0  2.75 0.36 7.08 87330.0
006260       LS  67100.0  5.94 0.47 2.44 10004.0
005090   SGC에너지  37450.0  8.50 0.87 4.13  4270.0
005070   코스모신소재  63912.0 92.05 8.14 0.00   604.0
005380      현대차 196000.0 10.33 0.68 2.55 18979.0
005010      휴스틸   7664.0  4.28 0.26 3.79   987.0
005250   녹십자홀딩스  18800.0 16.82 0.91 1.95  1222.0
006220     제주은행   5970.0 10.53 0.34 1.85   514.0
005390     신성통상   2905.0 15.25 1.65 0.00   200.0
009070     KCTC   4865.0  7.03 0.64 1.25   681.0
005360      모나미   3735.0  4.45 0.68 2.72   827.0
005300     롯데칠성 154500.0 12.59 1.17 1.79 13341.0
008930   한미사이언스  42508.0 64.03 3.98 0.49   638.0
006120  SK디스커버리  36300.0  3.43 0.29 4.18 10478.0
006110    삼아알미늄  26700.0 17.92 1.78 1.01  1105.0
006360     GS건설  30150.0  6.21 0.55 4.33  4834.0
008870       금비  94400.0 16.78 0.59 2.09  4566.0
2024-12-04 15:23:03,380 - INFO - 2022-09-30 00:00:00: Selected 20 stocks.
2024-12-04 15:23:03,381 - INFO - 2022-09-30 00:00:00: Portfolio Value = 146,787,161.13
2024-12-04 15:23:03,384 - INFO - Selected Stocks:
Ticker      Name   Close   PER  PBR  DIV     EPS
025560      미래산업  1038.0  5.56 0.54 0.00  1843.0
025540      한국단자 62300.0 10.64 0.79 1.08  6100.0
032830      삼성생명 62400.0  7.53 0.29 4.87  8183.0
025530    SJM홀딩스  4260.0  9.49 0.26 5.87   314.0
032640    LG유플러스 10750.0  6.82 0.63 4.91  1642.0
025750     한솔홈데코  1030.0 19.56 0.67 1.50    68.0
294870 HDC현대산업개발 10350.0  4.48 0.27 5.00  2679.0
006260        LS 56700.0  6.44 0.50 2.25 10004.0
006220      제주은행  8880.0 11.75 0.38 1.66   514.0
031440     신세계푸드 50000.0 92.95 0.79 1.29   624.0
032560     황금에스티  7130.0  4.42 0.44 2.58  1756.0
002140      고려산업  5370.0 30.77 1.30 0.71   183.0
286940   롯데이노베이트 23600.0 11.65 0.93 2.62  2291.0
293480      하나제약 14800.0  9.83 1.13 3.09  1679.0
031820     콤텍시스템   634.0 26.79 0.65 0.00    28.0
058850      KTcs  2130.0  5.06 0.52 4.36   454.0
001800    오리온홀딩스 14800.0  9.90 0.41 4.59  1429.0
058860      KTis  2585.0  3.59 0.47 3.63   767.0
010660      화천기계  4940.0 11.53 0.49 0.32   272.0
060980     HL홀딩스 31700.0  3.59 0.37 5.28 10531.0
2024-12-04 15:23:03,387 - INFO - 2022-10-31 00:00:00: Selected 20 stocks.
2024-12-04 15:23:03,388 - INFO - 2022-10-31 00:00:00: Portfolio Value = 194,487,098.21
2024-12-04 15:23:03,391 - INFO - Selected Stocks:
Ticker      Name    Close   PER  PBR  DIV     EPS
012450 한화에어로스페이스  68586.0 12.59 1.10 1.11  4989.0
012330     현대모비스 219000.0  7.72 0.51 2.02 25645.0
012510     더존비즈온  30500.0 19.04 2.07 1.39  1704.0
012610      경인양행   4770.0  8.13 0.86 1.04   589.0
012630       HDC   5460.0  2.87 0.14 4.21  2069.0
012320    경동인베스트  85000.0  4.54 0.15 2.46  6714.0
012800        대창   1280.0  3.70 0.39 2.40   338.0
012690      모나리자   2970.0 33.20 1.44 0.00    89.0
012750       에스원  62400.0 15.31 1.37 4.28  3815.0
013870    지엠비코리아   4855.0  8.87 0.36 1.76   511.0
013000     세우글로벌   1305.0 18.29 0.85 0.00    73.0
013360      일성건설   2285.0 25.10 1.22 1.22    98.0
001630    종근당홀딩스  52500.0 15.88 0.47 2.75  3212.0
001570        금양  27500.0 55.42 6.46 0.00   295.0
001720      신영증권  55300.0  5.15 0.31 7.21 10783.0
001680        대상  20950.0  5.46 0.64 3.66  4001.0
003670    포스코퓨처엠 199500.0 87.56 4.98 0.20  1753.0
001780       알루코   2515.0 56.28 0.95 0.00    43.0
064960    SNT모티브  44150.0  7.54 0.71 3.67  5787.0
004150     한솔홀딩스   3160.0  6.19 0.26 3.77   514.0
2024-12-04 15:23:03,394 - INFO - 2022-11-30 00:00:00: Selected 20 stocks.
2024-12-04 15:23:03,395 - INFO - 2022-11-30 00:00:00: Portfolio Value = 240,518,249.25
2024-12-04 15:23:03,398 - INFO - Selected Stocks:
Ticker    Name    Close    PER   PBR  DIV     EPS
014710   사조씨푸드   4860.0   8.41  0.36 1.25   572.0
014680   한솔케미칼 210000.0  13.91  3.00 1.13 13332.0
014580   태경비케이   7360.0  16.01  0.98 2.03   338.0
326030  SK바이오팜  73600.0  70.65 10.31 0.00   828.0
336370 솔루스첨단소재  19425.0 119.03  4.67 0.29   289.0
014280    금강공업   7660.0   7.05  0.47 1.86   762.0
323410   카카오뱅크  25050.0  37.04  1.49 0.00   467.0
015230    대창단조   9000.0   6.41  0.80 2.05  1029.0
014530    극동유화   3760.0  10.65  0.67 4.43   339.0
014440    영보화학   3705.0  18.64  0.42 2.98   180.0
014820  동원시스템즈  50700.0  30.92  2.05 1.29  1499.0
014910    성문전자   1810.0  10.25  1.01 0.30   160.0
014830     유니드  98500.0   3.68  0.68 2.21 20907.0
015360  예스코홀딩스  33800.0   6.25  0.28 7.11  5064.0
006740    영풍제지   6453.0  27.24  1.31 0.41   362.0
006800  미래에셋증권   6650.0   3.58  0.38 4.65  1803.0
015020    이스타코    994.0  26.58  0.78 0.00    38.0
004700    조광피혁  52600.0  15.57  0.46 0.61  3153.0
004690     삼천리 380500.0  15.99  0.71 1.08 17385.0
272550   삼양패키징  17600.0   7.53  0.71 6.23  2132.0
2024-12-04 15:23:03,402 - INFO - 2022-12-31 00:00:00: Selected 20 stocks.
2024-12-04 15:23:03,403 - INFO - 2022-12-31 00:00:00: Portfolio Value = 274,470,512.85
2024-12-04 15:23:03,406 - INFO - Selected Stocks:
Ticker    Name    Close   PER  PBR  DIV     EPS
009190    대양금속   3200.0  7.13 1.55 0.00   481.0
009270      신원   1545.0 10.15 0.63 2.99   165.0
009150    삼성전기 130500.0 11.51 1.53 1.54 11811.0
009180 한솔로지스틱스   2820.0  3.55 1.06 1.98   855.0
009140    경인전자  24200.0  9.09 0.56 0.97  2843.0
009420 한올바이오파마  17800.0 83.05 4.53 0.00   174.0
009240      한샘  44600.0 14.45 1.30 3.28  3266.0
009160  SIMPAC   4685.0  3.62 0.60 3.41  1621.0
009290    광동제약   5960.0 10.62 0.51 1.61   585.0
009070    KCTC   4550.0  7.37 0.68 1.20   681.0
008930  한미사이언스  32450.0 49.69 3.09 0.63   638.0
008870      금비 109000.0 13.93 0.49 2.52  4566.0
020120 키다리스튜디오   9150.0 82.28 1.46 0.00   114.0
272550   삼양패키징  18650.0  8.26 0.78 5.68  2132.0
271560     오리온 128000.0 17.87 2.08 0.64  6519.0
192820    코스맥스  74100.0  9.12 1.28 0.87  6944.0
138040 메리츠금융지주  42700.0  6.95 1.39 0.51  5932.0
005830  DB손해보험  65300.0  4.30 0.56 5.62 14482.0
020000      한섬  27050.0  5.10 0.47 2.26  5214.0
138490  코오롱ENP   8740.0 18.27 1.80 1.39   572.0
2024-12-04 15:23:03,409 - INFO - 2023-01-31 00:00:00: Selected 20 stocks.
2024-12-04 15:23:03,410 - INFO - 2023-01-31 00:00:00: Portfolio Value = 315,822,624.57
2024-12-04 15:23:03,413 - INFO - Selected Stocks:
Ticker    Name    Close   PER  PBR  DIV     EPS
058860    KTis   3440.0  3.08 0.40 4.23   767.0
067830 세이브존I&C   2635.0 12.64 0.21 1.20   197.0
060980   HL홀딩스  30700.0  2.81 0.29 6.76 10531.0
066570    LG전자 100100.0 15.09 0.90 0.98  5725.0
064960  SNT모티브  45650.0  7.12 0.67 3.88  5787.0
004770    써니전자   3465.0 19.84 1.31 0.00   129.0
064350    현대로템  27600.0 45.73 2.35 0.00   609.0
068290   삼성출판사  26100.0 75.79 1.26 0.84   316.0
068270    셀트리온 161600.0 40.18 5.87 0.47  3982.0
069730   DSR제강   5510.0  8.81 0.44 0.86   529.0
012030      DB    917.0  6.97 0.35 0.00   114.0
004690     삼천리 489000.0 23.18 1.03 0.74 17385.0
004700    조광피혁  48650.0 15.67 0.47 0.61  3153.0
011420 갤럭시아에스엠   3360.0 12.39 1.38 0.00   134.0
012160      영흥    758.0  8.45 0.29 0.00    83.0
058850    KTcs   4335.0  4.75 0.49 4.64   454.0
004720  팜젠사이언스   6810.0  3.05 0.80 0.00  2206.0
011790     SKC  95200.0 14.27 1.58 1.25  6174.0
069260  TKG휴켐스  19630.0  9.69 1.05 5.24  1972.0
011700    한신기계   7070.0 45.11 2.15 0.75   133.0
2024-12-04 15:23:03,416 - INFO - 2023-02-28 00:00:00: Selected 20 stocks.
2024-12-04 15:23:03,417 - INFO - 2023-02-28 00:00:00: Portfolio Value = 353,533,031.66
2024-12-04 15:23:03,420 - INFO - Selected Stocks:
Ticker     Name    Close   PER   PBR  DIV     EPS
001570       금양  38500.0 88.47 10.32 0.00   295.0
001630   종근당홀딩스  54000.0 17.28  0.51 2.52  3212.0
005490 POSCO홀딩스 318000.0  3.48  0.46 5.60 87330.0
001560     제일연마   9020.0 10.20  0.66 3.26   813.0
001720     신영증권  60100.0  5.44  0.33 6.81 10783.0
005440 현대지에프홀딩스   4775.0 14.66  0.35 2.88   498.0
001530     DI동일  20653.0  7.40  0.56 1.23  2200.0
001550       조비  16580.0 47.59  1.66 0.00   357.0
005430     한국공항  44200.0 40.17  0.45 0.00  1063.0
005420    코스모화학  41080.0 67.10  4.86 0.00   348.0
001740   SK네트웍스   4115.0  9.01  0.40 2.95   451.0
001680       대상  19950.0  5.30  0.62 3.77  4001.0
005500     삼진제약  22550.0 10.29  1.25 3.37  2308.0
001470     삼부토건   1363.0 21.41  0.76 0.00    59.0
001520       동양   1091.0 13.67  0.28 3.61    81.0
001510     SK증권    768.0  9.91  0.63 1.64    92.0
006220     제주은행  20800.0 31.61  1.01 0.62   514.0
012630      HDC   6110.0  2.94  0.14 4.11  2069.0
006260       LS  67400.0  6.77  0.53 2.14 10004.0
001460      BYC  49850.0 10.35  0.64 0.41 35764.0
2024-12-04 15:23:03,423 - INFO - 2023-03-31 00:00:00: Selected 20 stocks.
2024-12-04 15:23:03,424 - INFO - 2023-03-31 00:00:00: Portfolio Value = 400,472,673.92
2024-12-04 15:23:03,427 - INFO - Selected Stocks:
Ticker      Name    Close   PER  PBR  DIV     EPS
006260        LS  79600.0  7.04 0.55 2.06 10004.0
006280       녹십자 122100.0 10.99 1.06 1.68 10796.0
006360      GS건설  20650.0  4.73 0.42 5.69  4834.0
006340      대원전선   1079.0 61.89 0.94 0.00    18.0
006220      제주은행  22900.0 43.77 1.40 0.44   514.0
006120   SK디스커버리  31600.0  3.05 0.26 4.69 10478.0
012630       HDC   6760.0  2.97 0.14 4.07  2069.0
006110     삼아알미늄  72100.0 35.29 3.52 0.51  1105.0
025820      이구산업   3385.0  4.98 0.85 1.59   630.0
012510     더존비즈온  35050.0 22.89 2.48 1.15  1704.0
012610      경인양행   4755.0  7.54 0.80 1.13   589.0
006390   한일현대시멘트  17770.0  7.75 0.98 6.70  2310.0
012450 한화에어로스페이스 102620.0 18.22 1.59 0.77  4989.0
012320    경동인베스트 107100.0 12.35 0.42 0.90  6714.0
006380       카프로   3600.0 43.78 0.68 0.00    49.0
012330     현대모비스 216000.0  8.46 0.56 1.84 25645.0
025860      남해화학   9050.0 20.27 0.94 0.66   452.0
100840    SNT에너지   7175.0  9.93 0.52 4.12  1957.0
025560      미래산업   2697.0  8.84 0.85 0.00  1843.0
100250     진양홀딩스   3075.0 17.70 0.55 5.25   183.0
2024-12-04 15:23:03,430 - INFO - 2023-04-30 00:00:00: Selected 20 stocks.
2024-12-04 15:23:03,431 - INFO - 2023-04-30 00:00:00: Portfolio Value = 431,246,487.23
2024-12-04 15:23:03,435 - INFO - Selected Stocks:
Ticker     Name    Close   PER  PBR  DIV     EPS
026890 스틱인베스트먼트   6330.0  3.59 0.90 2.72  1537.0
026940     부국철강   3305.0  7.93 0.58 2.15   440.0
027410      BGF   4125.0  6.61 0.28 2.43   684.0
026960       동서  19210.0 16.77 1.33 3.63  1149.0
025820     이구산업   5520.0  6.98 1.20 1.14   630.0
025860     남해화학   8620.0 20.18 0.94 0.66   452.0
027970     한국제지   1236.0  6.57 0.69 0.00   178.0
006880    신송홀딩스   7910.0 10.55 0.81 1.70   668.0
001340     백광산업   7934.0 15.40 1.21 0.96   337.0
028260     삼성물산 109600.0 10.91 0.59 3.88  9913.0
028050    삼성E&A  29100.0 16.37 3.04 0.00  1900.0
028100     동아지질  12270.0 30.63 0.70 2.77   412.0
402340    SK스퀘어  42450.0 14.70 0.33 0.00  2653.0
007590    동방아그로   6300.0 11.28 0.54 5.44   570.0
010820      퍼스텍   4090.0 44.44 3.97 0.00    81.0
006890    태경케미컬  14130.0 15.03 1.17 1.52   963.0
001460      BYC  46850.0 12.30 0.76 0.34 35764.0
170900    동아에스티  53660.0 36.71 0.72 1.83  1490.0
108670   LX하우시스  41000.0 25.65 0.39 0.90  1306.0
161000    애경케미칼  15150.0  3.80 0.61 6.29  2302.0
2024-12-04 15:23:03,438 - INFO - 2023-05-31 00:00:00: Selected 20 stocks.
2024-12-04 15:23:03,439 - INFO - 2023-05-31 00:00:00: Portfolio Value = 451,881,744.50
2024-12-04 15:23:03,442 - INFO - Selected Stocks:
Ticker      Name   Close   PER  PBR  DIV    EPS
008350     남선알미늄  2840.0 10.59 1.06 0.00  238.0
011280      태림포장  2850.0 10.53 0.54 1.88  253.0
008490        서흥 27950.0  9.49 0.77 1.38 3056.0
011330       유니켐  1441.0 48.55 0.95 1.25   33.0
008110      대동전자  8890.0  8.02 0.40 3.07 1015.0
015860     일진홀딩스  4565.0 11.50 0.49 3.26  400.0
025530    SJM홀딩스  5410.0 26.42 0.30 4.47  127.0
015590 KIB플러그에너지   930.0 12.94 1.33 0.00   49.0
016450 한세예스24홀딩스  4755.0  8.41 0.43 5.48  543.0
016360      삼성증권 36750.0  7.24 0.49 4.96 4730.0
025540      한국단자 60700.0 12.98 0.73 1.14 4723.0
008250      이건산업  7470.0 14.95 0.40 1.34  501.0
016580      환인제약 16070.0 10.38 0.74 1.85 1567.0
008260      NI스틸  6240.0  3.99 1.03 1.47 1706.0
011210      현대위아 61400.0 23.43 0.46 1.21 2463.0
008060        대덕  6650.0 11.68 0.37 6.24  549.0
049770     동원F&B 31450.0  6.54 0.67 2.28 4711.0
016800       퍼시스 29100.0 44.81 0.55 3.80  646.0
007860        서연  9020.0  2.76 0.34 1.19 3034.0
016090        대현  2235.0  3.87 0.41 4.95  574.0
2024-12-04 15:23:03,445 - INFO - 2023-06-30 00:00:00: Selected 20 stocks.
2024-12-04 15:23:03,446 - INFO - 2023-06-30 00:00:00: Portfolio Value = 482,513,515.40
2024-12-04 15:23:03,449 - INFO - Selected Stocks:
Ticker     Name    Close   PER  PBR  DIV     EPS
000700    유수홀딩스   6140.0  5.56 0.49 5.91  1218.0
000720     현대건설  38100.0 10.41 0.55 1.59  3637.0
000860   강남제비스코  23250.0 25.00 0.26 2.10   952.0
000810     삼성화재 230000.0  7.46 0.87 6.15 30113.0
000970    한국주철관   7590.0 13.33 0.47 5.37   559.0
000660   SK하이닉스 115200.0 34.02 1.20 1.09  3242.0
000990    DB하이텍  63100.0  4.72 1.61 2.14 12858.0
007980       TP   1837.0  2.79 0.35 1.96   548.0
008060       대덕   6530.0 12.24 0.39 5.95   549.0
000640 동아쏘시오홀딩스  84900.0 50.73 0.58 1.66  1784.0
000500     가온전선  19267.0  7.43 0.37 0.27  2458.0
000590    CS홀딩스  59600.0  4.83 0.25 0.81 12700.0
122900  아이마켓코리아   9890.0 14.07 0.87 6.04   706.0
007860       서연   9100.0  2.97 0.37 1.11  3034.0
007810   코리아써키트  17570.0  6.59 0.95 0.00  2507.0
120110    코오롱인더  49950.0  7.19 0.49 3.05  5934.0
007700   F&F홀딩스  20000.0  5.94 0.38 1.74  3384.0
267270 HD현대건설기계  85800.0  9.73 0.74 2.94  6112.0
267290   경동도시가스  20400.0  5.16 0.32 4.13  4105.0
008110     대동전자   6080.0  8.72 0.43 2.82  1015.0
2024-12-04 15:23:03,452 - INFO - 2023-07-31 00:00:00: Selected 20 stocks.
2024-12-04 15:23:03,453 - INFO - 2023-07-31 00:00:00: Portfolio Value = 511,146,178.83
2024-12-04 15:23:03,456 - INFO - Selected Stocks:
Ticker     Name    Close   PER  PBR  DIV     EPS
018670     SK가스 121800.0  4.40 0.48 5.15 28644.0
051600    한전KPS  33800.0 14.82 1.22 3.95  2226.0
018500     동원금속   2895.0  5.82 2.15 0.00   485.0
049800    우진플라임   3910.0  3.10 0.66 1.47  1092.0
051910     LG화학 648000.0 29.19 1.72 1.45 23670.0
053210   스카이라이프   6080.0 13.83 0.38 5.38   470.0
051900   LG생활건강 428000.0 32.53 1.44 0.87 14112.0
018470    조일알미늄   3400.0 20.60 1.98 0.00   142.0
047050 포스코인터내셔널  90100.0  8.45 1.25 2.48  4780.0
053690    한미글로벌  26500.0 12.66 1.78 1.77  2449.0
049770    동원F&B  26200.0  6.01 0.62 2.48  4711.0
047810   한국항공우주  49200.0 43.87 3.64 0.47  1215.0
022100    포스코DX  34750.0 57.13 6.31 0.44   300.0
024090      디씨엠  12050.0  3.00 0.43 7.31  4097.0
018260  삼성에스디에스 128300.0  8.61 1.15 2.61 14218.0
025000   KPX케미칼  44150.0  7.76 0.38 5.89  6015.0
023000     삼원강재   3540.0 10.09 0.57 3.18   327.0
018250     애경산업  24300.0 39.32 1.82 1.25   632.0
024900     덕양산업   7090.0 15.48 2.89 0.00   487.0
023960 에쓰씨엔지니어링   1956.0 11.37 1.51 0.00   175.0
2024-12-04 15:23:03,459 - INFO - 2023-08-31 00:00:00: Selected 20 stocks.
2024-12-04 15:23:03,460 - INFO - 2023-08-31 00:00:00: Portfolio Value = 538,209,329.09
2024-12-04 15:23:03,463 - INFO - Selected Stocks:
Ticker     Name    Close   PER  PBR  DIV     EPS
003480 한진중공업홀딩스   3465.0  6.16 0.27 2.88   563.0
003350  한국화장품제조  32500.0 20.84 1.78 0.43  1113.0
004830       덕성   7110.0 36.56 1.07 0.78   157.0
005360      모나미   4050.0 18.83 0.57 2.24   166.0
003460     유화증권   2250.0 35.37 0.29 4.64    67.0
003470    유안타증권   2545.0 12.75 0.35 4.13   209.0
005380      현대차 189100.0  6.99 0.63 3.51 28521.0
004840    DRB동일   5280.0 67.00 0.28 0.75    80.0
079550   LIG넥스원  84800.0 13.65 1.79 1.95  5641.0
004890     동일산업  60000.0  5.67 0.30 5.24 10085.0
004970     신라교역   8890.0 10.14 0.26 5.48   899.0
195870    해성디에스  68600.0  8.17 2.91 1.17  9376.0
003540     대신증권  14400.0  7.93 0.34 8.65  1750.0
078000     텔코웨어   9500.0 12.63 0.44 6.90   688.0
003570 SNT다이내믹스  11000.0  9.69 0.34 5.03  1027.0
005320     온타이드    904.0 38.72 0.53 0.00    25.0
072710    농심홀딩스  67200.0  9.11 0.29 3.73  7353.0
005300     롯데칠성 129900.0  9.71 0.89 2.67 12754.0
005180      빙그레  55700.0 15.83 0.71 3.26  2905.0
005440 현대지에프홀딩스   3670.0  5.08 0.16 6.46   640.0
2024-12-04 15:23:03,467 - INFO - 2023-09-30 00:00:00: Selected 20 stocks.
2024-12-04 15:23:03,468 - INFO - 2023-09-30 00:00:00: Portfolio Value = 566,585,120.74
2024-12-04 15:23:03,471 - INFO - Selected Stocks:
Ticker     Name    Close   PER  PBR  DIV     EPS
001040       CJ  89800.0 12.15 0.47 3.42  6023.0
000490       대동  19000.0  5.94 0.72 0.93  1812.0
000590    CS홀딩스  59100.0  4.50 0.23 0.88 12700.0
000500     가온전선  18387.0  9.15 0.46 0.22  2458.0
000640 동아쏘시오홀딩스 100700.0 54.60 0.62 1.54  1784.0
000990    DB하이텍  48800.0  4.25 1.45 2.38 12858.0
000660   SK하이닉스 114700.0 37.01 1.30 1.00  3242.0
000970    한국주철관   6600.0 12.08 0.42 5.93   559.0
000860   강남제비스코  21850.0 23.48 0.24 2.24   952.0
000810     삼성화재 260500.0  8.19 0.95 5.60 30113.0
000700    유수홀딩스   5890.0  4.84 0.43 6.79  1218.0
000720     현대건설  36250.0  9.79 0.52 1.69  3637.0
092200     디아이씨   6580.0 64.81 1.95 0.00    79.0
088350     한화생명   2855.0  2.91 0.28 0.00   855.0
001080     만호제강  45000.0 20.48 0.56 0.56  2168.0
267250     HD현대  66300.0  2.93 0.55 7.86 19933.0
088790       진도   2140.0  5.95 0.26 3.20   367.0
089470  HDC현대EP   3980.0 10.38 0.39 2.91   398.0
001130     대한제분 124800.0  5.34 0.24 1.90 24697.0
002450     삼익악기   1098.0  6.11 0.35 4.40   186.0
2024-12-04 15:23:03,474 - INFO - 2023-10-31 00:00:00: Selected 20 stocks.
2024-12-04 15:23:03,475 - INFO - 2023-10-31 00:00:00: Portfolio Value = 566,647,859.33
2024-12-04 15:23:03,478 - INFO - Selected Stocks:
Ticker   Name    Close    PER  PBR   DIV     EPS
006220   제주은행  11100.0  11.60 0.45  1.36   636.0
006260     LS  78300.0   5.91 0.66  1.61 16306.0
006280    녹십자  96000.0  18.33 0.90  1.67  5735.0
006110  삼아알미늄 124700.0  65.47 8.17  0.24  1564.0
005870    휴니드   8580.0   6.53 0.42  0.00   707.0
005880   대한해운   1670.0   3.45 0.36  0.00   507.0
005940 NH투자증권   9680.0  11.57 0.49  6.87   881.0
005930   삼성전자  66900.0   8.38 1.33  2.14  8057.0
004090   한국석유  16650.0  11.10 0.75  1.09   906.0
005960   동부건설   5670.0   3.43 0.24  8.40  1737.0
006040   동원산업  29850.0   5.25 0.43  3.65  5748.0
004140     동방   1814.0 111.47 0.71  0.00    17.0
005950   이수화학  11840.0  14.34 1.30  3.42  1019.0
006090   사조오양   8070.0   8.78 0.36  1.51   905.0
002720   국제약품   5070.0  21.25 1.02  0.00   176.0
010100 한국무브넥스   8900.0   5.61 0.64  1.14  1095.0
004170    신세계 168800.0   4.48 0.44  2.03 41282.0
002990   금호건설   5050.0   8.52 0.33 10.00   587.0
003830   대한화섬 100000.0   3.32 0.16  0.76 29768.0
003650   미창석유  72400.0   4.61 0.34  3.51 15455.0
2024-12-04 15:23:03,481 - INFO - 2023-11-30 00:00:00: Selected 20 stocks.
2024-12-04 15:23:03,482 - INFO - 2023-11-30 00:00:00: Portfolio Value = 678,359,185.11
2024-12-04 15:23:03,485 - INFO - Selected Stocks:
Ticker     Name    Close    PER  PBR  DIV     EPS
377300    카카오페이  46100.0  85.01 2.55 0.00   407.0
353200     대덕전자  26650.0   5.60 1.20 2.00  3570.0
000500     가온전선  21000.0   6.53 0.32 0.31  2458.0
381970      케이카  11200.0  15.58 1.92 7.73   631.0
375500    DL이앤씨  38300.0   3.41 0.34 2.89 10130.0
000590    CS홀딩스  59900.0   4.56 0.24 0.86 12700.0
373220 LG에너지솔루션 454500.0 114.19 4.72 0.00  3306.0
378850   화승알앤에이   4090.0   5.49 0.75 1.36   668.0
323410    카카오뱅크  26200.0  33.92 1.56 0.43   553.0
383800    LX홀딩스   7330.0   3.11 0.33 4.55  2190.0
344820   KCC글라스  41450.0   6.85 0.45 5.94  5894.0
012610     경인양행   3775.0  10.43 0.62 1.39   345.0
383220      F&F  85900.0   8.04 3.85 1.72 11571.0
372910  한컴라이프케어   4600.0  14.17 1.03 0.00   333.0
339770   교촌에프앤비   7500.0  33.46 1.00 2.79   214.0
004840    DRB동일   5700.0  66.88 0.28 0.75    80.0
307950   현대오토에버 185000.0  31.42 2.42 0.87  4154.0
308170  씨티알모빌리티  12870.0  93.82 1.02 0.00   131.0
012690     모나리자   2650.0  40.08 1.21 1.95    64.0
012510    더존비즈온  29400.0  41.57 1.91 0.44   676.0
2024-12-04 15:23:03,488 - INFO - 2023-12-31 00:00:00: Selected 20 stocks.
2024-12-04 15:23:03,489 - INFO - 2023-12-31 00:00:00: Portfolio Value = 723,403,821.03
2024-12-04 15:23:03,493 - INFO - Selected Stocks:
Ticker      Name    Close   PER  PBR  DIV     EPS
192820      코스맥스 126400.0 60.99 2.19 0.00  1838.0
200880      서연이화  19180.0  7.99 0.62 0.91  2060.0
194370 제이에스코퍼레이션  17260.0  3.12 0.79 5.32  5118.0
069960     현대백화점  51800.0  7.69 0.24 2.56  6593.0
204320      HL만도  39350.0 16.75 0.76 1.42  2096.0
071050    한국금융지주  61300.0  5.39 0.45 3.92 10900.0
192650       드림텍  12990.0 11.97 1.88 1.73   965.0
071090      하이스틸   3285.0  5.65 0.44 0.62   574.0
195870     해성디에스  55400.0  5.92 2.11 1.62  9376.0
071970  HD현대마린엔진  11700.0 24.34 1.79 0.00   498.0
210540     디와이파워  12330.0  7.61 0.57 2.03  1618.0
084690     대상홀딩스  13330.0 11.19 0.49 2.78   868.0
185750       종근당 130900.0 18.78 2.43 0.80  6625.0
085310       엔케이   1005.0  7.29 0.68 0.00   136.0
207940  삼성바이오로직스 760000.0 62.14 5.63 0.00 11442.0
192400     쿠쿠홀딩스  16380.0  4.35 0.53 4.89  3755.0
069620      대웅제약 116800.0 28.14 1.96 0.56  3816.0
072130       유엔젤   3610.0 20.00 0.82 0.00   185.0
086280    현대글로비스  95787.0  5.50 0.95 3.27 31729.0
183190    아세아시멘트  10490.0  6.45 0.42 2.14  1631.0
2024-12-04 15:23:03,496 - INFO - 2024-01-31 00:00:00: Selected 20 stocks.
2024-12-04 15:23:03,497 - INFO - 2024-01-31 00:00:00: Portfolio Value = 681,471,860.36
2024-12-04 15:23:03,500 - INFO - Selected Stocks:
Ticker      Name    Close   PER  PBR  DIV     EPS
084680       이월드   2400.0 44.85 1.03 0.00    40.0
294870 HDC현대산업개발  17940.0 18.60 0.32 4.22   764.0
085620    미래에셋생명   5780.0 10.88 0.47 0.00   441.0
013520   화승코퍼레이션   2265.0 33.25 0.56 2.39    63.0
302440 SK바이오사이언스  63500.0 45.93 3.23 0.00  1596.0
084690     대상홀딩스   9790.0 14.56 0.64 2.14   868.0
084870    TBH글로벌   1665.0  7.34 0.60 0.00   236.0
013870    지엠비코리아   4325.0  7.78 0.36 1.66   621.0
267290    경동도시가스  19160.0  4.70 0.29 4.54  4105.0
267270  HD현대건설기계  51000.0  8.26 0.63 3.47  6112.0
298050  HS효성첨단소재 326500.0 14.13 2.50 3.78 28053.0
286940   롯데이노베이트  46500.0 14.99 1.08 2.32  2015.0
300720     한일시멘트  12050.0 10.86 0.59 4.69  1138.0
267850   아시아나IDT  19830.0 25.27 1.36 2.56   774.0
088790        진도   1980.0  5.60 0.25 3.41   367.0
082640      동양생명   4930.0  9.35 0.36 0.00   475.0
293480      하나제약  13310.0 10.23 0.93 3.55  1405.0
013000     세우글로벌   1353.0 25.66 0.85 0.00    53.0
268280     미원에스씨 133800.0 10.48 1.79 1.70 12932.0
013890       지누스  12390.0 10.63 0.52 3.30  1512.0
2024-12-04 15:23:03,503 - INFO - 2024-02-29 00:00:00: Selected 20 stocks.
2024-12-04 15:23:03,504 - INFO - 2024-02-29 00:00:00: Portfolio Value = 804,535,320.21
2024-12-04 15:23:03,507 - INFO - Selected Stocks:
Ticker      Name    Close   PER   PBR  DIV     EPS
004840     DRB동일   6550.0 73.25  0.31 0.68    80.0
175330    JB금융지주  13160.0  4.20  0.53 6.64  2996.0
012450 한화에어로스페이스 193965.0 33.45  2.34 0.75  3964.0
170900     동아에스티  74900.0 44.05  0.89 1.03  1546.0
012610      경인양행   3535.0 10.22  0.60 1.42   345.0
012510     더존비즈온  45550.0 65.46  3.00 0.28   676.0
163560    동일고무벨트   8990.0 11.30  0.41 1.89   561.0
012330     현대모비스 242500.0  8.08  0.53 1.82 27163.0
004830        덕성   8750.0 43.76  1.29 0.66   157.0
004990      롯데지주  30200.0 13.09  0.31 4.80  2387.0
042700     한미반도체  84800.0 61.13 14.32 0.35   939.0
004970      신라교역   8910.0  9.70  0.25 5.73   899.0
030610      교보증권   5270.0  7.72  0.21 3.80   681.0
178920    PI첨단소재  21050.0 14.74  1.97 3.39  1557.0
012320    경동인베스트  67000.0  9.60  0.30 1.20  6519.0
030200        KT  39100.0  7.08  0.57 5.31  5209.0
004890      동일산업  46250.0  4.56  0.24 6.52 10085.0
011330       유니켐   2150.0 63.33  1.25 0.96    33.0
030720      동원수산   6720.0  5.21  0.51 3.61  1328.0
047050  포스코인터내셔널  56100.0 11.19  1.66 1.87  4780.0
2024-12-04 15:23:03,510 - INFO - 2024-03-31 00:00:00: Selected 20 stocks.
2024-12-04 15:23:03,511 - INFO - 2024-03-31 00:00:00: Portfolio Value = 923,225,040.51
2024-12-04 15:23:03,514 - INFO - Selected Stocks:
Ticker        Name   Close   PER  PBR  DIV     EPS
108320       LX세미콘 79400.0  5.16 1.27 6.07 14368.0
105560        KB금융 69500.0  6.30 0.56 4.28 10955.0
107590       미원홀딩스 77800.0  9.06 0.83 0.89  8717.0
105840          우진  8530.0 17.62 1.07 1.78   478.0
105630        한세실업 19990.0  9.10 1.45 2.52  2182.0
111380        동인기연 22650.0  4.38 2.42 3.23  5665.0
104700        한국철강  9450.0  3.57 0.36 4.09  2055.0
010640        진양폴리  7470.0 15.59 1.77 3.68   349.0
111770        영원무역 40450.0  2.82 0.67 3.53 15377.0
009810       플레이그램   583.0 38.00 0.78 0.00    14.0
120030        조선선재 96900.0  9.44 0.73 1.52 10425.0
009580       무림P&P  3080.0  4.31 0.30 4.83   721.0
009680         모토닉  8060.0  8.46 0.42 4.78   988.0
120110       코오롱인더 37400.0  6.50 0.45 3.37  5934.0
009830       한화솔루션 28350.0 14.74 0.59 0.00  1873.0
103590        일진전기 20150.0 19.38 1.36 1.09   617.0
009470        삼화전기 30200.0 10.92 1.72 1.71  1611.0
009900        명신산업 15310.0  9.86 2.20 0.00  1633.0
122900     아이마켓코리아  8500.0 12.31 0.76 6.90   706.0
010120 LS ELECTRIC 97800.0 22.33 1.30 1.60  3077.0
2024-12-04 15:23:03,517 - INFO - 2024-04-30 00:00:00: Selected 20 stocks.
2024-12-04 15:23:03,518 - INFO - 2024-04-30 00:00:00: Portfolio Value = 1,005,705,049.09
2024-12-04 15:23:03,521 - INFO - Selected Stocks:
Ticker        Name    Close   PER  PBR       DIV     EPS
010420       한솔PNS   1232.0 13.09 0.52  2.080000    92.0
010130        고려아연 463500.0 10.50 0.99  4.430000 42967.0
010120 LS ELECTRIC 176600.0 31.85 1.85  1.120000  3077.0
010580       에스엠벡셀   1573.0 17.37 2.65  0.000000    92.0
006390     한일현대시멘트  14990.0  7.60 0.80  4.010000  1971.0
010640        진양폴리   6560.0 21.60 2.46  2.650000   349.0
006360        GS건설  16480.0  3.77 0.26  8.630000  3997.0
006570        대림통상   2910.0 11.43 0.54  1.040000   252.0
006400       삼성SDI 434000.0 15.55 1.84  0.230000 29191.0
006340        대원전선   3275.0 81.22 1.19  0.000000    18.0
006740        영풍제지   1867.0 10.67 0.62 37.630001   194.0
006800      미래에셋증권   7590.0  7.72 0.48  2.510000  1033.0
006890       태경케미컬  14300.0 17.44 1.05  1.470000   782.0
006880       신송홀딩스   7200.0 64.75 1.02  1.330000   139.0
003540        대신증권  15700.0  8.87 0.38  7.730000  1750.0
007070       GS리테일  19930.0 52.66 0.52  2.070000   395.0
003490        대한항공  20950.0  4.61 0.91  3.400000  4787.0
009580       무림P&P   3110.0  4.36 0.30  4.770000   721.0
003550          LG  79400.0  6.97 0.54  3.460000 12422.0
003480    한진중공업홀딩스   3485.0  5.75 0.25  3.090000   563.0
2024-12-04 15:23:03,524 - INFO - 2024-05-31 00:00:00: Selected 20 stocks.
2024-12-04 15:23:03,525 - INFO - 2024-05-31 00:00:00: Portfolio Value = 1,187,143,954.46
2024-12-04 15:23:03,529 - INFO - Selected Stocks:
Ticker     Name    Close   PER  PBR  DIV     EPS
003570 SNT다이내믹스  19180.0  7.26 0.51 4.36  2212.0
003690     코리안리   6857.0  4.89 0.37 6.67  1655.0
003550       LG  81300.0  9.69 0.46 3.98  8032.0
003540     대신증권  15090.0  7.59 0.34 7.77  2036.0
003680     한성기업   7710.0 23.75 0.56 0.00   216.0
003490     대한항공  20850.0  7.40 0.82 3.54  2866.0
003460     유화증권   2205.0 18.91 0.27 5.33   119.0
003530   한화투자증권   3245.0 75.48 0.44 0.00    42.0
003480 한진중공업홀딩스   3600.0 11.90 0.26 2.90   290.0
003350  한국화장품제조  54900.0 13.39 1.85 0.37  2009.0
003720       삼영   3400.0  6.81 1.92 0.52   567.0
003470    유안타증권   2735.0  9.25 0.35 6.51   299.0
136490       선진   7480.0 12.62 0.41 1.36   585.0
138490   코오롱ENP   8100.0  8.33 0.97 2.23   863.0
267260 HD현대일렉트릭 301000.0 33.26 8.22 0.42  7200.0
134380     미원화학  77900.0  6.71 1.00 4.85 10763.0
134790      시디즈  26600.0 19.20 0.72 1.79  1456.0
138040  메리츠금융지주  76900.0  7.14 1.56 3.00 11020.0
008420     문배철강   2820.0  2.94 0.30 1.77   961.0
012320   경동인베스트  85600.0  7.78 0.34 1.05  9133.0
2024-12-04 15:23:03,532 - INFO - 2024-06-30 00:00:00: Selected 20 stocks.
2024-12-04 15:23:03,533 - INFO - 2024-06-30 00:00:00: Portfolio Value = 1,354,297,735.83
2024-12-04 15:23:03,536 - INFO - Selected Stocks:
Ticker   Name    Close   PER  PBR  DIV     EPS
004140     동방   3515.0  9.65 1.01 0.67   310.0
004370     농심 489000.0 15.74 1.11 1.07 29728.0
004150  한솔홀딩스   2710.0 15.37 0.20 3.68   177.0
004170    신세계 156900.0  6.99 0.37 2.43 23574.0
004360     세방  14050.0  3.85 0.25 2.44  3195.0
004250    NPC   4865.0  7.77 0.57 1.98   650.0
004310   현대약품   3530.0 16.24 1.16 0.95   226.0
001380  SG글로벌   2160.0  4.12 0.59 0.00   449.0
003960   사조대림  90900.0  3.62 0.58 0.80 12123.0
083420  그린케미칼   7890.0 55.00 1.53 2.90   144.0
084010   대한제강  12410.0  3.28 0.31 3.81  4007.0
004000 롯데정밀화학  44500.0  6.70 0.51 4.18  7147.0
082640   동양생명   7820.0  2.92 0.27 7.89  1736.0
004090   한국석유  18000.0 14.75 1.23 0.67  1217.0
001500  현대차증권   8740.0  5.48 0.27 4.58  1595.0
001340   백광산업  13830.0 73.26 2.65 0.47   175.0
001450   현대해상  34500.0  4.36 0.43 6.22  7610.0
088350   한화생명   3000.0  2.95 0.16 5.33   954.0
001460    BYC  35700.0 12.54 0.55 0.84  2836.0
004020   현대제철  29050.0  8.63 0.21 3.31  3506.0
2024-12-04 15:23:03,539 - INFO - 2024-07-31 00:00:00: Selected 20 stocks.
2024-12-04 15:23:03,540 - INFO - 2024-07-31 00:00:00: Portfolio Value = 1,436,665,764.63
2024-12-04 15:23:03,543 - INFO - Selected Stocks:
Ticker     Name   Close   PER  PBR  DIV     EPS
003460     유화증권  2220.0 18.36 0.26 5.49   119.0
003530   한화투자증권  3765.0 77.62 0.45 0.00    42.0
071970 HD현대마린엔진 23050.0 17.39 2.44 0.00  1108.0
072130      유엔젤  3120.0 28.46 0.74 0.00   120.0
192650      드림텍  9050.0 41.10 1.55 2.14   227.0
003350  한국화장품제조 64200.0 31.01 4.29 0.16  2009.0
003470    유안타증권  3005.0  9.68 0.37 6.22   299.0
192400    쿠쿠홀딩스 22100.0  5.17 0.62 5.08  4187.0
058850     KTcs  3115.0  8.48 0.65 3.05   386.0
014280     금강공업  5140.0  3.44 0.35 2.39  1458.0
058730      다스코  4265.0  4.09 0.38 3.20   764.0
013890      지누스 13630.0 56.24 0.48 0.61   263.0
004430     송원산업 11870.0  8.42 0.42 2.04  1452.0
003480 한진중공업홀딩스  3530.0 12.90 0.29 2.67   290.0
030610     교보증권  5120.0  5.88 0.30 5.05   843.0
005430     한국공항 76800.0  7.48 0.67 1.30 10275.0
058860     KTis  2625.0  5.99 0.41 4.40   455.0
001080     만호제강 45000.0 15.18 0.53 0.00  3106.0
029780     삼성카드 42100.0  6.69 0.50 6.54  5711.0
060980    HL홀딩스 33400.0  6.47 0.32 5.90  5237.0
2024-12-04 15:23:03,546 - INFO - 2024-08-31 00:00:00: Selected 20 stocks.
2024-12-04 15:23:03,547 - INFO - 2024-08-31 00:00:00: Portfolio Value = 1,468,526,859.04
2024-12-04 15:23:03,550 - INFO - Selected Stocks:
Ticker    Name    Close   PER  PBR  DIV     EPS
012690    모나리자   3175.0 12.56 1.41 4.78   250.0
071050  한국금융지주  72800.0  6.03 0.51 3.63 12100.0
097520    엠씨넥스  19510.0 13.50 1.17 2.80  1585.0
070960    모나용평   4585.0 17.07 0.44 0.00   208.0
012630     HDC  10950.0  4.65 0.20 3.01  2147.0
071320  지역난방공사  49050.0  2.82 0.26 0.00 16508.0
071090    하이스틸   3310.0 57.31 0.50 0.27    65.0
013000   세우글로벌   1320.0 14.67 0.77 0.00    89.0
007210      벽산   2175.0  3.80 0.47 2.67   591.0
007280    한국특강   1509.0  3.43 0.43 0.00   464.0
025540    한국단자  74300.0  8.73 0.68 1.13  7068.0
007310     오뚜기 416500.0  9.35 0.78 2.06 46617.0
000430    대원강업   4340.0 10.26 0.62 2.17   494.0
013360    일성건설   1454.0 27.00 0.67 0.00    57.0
007160    사조산업  60200.0 12.13 0.44 0.43  3853.0
035250    강원랜드  15990.0  8.64 0.80 6.40  1681.0
000490      대동   9380.0 12.72 0.53 0.99   794.0
013520 화승코퍼레이션   1851.0 27.18 0.59 2.36    78.0
036570   엔씨소프트 187600.0 16.99 1.11 1.76 10446.0
035420   NAVER 169100.0 26.27 1.14 0.69  6661.0
2024-12-04 15:23:03,554 - INFO - 2024-09-30 00:00:00: Selected 20 stocks.
2024-12-04 15:23:03,555 - INFO - 2024-09-30 00:00:00: Portfolio Value = 1,566,380,644.46
2024-12-04 15:23:03,558 - INFO - Selected Stocks:
Ticker    Name    Close   PER  PBR  DIV     EPS
003830    대한화섬 122900.0 10.75 0.16 0.75  9283.0
004020    현대제철  27900.0  7.33 0.18 3.89  3506.0
101140   인바이오젠   9340.0  4.21 0.63 0.00  2216.0
004080      신흥  14280.0 14.59 1.19 1.89   980.0
003850      보령  10820.0 18.67 1.37 0.88   610.0
101530  해태제과식품   5800.0  7.08 0.57 3.46   816.0
004170     신세계 159100.0  6.48 0.34 2.62 23574.0
012280    영화금속    785.0  5.64 0.63 2.44   145.0
010690      화신   9090.0  3.96 0.70 1.66  2274.0
095570  AJ네트웍스   4680.0 12.44 0.49 5.91   367.0
096770 SK이노베이션 117100.0 39.32 0.48 0.00  2808.0
004000  롯데정밀화학  48000.0  6.72 0.51 4.16  7147.0
010770   평화홀딩스   2810.0  4.96 0.39 5.31   569.0
067830 세이브존I&C   2135.0  5.84 0.17 1.42   361.0
069460   대호에이엘   1183.0 21.38 0.79 0.00    52.0
100840  SNT에너지  12770.0 10.51 0.87 6.84  1252.0
004140      동방   2820.0  8.73 0.91 0.74   310.0
003960    사조대림  52700.0  4.80 0.77 0.60 12123.0
010660    화천기계   2975.0 75.39 0.46 1.05    38.0
004150   한솔홀딩스   2345.0 14.29 0.19 3.95   177.0
2024-12-04 15:23:03,561 - INFO - 2024-10-31 00:00:00: Selected 20 stocks.
2024-12-04 15:23:03,562 - INFO - 2024-10-31 00:00:00: Portfolio Value = 1,607,706,818.55
2024-12-04 15:23:03,565 - INFO - Selected Stocks:
Ticker      Name    Close   PER       PBR   DIV     EPS
041650    상신브레이크   3410.0  4.75  0.330000  3.19   726.0
039490      키움증권 134600.0  8.41  0.730000  2.29 15563.0
039130      하나투어  49300.0 16.42  4.530000 10.03  3036.0
039570     HDC랩스   8060.0 14.14  0.720000  5.56   573.0
042660      한화오션  26750.0 41.58  2.180000  0.00   736.0
037710     광주신세계  29700.0  4.82  0.280000  7.52  6065.0
037270   YG PLUS   5710.0  8.12  1.080000  0.00   340.0
042670 HD현대인프라코어   6650.0  6.28  0.800000  1.51  1159.0
013520   화승코퍼레이션   1891.0 24.51  0.530000  2.62    78.0
044450     KSS해운   9630.0 12.26  0.500000  3.78   755.0
044820  코스맥스비티아이   8740.0  9.17  0.360000  4.03   948.0
042700     한미반도체  92000.0 39.19 18.370001  0.39  2753.0
013360      일성건설   1303.0 23.51  0.580000  0.00    57.0
013890       지누스  22064.0 72.78  0.620000  0.47   263.0
079900    전진건설로봇  24000.0  6.94  1.920000  7.21  2105.0
013570       디와이   4630.0  6.62  0.340000  3.07   737.0
013700     까뮤이앤씨   1308.0 22.93  0.700000  1.50    58.0
013870    지엠비코리아   3880.0  6.57  0.290000  3.78   604.0
013000     세우글로벌   1231.0 14.63  0.770000  0.00    89.0
111110      호전실업   8500.0  3.92  0.450000  4.11  1864.0
2024-12-04 15:23:03,568 - INFO - 2024-11-30 00:00:00: Selected 20 stocks.
2024-12-04 15:23:03,569 - INFO - 2024-11-30 00:00:00: Portfolio Value = 1,808,245,375.31
2024-12-04 15:23:03,572 - INFO - Selected Stocks:
Ticker      Name    Close   PER  PBR   DIV     EPS
020560    아시아나항공  10940.0 25.57 1.08  0.00   386.0
021240       코웨이  66600.0  9.65 1.72  2.15  6495.0
020000        한섬  14840.0  4.08 0.24  4.82  3818.0
018670      SK가스 214500.0  5.65 0.69  4.02 35241.0
017860      DS단석  59200.0 12.11 2.04  0.00  7966.0
018260   삼성에스디에스 148600.0 15.91 1.27  1.89  8965.0
018500      동원금속   1117.0  3.26 0.56  3.92   391.0
018880     한온시스템   4005.0 41.72 0.90  7.89    96.0
018250      애경산업  13770.0  8.07 1.04  3.79  1897.0
022100     포스코DX  21250.0 45.54 9.10  0.36   605.0
023000      삼원강재   2535.0  6.15 0.42  4.28   418.0
023150     MH에탄올   5150.0  7.74 0.52  4.50   718.0
000910       유니온   5250.0  9.89 0.56  2.70   468.0
042670 HD현대인프라코어   7540.0  5.76 0.73  1.65  1159.0
000880        한화  29650.0  6.98 0.25  2.74  3920.0
078930        GS  41850.0  3.02 0.29  6.02 13737.0
078000      텔코웨어   9980.0 10.47 0.49  6.43   950.0
278470      에이피알  49950.0 20.59 8.55  0.00  2249.0
078520    에이블씨엔씨   7030.0 30.64 2.14 19.74   236.0
042660      한화오션  34750.0 36.41 1.91  0.00   736.0
