2024-12-05 20:09:38,291 - INFO - 2020-01-31 00:00:00: Selected 20 stocks.
2024-12-05 20:09:38,292 - INFO - 2020-01-31 00:00:00: Portfolio Value = 9,380,632.84
2024-12-05 20:09:38,297 - INFO - Selected Stocks:
Ticker   Name    Close    PER  PBR  DIV    EPS
002240   고려제강  14415.0 121.60 0.30 1.70  169.0
017180   명문제약   4347.0 120.73 1.35 0.00   41.0
002760     보락   2220.0 114.72 2.82 0.24   18.0
005360    모나미   3125.0 111.67 0.96 1.90   33.0
001780    알루코   2445.0 106.54 1.01 0.90   26.0
069460  대호에이엘   3135.0 100.18 2.60 0.00   28.0
075580  세진중공업   2730.0  99.57 1.13 0.44   46.0
112610  씨에스윈드  17461.0  98.81 2.14 1.07  378.0
001420   태원물산   4040.0  97.81 1.11 1.49   48.0
000490     대동   5200.0  97.12 0.64 0.87   59.0
013000  세우글로벌   3440.0  94.32 1.51 0.00   22.0
001060 JW중외제약  26380.0  91.44 2.61 1.09  327.0
068270   셀트리온 153190.0  91.37 9.53 0.00 1970.0
000080  하이트진로  30000.0  90.60 1.77 2.77  319.0
009320 아진전자부품   2320.0  89.38 2.60 0.00   24.0
001520     동양   1095.0  87.81 0.40 3.56   16.0
004410   서울식품    157.0  87.00 2.15 0.00    2.0
092220    KEC    927.0  81.54 0.54 0.00   13.0
100840 SNT에너지   6079.0  79.20 0.64 0.00  250.0
101530 해태제과식품   6950.0  78.48 0.73 2.08   92.0
2024-12-05 20:09:38,303 - INFO - 2020-02-29 00:00:00: Selected 20 stocks.
2024-12-05 20:09:38,304 - INFO - 2020-02-29 00:00:00: Portfolio Value = 9,013,789.89
2024-12-05 20:09:38,307 - INFO - Selected Stocks:
Ticker   Name    Close    PER  PBR  DIV    EPS
002760     보락   1800.0 115.00 2.83 0.24   18.0
017180   명문제약   3922.0 114.88 1.29 0.00   41.0
008930 한미사이언스  28056.0 114.46 3.23 0.62  280.0
069460  대호에이엘   2785.0 110.71 2.88 0.00   28.0
298040  효성중공업  19750.0 108.82 0.23 0.00  204.0
002240   고려제강  13614.0 102.66 0.25 2.02  169.0
170900  동아에스티  85751.0  98.00 1.36 1.08  949.0
112610  씨에스윈드  16868.0  97.35 2.11 1.09  378.0
020760  일진디스플   3174.0  96.61 1.99 0.88   59.0
000080  하이트진로  26600.0  94.98 1.86 2.64  319.0
009320 아진전자부품   2200.0  94.38 2.75 0.00   24.0
005360    모나미   2955.0  93.33 0.81 2.27   33.0
001780    알루코   2190.0  92.31 0.87 1.04   26.0
000490     대동   4515.0  89.15 0.59 0.95   59.0
001060 JW중외제약  21878.0  86.85 2.48 1.14  327.0
034120    SBS  21600.0  86.55 0.78 0.00  275.0
075580  세진중공업   2248.0  85.22 0.97 0.51   46.0
068270   셀트리온 157833.0  84.52 8.82 0.00 1970.0
001420   태원물산   3770.0  83.96 0.95 1.74   48.0
013000  세우글로벌   3410.0  81.59 1.30 0.00   22.0
2024-12-05 20:09:38,308 - INFO - 2020-03-31 00:00:00: Selected 20 stocks.
2024-12-05 20:09:38,309 - INFO - 2020-03-31 00:00:00: Portfolio Value = 10,042,415.66
2024-12-05 20:09:38,313 - INFO - Selected Stocks:
Ticker   Name    Close    PER  PBR  DIV    EPS
100250  진양홀딩스   2180.0 117.50 0.44 6.38   20.0
008930 한미사이언스  25460.0 109.46 3.09 0.65  280.0
017180   명문제약   4828.0 103.66 1.16 0.00   41.0
002760     보락   1475.0 102.22 2.52 0.27   18.0
004410   서울식품    145.0 101.50 2.51 0.00    2.0
069460  대호에이엘   1940.0 100.18 2.60 0.00   28.0
002240   고려제강  10972.0  97.04 0.24 2.13  169.0
298040  효성중공업  12900.0  94.85 0.20 0.00  204.0
112610  씨에스윈드  12788.0  94.71 2.05 1.12  378.0
009320 아진전자부품   1825.0  94.58 2.75 0.00   24.0
170900  동아에스티  77282.0  94.52 1.31 1.11  949.0
005360    모나미   2685.0  90.91 0.79 2.33   33.0
068270   셀트리온 212611.0  88.83 9.27 0.00 1970.0
001780    알루코   1505.0  83.65 0.79 1.15   26.0
000080  하이트진로  26850.0  82.60 1.62 3.04  319.0
001520     동양   1005.0  80.63 0.37 3.88   16.0
034120    SBS  16800.0  80.00 0.72 0.00  275.0
001420   태원물산   3200.0  79.79 0.90 1.83   48.0
013000  세우글로벌   3270.0  78.86 1.26 0.00   22.0
000490     대동   4075.0  77.88 0.51 1.09   59.0
2024-12-05 20:09:38,314 - INFO - 2020-04-30 00:00:00: Selected 20 stocks.
2024-12-05 20:09:38,315 - INFO - 2020-04-30 00:00:00: Portfolio Value = 10,377,014.19
2024-12-05 20:09:38,318 - INFO - Selected Stocks:
Ticker   Name    Close    PER   PBR  DIV    EPS
017180   명문제약   4604.0 119.63  1.34 0.00   41.0
128940   한미약품 240350.0 115.75  4.12 0.20 2121.0
002020    코오롱  17400.0 113.21  0.23 4.17  106.0
100250  진양홀딩스   2310.0 108.00  0.40 6.94   20.0
101530 해태제과식품   7070.0 101.30  0.95 1.61   92.0
068270   셀트리온 195434.0 100.51 10.49 0.00 1970.0
079550 LIG넥스원  26100.0  95.57  0.66 2.58  203.0
008930 한미사이언스  27018.0  91.07  2.57 0.78  280.0
001060 JW중외제약  26334.0  88.69  2.53 1.12  327.0
004410   서울식품    174.0  87.50  2.16 0.00    2.0
002760     보락   1815.0  85.00  2.09 0.33   18.0
000080  하이트진로  32450.0  84.48  1.65 2.97  319.0
170900  동아에스티  87868.0  83.88  1.16 1.26  949.0
002240   고려제강  11492.0  80.47  0.20 2.57  169.0
005360    모나미   3260.0  80.45  0.70 2.64   33.0
009320 아진전자부품   2375.0  77.29  2.25 0.00   24.0
001520     동양   1260.0  71.25  0.33 4.39   16.0
112610  씨에스윈드  15207.0  70.77  1.53 1.50  378.0
013000  세우글로벌   3930.0  70.00  1.12 0.00   22.0
000490     대동   4520.0  67.12  0.44 1.26   59.0
2024-12-05 20:09:38,320 - INFO - 2020-05-31 00:00:00: Selected 20 stocks.
2024-12-05 20:09:38,321 - INFO - 2020-05-31 00:00:00: Portfolio Value = 10,904,176.58
2024-12-05 20:09:38,324 - INFO - Selected Stocks:
Ticker     Name    Close    PER  PBR  DIV    EPS
010950    S-Oil  70700.0 121.57 1.22 0.29  561.0
181710      NHN  45539.0 117.23 0.95 0.00  656.0
000650     천일고속  58600.0 112.85 1.60 8.76  506.0
014790   HL D&I   3110.0 111.43 0.59 0.00   28.0
012690     모나리자   6870.0 110.00 4.08 0.69   66.0
004310     현대약품   5070.0 109.52 1.68 0.98   42.0
000120   CJ대한통운 161000.0 104.89 1.08 0.00 1349.0
267270 HD현대건설기계  19400.0 104.73 0.29 0.00  169.0
088350     한화생명   1525.0  95.28 0.12 1.75   18.0
285130    SK케미칼  61316.0  94.14 1.39 0.60  802.0
009140     경인전자  16750.0  92.03 0.48 1.49  182.0
068270     셀트리온 198219.0  91.01 9.79 0.00 2236.0
051910     LG화학 390500.0  88.13 1.66 0.56 4085.0
009270       신원   1800.0  87.89 0.70 0.00   19.0
034230    파라다이스  14500.0  85.88 1.09 0.66  177.0
011150    CJ씨푸드   3935.0  80.39 2.30 0.00   51.0
008250     이건산업   7460.0  80.00 0.36 3.42   73.0
093370       후성   7803.0  77.93 2.95 0.22   87.0
001380    SG글로벌   1310.0  73.82 0.43 0.00   17.0
004380    삼익THK  11500.0  72.47 1.28 1.31  158.0
2024-12-05 20:09:38,325 - INFO - 2020-06-30 00:00:00: Selected 20 stocks.
2024-12-05 20:09:38,326 - INFO - 2020-06-30 00:00:00: Portfolio Value = 13,755,629.63
2024-12-05 20:09:38,330 - INFO - Selected Stocks:
Ticker     Name    Close    PER   PBR  DIV    EPS
004310     현대약품   5680.0 121.90  1.87 0.88   42.0
000120   CJ대한통운 157500.0 121.20  1.25 0.00 1349.0
267270 HD현대건설기계  21900.0 117.16  0.32 0.00  169.0
000650     천일고속  60100.0 116.01  1.64 8.52  506.0
285130    SK케미칼  85735.0 113.59  1.68 0.49  802.0
008250     이건산업   7780.0 112.74  0.51 2.43   73.0
014790   HL D&I   2830.0 111.79  0.59 0.00   28.0
012690     모나리자   5850.0 103.64  3.84 0.73   66.0
068270     셀트리온 284099.0 101.74 10.94 0.00 2236.0
051910     LG화학 490500.0  96.94  1.82 0.51 4085.0
009270       신원   1555.0  96.05  0.77 0.00   19.0
093370       후성   7871.0  93.33  3.54 0.18   87.0
009140     경인전자  18200.0  92.31  0.48 1.49  182.0
011930    신성이엔지   1325.0  91.67  1.95 0.00   15.0
336260    두산퓨얼셀  31791.0  91.21  6.48 0.00  165.0
007570     일양약품  64000.0  88.96  4.84 0.25  548.0
088350     한화생명   1360.0  84.72  0.10 1.97   18.0
034230    파라다이스  13350.0  83.05  1.06 0.68  177.0
000100     유한양행  42424.0  81.68  2.17 0.76  644.0
001380    SG글로벌   1135.0  77.65  0.46 0.00   17.0
2024-12-05 20:09:38,331 - INFO - 2020-07-31 00:00:00: Selected 20 stocks.
2024-12-05 20:09:38,332 - INFO - 2020-07-31 00:00:00: Portfolio Value = 15,226,577.34
2024-12-05 20:09:38,335 - INFO - Selected Stocks:
Ticker    Name    Close    PER   PBR  DIV    EPS
051910    LG화학 568000.0 120.32  2.26 0.41 4085.0
000650    천일고속  62000.0 119.17  1.69 8.29  506.0
000120  CJ대한통운 153000.0 116.75  1.20 0.00 1349.0
007570    일양약품  84000.0 116.06  6.31 0.19  548.0
010950   S-Oil  61000.0 111.41  1.12 0.32  561.0
008250    이건산업   7670.0 106.44  0.48 2.57   73.0
014790  HL D&I   3480.0 101.43  0.53 0.00   28.0
009140    경인전자  18250.0  99.18  0.52 1.39  182.0
075580   세진중공업   4698.0  96.61  1.46 0.33   62.0
093370      후성   8027.0  91.49  3.47 0.19   87.0
011930   신성이엔지   1375.0  87.67  1.87 0.00   15.0
012690    모나리자   5840.0  87.12  3.23 0.87   66.0
009270      신원   1660.0  83.95  0.67 0.00   19.0
000100    유한양행  48042.0  80.75  2.15 0.77  644.0
088350    한화생명   1465.0  76.39  0.09 2.18   18.0
011150   CJ씨푸드   3585.0  74.41  2.13 0.00   51.0
009420 한올바이오파마  28850.0  73.07 10.19 0.00  375.0
034230   파라다이스  13100.0  71.19  0.90 0.79  177.0
006400   삼성SDI 397500.0  69.50  2.12 0.27 5331.0
047400 유니온머티리얼   5080.0  68.77  1.92 1.28   57.0
2024-12-05 20:09:38,336 - INFO - 2020-08-31 00:00:00: Selected 20 stocks.
2024-12-05 20:09:38,337 - INFO - 2020-08-31 00:00:00: Portfolio Value = 16,744,132.79
2024-12-05 20:09:38,340 - INFO - Selected Stocks:
Ticker    Name    Close    PER   PBR  DIV    EPS
000120  CJ대한통운 151500.0 111.93  1.15 0.00 1349.0
075580   세진중공업   3895.0 111.13  1.68 0.29   62.0
010950   S-Oil  56500.0 106.77  1.08 0.33  561.0
008250    이건산업   7800.0 103.70  0.46 2.64   73.0
008930  한미사이언스  55359.0 103.57  5.03 0.41  476.0
009140    경인전자  19750.0  99.45  0.52 1.38  182.0
093370      후성   8057.0  97.01  3.68 0.18   87.0
001380   SG글로벌   1880.0  95.88  0.56 0.00   17.0
011930   신성이엔지   1550.0  95.33  2.03 0.00   15.0
012690    모나리자   6540.0  93.94  3.48 0.81   66.0
047400 유니온머티리얼   4035.0  93.51  2.61 0.94   57.0
000100    유한양행  56174.0  90.84  2.42 0.68  644.0
009270      신원   1425.0  86.05  0.69 0.00   19.0
088350    한화생명   1530.0  81.39  0.10 2.05   18.0
009420 한올바이오파마  34550.0  79.73 11.12 0.00  375.0
035420   NAVER 322500.0  78.51  8.93 0.12 4006.0
006400   삼성SDI 452500.0  77.75  2.37 0.24 5331.0
034230   파라다이스  13300.0  72.60  0.92 0.78  177.0
011150   CJ씨푸드   5900.0  72.45  2.07 0.00   51.0
000020    동화약품  23450.0  70.53  2.23 0.50  341.0
2024-12-05 20:09:38,342 - INFO - 2020-09-30 00:00:00: Selected 20 stocks.
2024-12-05 20:09:38,344 - INFO - 2020-09-30 00:00:00: Portfolio Value = 16,602,602.40
2024-12-05 20:09:38,347 - INFO - Selected Stocks:
Ticker    Name    Close    PER   PBR  DIV    EPS
000650    천일고속  65000.0 121.15  1.72 8.16  506.0
001380   SG글로벌   1835.0 119.12  0.70 0.00   17.0
000120  CJ대한통운 177500.0 116.01  1.19 0.00 1349.0
093370      후성   9180.0 113.33  4.30 0.15   87.0
181710     NHN  38810.0 111.28  0.90 0.00  656.0
009140    경인전자  19950.0 108.79  0.57 1.26  182.0
008250    이건산업   7920.0 107.95  0.48 2.54   73.0
011150   CJ씨푸드   4460.0 106.67  3.05 0.00   51.0
000100    유한양행  53828.0 102.95  2.74 0.60  644.0
011930   신성이엔지   2055.0 102.33  2.18 0.00   15.0
010950   S-Oil  51600.0 101.43  1.02 0.35  561.0
012690    모나리자   5140.0  97.27  3.60 0.78   66.0
075580   세진중공업   5528.0  93.87  1.42 0.34   62.0
009420 한올바이오파마  34000.0  92.13 12.85 0.00  375.0
088350    한화생명   1525.0  88.61  0.11 1.88   18.0
251270     넷마블 166000.0  86.30  3.13 0.00 1883.0
006400   삼성SDI 433500.0  85.26  2.60 0.22 5331.0
035420   NAVER 296500.0  81.00  9.21 0.12 4006.0
034230   파라다이스  13750.0  77.68  0.99 0.73  177.0
009270      신원   1435.0  74.74  0.60 0.00   19.0
2024-12-05 20:09:38,348 - INFO - 2020-10-31 00:00:00: Selected 20 stocks.
2024-12-05 20:09:38,349 - INFO - 2020-10-31 00:00:00: Portfolio Value = 15,941,758.41
2024-12-05 20:09:38,353 - INFO - Selected Stocks:
Ticker    Name    Close    PER   PBR  DIV    EPS
008930  한미사이언스  50257.0 120.59  5.86 0.35  476.0
084680     이월드   2990.0 119.81  1.19 0.00   27.0
014790  HL D&I   3355.0 118.57  0.62 0.00   28.0
181710     NHN  36202.0 114.18  0.93 0.00  656.0
068270    셀트리온 223751.0 113.82 12.24 0.00 2236.0
093370      후성   8701.0 111.38  4.22 0.15   87.0
001380   SG글로벌   1820.0 111.18  0.65 0.00   17.0
008250    이건산업   8030.0 110.00  0.49 2.49   73.0
009140    경인전자  25100.0 109.62  0.58 1.25  182.0
000100    유한양행  49885.0 101.09  2.69 0.61  644.0
010950   S-Oil  54300.0  96.43  0.97 0.37  561.0
009420 한올바이오파마  27600.0  92.53 12.91 0.00  375.0
011150   CJ씨푸드   4455.0  88.43  2.53 0.00   51.0
352820     하이브 140580.0  87.43 42.21 0.00 2951.0
251270     넷마블 117000.0  86.83  3.15 0.00 1883.0
088350    한화생명   1535.0  86.39  0.11 1.93   18.0
031820   콤텍시스템   1227.0  85.50  1.22 0.00   20.0
006400   삼성SDI 442000.0  81.88  2.49 0.23 5331.0
012690    모나리자   5270.0  78.79  2.92 0.96   66.0
034230   파라다이스  12700.0  77.12  0.98 0.73  177.0
2024-12-05 20:09:38,354 - INFO - 2020-11-30 00:00:00: Selected 20 stocks.
2024-12-05 20:09:38,355 - INFO - 2020-11-30 00:00:00: Portfolio Value = 19,656,988.26
2024-12-05 20:09:38,358 - INFO - Selected Stocks:
Ticker    Name    Close    PER   PBR  DIV    EPS
014790  HL D&I   4290.0 120.00  0.63 0.00   28.0
000120  CJ대한통운 166000.0 119.35  1.23 0.00 1349.0
008040   사조동아원    978.0 119.29  0.60 0.00    7.0
008250    이건산업   9300.0 118.49  0.53 2.31   73.0
084680     이월드   3360.0 114.81  1.14 0.00   27.0
008930  한미사이언스  66411.0 113.03  5.49 0.37  476.0
068270    셀트리온 315666.0 109.35 11.76 0.00 2236.0
181710     NHN  38080.0 108.54  0.88 0.00  656.0
001380   SG글로벌   2200.0 107.65  0.63 0.00   17.0
093370      후성   9414.0 103.33  3.92 0.17   87.0
010950   S-Oil  69600.0  98.04  0.99 0.36  561.0
000100    유한양행  53995.0  94.25  2.51 0.66  644.0
011150   CJ씨푸드   5270.0  90.49  2.59 0.00   51.0
088350    한화생명   2065.0  86.67  0.11 1.92   18.0
006400   삼성SDI 533000.0  82.54  2.51 0.23 5331.0
012690    모나리자   5490.0  79.09  2.93 0.96   66.0
031820   콤텍시스템   1356.0  75.75  1.08 0.00   20.0
009420 한올바이오파마  34750.0  74.80 10.44 0.00  375.0
034230   파라다이스  14800.0  72.32  0.92 0.78  177.0
009270      신원   1460.0  71.84  0.58 0.00   19.0
2024-12-05 20:09:38,359 - INFO - 2020-12-31 00:00:00: Selected 20 stocks.
2024-12-05 20:09:38,360 - INFO - 2020-12-31 00:00:00: Portfolio Value = 21,987,412.77
2024-12-05 20:09:38,364 - INFO - Selected Stocks:
Ticker    Name    Close    PER   PBR  DIV    EPS
007570    일양약품  65800.0 118.43  6.44 0.18  548.0
088350    한화생명   2440.0 115.28  0.14 1.45   18.0
181710     NHN  38914.0 110.67  0.90 0.00  656.0
093370      후성  11524.0 109.66  4.16 0.16   87.0
011150   CJ씨푸드   5100.0 102.94  2.95 0.00   51.0
006400   삼성SDI 628000.0 102.61  3.12 0.18 5331.0
000100    유한양행  65802.0 100.16  2.66 0.62  644.0
009420 한올바이오파마  37500.0  97.87 13.65 0.00  375.0
034230   파라다이스  15300.0  88.70  1.13 0.64  177.0
031820   콤텍시스템   1277.0  84.25  1.21 0.00   20.0
128940    한미약품 346409.0  83.92  6.08 0.13 4433.0
001470    삼부토건   4580.0  82.62  3.29 0.00   61.0
012690    모나리자   5040.0  81.97  3.04 0.92   66.0
047400 유니온머티리얼   3900.0  79.56  2.22 1.10   57.0
008970    동양철관   1120.0  78.00  1.74 0.00   15.0
009270      신원   1410.0  75.79  0.61 0.00   19.0
006260      LS  71400.0  74.45  0.69 2.14  912.0
036460  한국가스공사  30900.0  72.91  0.34 1.32  395.0
004380   삼익THK  12050.0  72.47  1.28 1.31  158.0
119650   KC코트렐   7962.0  71.81  1.84 0.28  149.0
2024-12-05 20:09:38,365 - INFO - 2021-01-31 00:00:00: Selected 20 stocks.
2024-12-05 20:09:38,366 - INFO - 2021-01-31 00:00:00: Portfolio Value = 22,193,121.86
2024-12-05 20:09:38,369 - INFO - Selected Stocks:
Ticker    Name    Close    PER   PBR  DIV    EPS
007570    일양약품  51000.0 115.69  6.29 0.19  548.0
084680     이월드   3200.0 114.63  1.13 0.00   27.0
181710     NHN  36462.0 112.80  0.92 0.00  656.0
009420 한올바이오파마  32200.0 100.13 13.97 0.00  375.0
011150   CJ씨푸드   4545.0  99.41  2.85 0.00   51.0
112610   씨에스윈드  80047.0  90.28  9.43 0.26 1955.0
000390   삼화페인트  10850.0  87.13  1.37 0.86  167.0
034230   파라다이스  15800.0  85.88  1.09 0.66  177.0
128940    한미약품 362005.0  82.03  5.94 0.14 4352.0
069620    대웅제약 151500.0  80.68  3.84 0.35 2132.0
006260      LS  64400.0  79.50  0.74 2.00  912.0
036460  한국가스공사  31000.0  77.97  0.36 1.23  395.0
031820   콤텍시스템   1198.0  77.25  1.11 0.00   20.0
004380   삼익THK  12700.0  76.90  1.35 1.23  158.0
008970    동양철관   1180.0  76.67  1.71 0.00   15.0
119650   KC코트렐   7372.0  76.17  1.96 0.26  149.0
214390    경보제약  14400.0  76.02  2.69 0.60  221.0
012690    모나리자   4550.0  75.61  2.80 1.00   66.0
003670  포스코퓨처엠 134500.0  75.21  7.69 0.34 1569.0
020120 키다리스튜디오  12250.0  75.18  8.62 0.00  139.0
2024-12-05 20:09:38,370 - INFO - 2021-02-28 00:00:00: Selected 20 stocks.
2024-12-05 20:09:38,371 - INFO - 2021-02-28 00:00:00: Portfolio Value = 22,071,904.89
2024-12-05 20:09:38,375 - INFO - Selected Stocks:
Ticker    Name    Close    PER   PBR  DIV    EPS
084680     이월드   3420.0 119.44  1.18 0.00   27.0
000100    유한양행  54323.0 108.60  2.89 0.60  616.0
007570    일양약품  52000.0 107.85  5.86 0.20  548.0
181710     NHN  36045.0 107.77  0.88 0.00  656.0
011150   CJ씨푸드   4325.0  90.49  2.59 0.00   51.0
020120 키다리스튜디오  11250.0  90.29 10.35 0.00  139.0
034230   파라다이스  17200.0  89.27  1.13 0.63  177.0
112610   씨에스윈드  72400.0  87.98  9.19 0.27 1955.0
128940    한미약품 324198.0  87.09  6.31 0.13 4352.0
035420   NAVER 375000.0  86.87  9.88 0.11 4006.0
009420 한올바이오파마  22050.0  86.80 12.11 0.00  375.0
003670  포스코퓨처엠 158000.0  85.72  8.76 0.30 1569.0
004380   삼익THK  12250.0  80.38  1.42 1.18  158.0
036460  한국가스공사  31850.0  79.87  0.37 1.20  395.0
008970    동양철관   1300.0  78.00  1.74 0.00   15.0
009270      신원   1425.0  77.37  0.62 0.00   19.0
251270     넷마블 123500.0  74.08  2.69 0.00 1883.0
069620    대웅제약 135500.0  73.87  3.51 0.38 2132.0
011790     SKC 117500.0  73.84  3.00 0.80 1686.0
352820     하이브 204435.0  73.70 35.58 0.00 2951.0
2024-12-05 20:09:38,376 - INFO - 2021-03-31 00:00:00: Selected 20 stocks.
2024-12-05 20:09:38,377 - INFO - 2021-03-31 00:00:00: Portfolio Value = 22,046,174.86
2024-12-05 20:09:38,380 - INFO - Selected Stocks:
Ticker    Name    Close    PER   PBR  DIV    EPS
000120  CJ대한통운 183000.0 120.83  1.24 0.00 1349.0
075580   세진중공업   6480.0 118.33  1.80 0.40   42.0
093370      후성  10254.0 116.09  4.40 0.15   87.0
181710     NHN  37819.0 105.79  0.86 0.00  656.0
000100    유한양행  55199.0 100.49  2.67 0.65  616.0
034230   파라다이스  16650.0  99.72  1.27 0.57  177.0
003670  포스코퓨처엠 155000.0  98.79 10.10 0.26 1569.0
035420   NAVER 377000.0  94.23 10.72 0.10 4006.0
007570    일양약품  33050.0  91.79  4.99 0.24  548.0
008970    동양철관   1270.0  88.67  1.98 0.00   15.0
011150   CJ씨푸드   4775.0  85.29  2.44 0.00   51.0
020120 키다리스튜디오  14050.0  83.09  9.52 0.00  139.0
036460  한국가스공사  33700.0  82.78  0.38 1.16  395.0
004380   삼익THK  12950.0  77.85  1.37 1.22  158.0
047400 유니온머티리얼   4080.0  77.02  2.15 1.14   57.0
006260      LS  68500.0  76.32  0.71 2.08  912.0
009270      신원   1490.0  76.05  0.61 0.00   19.0
031820   콤텍시스템   1260.0  74.50  1.07 0.00   20.0
112610   씨에스윈드  75800.0  74.23  7.76 0.63  978.0
128940    한미약품 299150.0  73.30  5.31 0.16 4352.0
2024-12-05 20:09:38,382 - INFO - 2021-04-30 00:00:00: Selected 20 stocks.
2024-12-05 20:09:38,383 - INFO - 2021-04-30 00:00:00: Portfolio Value = 21,968,521.63
2024-12-05 20:09:38,386 - INFO - Selected Stocks:
Ticker    Name    Close    PER   PBR  DIV    EPS
093370      후성  10059.0 121.26  4.60 0.14   87.0
181710     NHN  38080.0 109.15  0.89 0.00  656.0
020120 키다리스튜디오  14850.0 103.96 11.91 0.00  139.0
000100    유한양행  56338.0 102.44  2.72 0.63  616.0
003670  포스코퓨처엠 149000.0  99.11 10.13 0.26 1569.0
034230   파라다이스  18000.0  96.05  1.22 0.59  177.0
068290   삼성출판사  43050.0  95.28  5.12 0.22  487.0
035420   NAVER 359500.0  94.48 10.75 0.10 4006.0
011150   CJ씨푸드   4405.0  92.25  2.64 0.00   51.0
004380   삼익THK  16450.0  84.81  1.49 1.12  158.0
036460  한국가스공사  34900.0  84.56  0.39 1.14  395.0
008970    동양철관   1750.0  84.33  1.89 0.00   15.0
352820     하이브 243000.0  80.99 39.10 0.00 2951.0
009270      신원   1670.0  80.53  0.64 0.00   19.0
012690    모나리자   5160.0  79.55  2.95 0.95   66.0
011790     SKC 135000.0  79.18  3.21 0.75 1686.0
004440  삼일씨엔에스  14850.0  77.25  0.74 0.23  211.0
178920  PI첨단소재  48100.0  77.20  5.44 0.68  603.0
112610   씨에스윈드  77000.0  76.07  7.95 0.62  978.0
031820   콤텍시스템   1099.0  76.00  1.09 0.00   20.0
2024-12-05 20:09:38,387 - INFO - 2021-05-31 00:00:00: Selected 20 stocks.
2024-12-05 20:09:38,389 - INFO - 2021-05-31 00:00:00: Portfolio Value = 24,235,997.39
2024-12-05 20:09:38,392 - INFO - Selected Stocks:
Ticker       Name    Close    PER  PBR  DIV    EPS
026940       부국철강   4890.0 119.25 0.84 1.57   40.0
011280       태림포장   4945.0 117.67 1.16 0.00   43.0
194370  제이에스코퍼레이션  20150.0 114.02 1.91 2.09  189.0
069460      대호에이엘   4100.0 109.58 2.60 0.00   24.0
005880       대한해운   3360.0 105.88 1.22 0.00   34.0
069620       대웅제약 153500.0 105.77 2.66 0.47 1196.0
361610 SK아이이테크놀로지 149000.0 101.58 8.02 0.00 1521.0
028100       동아지질  22300.0 101.38 1.10 0.41  181.0
004830         덕성  24950.0  96.12 5.75 0.20  232.0
102460       이연제약  35100.0  91.15 1.60 0.97  226.0
271980       제일약품  43650.0  89.11 3.60 0.17  473.0
014160       대영포장   2650.0  89.03 1.94 0.00   31.0
000520       삼일제약   8543.0  87.18 2.02 0.78  110.0
004310       현대약품   7040.0  86.38 2.45 0.62   80.0
015590  KIB플러그에너지    594.0  85.86 1.27 0.00    7.0
008250       이건산업  15100.0  82.91 0.83 1.53  158.0
025820       이구산업   4180.0  82.37 1.54 0.64   57.0
138490     코오롱ENP   6360.0  82.15 1.24 0.00   79.0
000890       보해양조   1170.0  82.14 1.86 0.00   14.0
001770        SHD  29750.0  80.77 1.14 0.31  403.0
2024-12-05 20:09:38,393 - INFO - 2021-06-30 00:00:00: Selected 20 stocks.
2024-12-05 20:09:38,394 - INFO - 2021-06-30 00:00:00: Portfolio Value = 26,285,223.09
2024-12-05 20:09:38,398 - INFO - Selected Stocks:
Ticker       Name    Close    PER  PBR  DIV    EPS
026940       부국철강   5050.0 121.63 0.86 1.54   40.0
006490       인스코비   3115.0 115.77 8.46 0.00   26.0
011280       태림포장   4890.0 114.53 1.13 0.00   43.0
000220       유유제약   9750.0 110.95 1.47 2.25   84.0
052690       한전기술  50500.0 104.72 4.25 0.51  530.0
194370  제이에스코퍼레이션  20400.0 101.06 1.69 2.36  189.0
361610 SK아이이테크놀로지 183000.0  98.62 7.79 0.00 1521.0
005880       대한해운   3530.0  97.35 1.12 0.00   34.0
008250       이건산업  13450.0  96.52 0.97 1.31  158.0
271980       제일약품  43700.0  92.71 3.74 0.16  473.0
112610      씨에스윈드  77500.0  88.75 7.03 1.25  898.0
352820        하이브 292500.0  88.29 7.86 0.00 2956.0
004310       현대약품   7210.0  88.25 2.51 0.61   80.0
015590  KIB플러그에너지    621.0  87.57 1.30 0.00    7.0
014160       대영포장   2705.0  85.97 1.88 0.00   31.0
000890       보해양조   1220.0  85.71 1.94 0.00   14.0
000520       삼일제약   8634.0  85.45 1.98 0.80  110.0
011150      CJ씨푸드   4715.0  83.10 2.64 0.00   58.0
081000      일진다이아  42950.0  82.58 3.30 0.71  511.0
018880      한온시스템  16550.0  81.88 4.27 1.89  207.0
2024-12-05 20:09:38,399 - INFO - 2021-07-31 00:00:00: Selected 20 stocks.
2024-12-05 20:09:38,400 - INFO - 2021-07-31 00:00:00: Portfolio Value = 27,290,261.62
2024-12-05 20:09:38,403 - INFO - Selected Stocks:
Ticker      Name    Close    PER  PBR  DIV    EPS
011280      태림포장   4975.0 113.37 1.12 0.00   43.0
005880      대한해운   3095.0 106.03 1.22 0.00   34.0
194370 제이에스코퍼레이션  20150.0 105.82 1.77 2.25  189.0
352820       하이브 289500.0 102.17 9.09 0.00 2956.0
138490    코오롱ENP   7440.0  99.49 1.51 0.00   79.0
271980      제일약품  41600.0  94.71 3.82 0.16  473.0
052690      한전기술  53300.0  92.26 3.74 0.58  530.0
006340      대원전선   2645.0  92.19 2.55 0.00   32.0
004830        덕성  22900.0  91.38 5.46 0.21  232.0
004310      현대약품   6560.0  90.63 2.57 0.59   80.0
015590 KIB플러그에너지    591.0  87.57 1.30 0.00    7.0
000520      삼일제약   8314.0  86.91 2.01 0.78  110.0
014160      대영포장   3080.0  85.32 1.86 0.00   31.0
000890      보해양조   1135.0  85.00 1.93 0.00   14.0
008250      이건산업  15300.0  84.49 0.85 1.50  158.0
006400     삼성SDI 741000.0  84.25 3.93 0.14 8593.0
081000     일진다이아  47300.0  83.86 3.35 0.70  511.0
112610     씨에스윈드  82200.0  83.52 6.61 1.33  898.0
011150     CJ씨푸드   4695.0  82.76 2.63 0.00   58.0
018880     한온시스템  15600.0  80.43 4.20 1.92  207.0
2024-12-05 20:09:38,404 - INFO - 2021-08-31 00:00:00: Selected 20 stocks.
2024-12-05 20:09:38,405 - INFO - 2021-08-31 00:00:00: Portfolio Value = 28,025,403.30
2024-12-05 20:09:38,408 - INFO - Selected Stocks:
Ticker       Name    Close    PER  PBR  DIV    EPS
028100       동아지질  21150.0 119.06 1.29 0.35  181.0
194370  제이에스코퍼레이션  21350.0 117.99 1.97 2.02  189.0
000220       유유제약   8910.0 115.12 1.52 2.17   84.0
011280       태림포장   4615.0 114.53 1.13 0.00   43.0
005070     코스모신소재  42526.0 105.24 6.98 0.00  401.0
352820        하이브 289500.0  99.63 8.87 0.00 2956.0
014160       대영포장   2700.0  99.19 2.17 0.00   31.0
052690       한전기술  46450.0  98.87 4.01 0.54  530.0
138490     코오롱ENP   7290.0  97.72 1.48 0.00   79.0
008250       이건산업  13750.0  94.30 0.95 1.34  158.0
004830         덕성  17050.0  93.32 5.58 0.21  232.0
081000      일진다이아  52500.0  92.37 3.69 0.64  511.0
112610      씨에스윈드  79900.0  89.76 7.11 1.24  898.0
005880       대한해운   2945.0  88.97 1.03 0.00   34.0
271980       제일약품  39750.0  87.10 3.51 0.17  473.0
006400      삼성SDI 793000.0  86.93 4.05 0.13 8593.0
020150 롯데에너지머티리얼즈  75700.0  86.30 6.04 0.25  927.0
015590  KIB플러그에너지    520.0  84.00 1.24 0.00    7.0
000520       삼일제약   8241.0  81.82 1.90 0.83  110.0
005390       신성통상   3980.0  81.08 2.50 0.00   51.0
2024-12-05 20:09:38,410 - INFO - 2021-09-30 00:00:00: Selected 20 stocks.
2024-12-05 20:09:38,411 - INFO - 2021-09-30 00:00:00: Portfolio Value = 28,426,574.74
2024-12-05 20:09:38,414 - INFO - Selected Stocks:
Ticker       Name    Close    PER  PBR  DIV    EPS
028100       동아지질  19550.0 116.02 1.26 0.36  181.0
194370  제이에스코퍼레이션  21900.0 108.99 1.82 2.18  189.0
011280       태림포장   4235.0 108.26 1.07 0.00   43.0
051910       LG화학 776000.0 108.16 3.13 1.39 6666.0
000220       유유제약   8090.0 106.43 1.41 2.35   84.0
005070     코스모신소재  48354.0 105.86 7.02 0.00  401.0
081000      일진다이아  40850.0  98.24 3.93 0.60  511.0
352820        하이브 298500.0  96.75 8.61 0.00 2956.0
138490     코오롱ENP  19650.0  95.82 1.45 0.00   79.0
052690       한전기술  48700.0  92.17 3.74 0.58  530.0
006400      삼성SDI 718000.0  91.70 4.27 0.13 8593.0
014160       대영포장   2460.0  89.68 1.96 0.00   31.0
112610      씨에스윈드  77700.0  88.98 7.05 1.25  898.0
008250       이건산업  13800.0  87.97 0.88 1.44  158.0
005880       대한해운   2910.0  87.79 1.01 0.00   34.0
006110      삼아알미늄  28950.0  86.21 2.74 0.36  319.0
013360       일성건설   6560.0  85.20 2.50 0.36   49.0
271980       제일약품  36600.0  84.88 3.42 0.17  473.0
000520       삼일제약   7683.0  82.73 1.92 0.82  110.0
020150 롯데에너지머티리얼즈 104000.0  81.45 5.70 0.26  927.0
2024-12-05 20:09:38,415 - INFO - 2021-10-31 00:00:00: Selected 20 stocks.
2024-12-05 20:09:38,416 - INFO - 2021-10-31 00:00:00: Portfolio Value = 29,837,733.64
2024-12-05 20:09:38,420 - INFO - Selected Stocks:
Ticker       Name    Close    PER  PBR  DIV    EPS
005070     코스모신소재  41538.0 120.32 7.98 0.00  401.0
069620       대웅제약 140000.0 119.57 3.01 0.42 1196.0
051910       LG화학 836000.0 115.51 3.34 1.30 6666.0
022100      포스코DX   6690.0 114.74 2.70 0.76   57.0
020150 롯데에너지머티리얼즈 100500.0 111.11 7.77 0.19  927.0
194370  제이에스코퍼레이션  25450.0 110.05 1.84 2.16  189.0
028100       동아지질  18450.0 105.52 1.15 0.39  181.0
352820        하이브 335000.0  98.61 8.78 0.00 2956.0
011280       태림포장   4180.0  96.63 0.95 0.00   43.0
000220       유유제약   7420.0  92.14 1.22 2.71   84.0
052690       한전기술  70900.0  91.32 3.71 0.58  530.0
005880       대한해운   2820.0  88.24 1.02 0.00   34.0
006110      삼아알미늄  26550.0  86.99 2.77 0.36  319.0
008250       이건산업  14200.0  84.49 0.85 1.50  158.0
006400      삼성SDI 734000.0  82.28 3.83 0.14 8593.0
002900        TYM   6865.0  81.55 2.53 0.00   29.0
002240       고려제강  25254.0  78.55 0.49 1.04  366.0
112610      씨에스윈드  69400.0  78.51 6.22 1.42  898.0
081000      일진다이아  37850.0  77.69 3.10 0.76  511.0
100090    SK오션플랜트  20750.0  76.30 4.29 0.00  270.0
2024-12-05 20:09:38,421 - INFO - 2021-11-30 00:00:00: Selected 20 stocks.
2024-12-05 20:09:38,422 - INFO - 2021-11-30 00:00:00: Portfolio Value = 29,621,311.56
2024-12-05 20:09:38,425 - INFO - Selected Stocks:
Ticker       Name    Close    PER   PBR  DIV    EPS
069620       대웅제약 132500.0 120.82  3.04 0.42 1196.0
352820        하이브 364500.0 117.90 10.49 0.00 2956.0
022100      포스코DX   5720.0 116.67  2.74 0.75   57.0
026940       부국철강   3770.0 115.38  0.81 1.63   40.0
361610 SK아이이테크놀로지 155500.0 107.17  8.46 0.00 1521.0
020150 롯데에너지머티리얼즈 128500.0 105.29  7.36 0.20  927.0
028100       동아지질  15800.0 102.76  1.12 0.40  181.0
005070     코스모신소재  42526.0 102.62  6.81 0.00  401.0
004830         덕성  14600.0 101.29  6.06 0.19  232.0
011280       태림포장   4215.0  97.33  0.96 0.00   43.0
008250       이건산업  10750.0  89.24  0.90 1.42  158.0
000220       유유제약   6300.0  87.14  1.15 2.87   84.0
011420    갤럭시아에스엠   2500.0  87.08  4.17 0.00   36.0
006400      삼성SDI 688000.0  84.14  3.92 0.14 8593.0
005880       대한해운   2270.0  82.06  0.95 0.00   34.0
014160       대영포장   2430.0  80.48  1.76 0.00   31.0
100090    SK오션플랜트  20950.0  79.63  4.47 0.00  270.0
006110      삼아알미늄  28500.0  76.65  2.44 0.41  319.0
112610      씨에스윈드  56700.0  76.17  6.03 1.46  898.0
004310       현대약품   4930.0  73.25  2.08 0.73   80.0
2024-12-05 20:09:38,426 - INFO - 2021-12-31 00:00:00: Selected 20 stocks.
2024-12-05 20:09:38,427 - INFO - 2021-12-31 00:00:00: Portfolio Value = 28,578,458.03
2024-12-05 20:09:38,430 - INFO - Selected Stocks:
Ticker       Name    Close    PER   PBR  DIV    EPS
352820        하이브 349000.0 119.25 10.61 0.00 2956.0
013360       일성건설   6270.0 118.37  3.47 0.26   49.0
069620       대웅제약 148000.0 115.80  2.91 0.43 1196.0
071970   HD현대마린엔진   4740.0 110.51  0.70 0.00   39.0
005070     코스모신소재  45588.0 109.98  7.30 0.00  401.0
051910       LG화학 615000.0 107.71  3.12 1.39 6666.0
194370  제이에스코퍼레이션  21400.0 106.08  1.78 2.24  189.0
022100      포스코DX   6560.0 104.04  2.45 0.84   57.0
361610 SK아이이테크놀로지 168000.0 103.88  8.20 0.00 1521.0
011280       태림포장   4375.0  98.26  0.97 0.00   43.0
026940       부국철강   4265.0  97.38  0.69 1.93   40.0
271940    일진하이솔루스  54500.0  93.84 27.46 0.00  536.0
006110      삼아알미늄  27000.0  90.91  2.89 0.34  319.0
028100       동아지질  18300.0  89.23  0.97 0.46  181.0
006400      삼성SDI 655000.0  80.65  3.76 0.14 8593.0
014160       대영포장   2590.0  78.39  1.71 0.00   31.0
181710        NHN  45000.0  77.96  1.10 0.00 1148.0
100090    SK오션플랜트  21400.0  77.22  4.34 0.00  270.0
000220       유유제약   7810.0  76.19  1.01 3.28   84.0
011420    갤럭시아에스엠   3055.0  73.47  3.52 0.00   36.0
2024-12-05 20:09:38,432 - INFO - 2022-01-31 00:00:00: Selected 20 stocks.
2024-12-05 20:09:38,433 - INFO - 2022-01-31 00:00:00: Portfolio Value = 25,888,079.14
2024-12-05 20:09:38,436 - INFO - Selected Stocks:
Ticker       Name    Close    PER   PBR  DIV    EPS
071970   HD현대마린엔진   4345.0 120.51  0.77 0.00   39.0
352820        하이브 237000.0 118.57 10.55 0.00 2956.0
022100      포스코DX   5890.0 117.37  2.76 0.75   57.0
194370  제이에스코퍼레이션  22650.0 112.17  1.88 2.12  189.0
005070     코스모신소재  39266.0 111.72  7.41 0.00  401.0
361610 SK아이이테크놀로지 115000.0 108.15  8.54 0.00 1521.0
026940       부국철강   3805.0 108.00  0.76 1.74   40.0
028100       동아지질  17000.0 102.76  1.12 0.40  181.0
271940    일진하이솔루스  39500.0 102.24 29.91 0.00  536.0
011280       태림포장   3820.0 101.40  1.00 0.00   43.0
000220       유유제약   6820.0  93.10  1.23 2.69   84.0
051910       LG화학 639000.0  92.71  2.68 1.62 6666.0
006110      삼아알미늄  25150.0  86.83  2.76 0.36  319.0
014160       대영포장   2250.0  85.16  1.86 0.00   31.0
011420    갤럭시아에스엠   2200.0  84.17  4.03 0.00   36.0
100090    SK오션플랜트  16600.0  80.00  4.50 0.00  270.0
051630       진양화학   4829.0  78.26  2.35 0.00   69.0
001080       만호제강  21092.0  77.41  0.40 0.89  290.0
005880       대한해운   2140.0  77.21  0.89 0.00   34.0
000520       삼일제약   6906.0  76.27  1.77 0.89  110.0
2024-12-05 20:09:38,437 - INFO - 2022-02-28 00:00:00: Selected 20 stocks.
2024-12-05 20:09:38,438 - INFO - 2022-02-28 00:00:00: Portfolio Value = 26,926,846.61
2024-12-05 20:09:38,441 - INFO - Selected Stocks:
Ticker       Name    Close    PER  PBR  DIV    EPS
194370  제이에스코퍼레이션  27200.0 121.69 2.04 1.96  189.0
071970   HD현대마린엔진   5010.0 115.51 0.73 0.00   39.0
069620       대웅제약 166000.0 113.71 2.86 0.44 1196.0
006490       인스코비   2710.0 109.04 7.96 0.00   26.0
022100      포스코DX   5750.0 104.39 2.45 0.84   57.0
020150 롯데에너지머티리얼즈  90900.0 103.99 7.27 0.21  927.0
051910       LG화학 565000.0 101.56 2.94 1.48 6666.0
026940       부국철강   4150.0 100.38 0.71 1.87   40.0
005070     코스모신소재  38228.0  99.50 6.60 0.00  401.0
028100       동아지질  16650.0  96.96 1.05 0.43  181.0
011280       태림포장   4075.0  93.49 0.92 0.00   43.0
013360       일성건설   3475.0  87.35 2.56 0.35   49.0
000220       유유제약   7880.0  85.48 1.13 2.92   84.0
352820        하이브 288500.0  80.51 7.16 0.00 2956.0
051630       진양화학   5039.0  80.43 2.41 0.00   69.0
006110      삼아알미늄  27150.0  78.84 2.51 0.40  319.0
014160       대영포장   2300.0  77.74 1.70 0.00   31.0
001080       만호제강  21760.0  77.41 0.40 0.89  290.0
361610 SK아이이테크놀로지 123500.0  74.95 5.92 0.00 1521.0
001770        SHD  29200.0  74.32 1.05 0.33  403.0
2024-12-05 20:09:38,442 - INFO - 2022-03-31 00:00:00: Selected 20 stocks.
2024-12-05 20:09:38,443 - INFO - 2022-03-31 00:00:00: Portfolio Value = 27,198,662.65
2024-12-05 20:09:38,447 - INFO - Selected Stocks:
Ticker       Name    Close    PER   PBR  DIV    EPS
026940       부국철강   5150.0 107.50  0.76 1.74   40.0
006490       인스코비   2875.0 104.62  7.64 0.00   26.0
022100      포스코DX   6200.0 101.05  2.38 0.87   57.0
020150 롯데에너지머티리얼즈  96600.0  99.35  6.95 0.22  927.0
005070     코스모신소재  36203.0  97.51  6.47 0.00  401.0
352820        하이브 309500.0  96.92  8.62 0.00 2956.0
011280       태림포장   4215.0  95.70  0.95 0.00   43.0
000220       유유제약   8090.0  95.48  1.26 2.62   84.0
051630       진양화학   5635.0  94.20  2.83 0.00   69.0
028100       동아지질  18100.0  93.37  1.01 0.44  181.0
006110      삼아알미늄  26350.0  88.09  2.80 0.36  319.0
005880       대한해운   2785.0  85.29  0.98 0.00   34.0
051910       LG화학 532000.0  83.26  2.41 1.80 6666.0
361610 SK아이이테크놀로지 126500.0  81.53  6.44 0.00 1521.0
025820       이구산업   4890.0  79.82  1.49 0.66   57.0
001080       만호제강  24289.0  78.97  0.41 0.87  290.0
000520       삼일제약   8031.0  78.91  1.83 0.86  110.0
001770        SHD  31550.0  76.30  1.08 0.33  403.0
014160       대영포장   2320.0  76.29  1.67 0.00   31.0
271940    일진하이솔루스  44850.0  73.41 21.48 0.00  536.0
2024-12-05 20:09:38,448 - INFO - 2022-04-30 00:00:00: Selected 20 stocks.
2024-12-05 20:09:38,449 - INFO - 2022-04-30 00:00:00: Portfolio Value = 26,342,291.16
2024-12-05 20:09:38,452 - INFO - Selected Stocks:
Ticker       Name    Close    PER   PBR  DIV    EPS
013360       일성건설   5380.0 113.47  3.32 0.27   49.0
006490       인스코비   2790.0 111.92  8.17 0.00   26.0
352820        하이브 251500.0 109.27  9.72 0.00 2956.0
022100      포스코DX   6190.0 107.89  2.54 0.81   57.0
020150 롯데에너지머티리얼즈  88000.0 103.02  7.20 0.21  927.0
028100       동아지질  20300.0  98.34  1.07 0.42  181.0
051630       진양화학   4702.0  98.26  2.95 0.00   69.0
011280       태림포장   4300.0  97.21  0.96 0.00   43.0
000220       유유제약   7450.0  94.64  1.25 2.64   84.0
005070     코스모신소재  55417.0  91.65  6.08 0.00  401.0
001080       만호제강  26293.0  90.00  0.46 0.77  290.0
271940    일진하이솔루스  40400.0  83.86 24.54 0.00  536.0
025820       이구산업   4560.0  83.33  1.55 0.63   57.0
001770        SHD  32000.0  82.01  1.16 0.30  403.0
361610 SK아이이테크놀로지 127000.0  81.85  6.46 0.00 1521.0
006110      삼아알미늄  25400.0  81.50  2.59 0.38  319.0
005880       대한해운   2675.0  80.74  0.93 0.00   34.0
008250       이건산업  13250.0  79.75  0.80 1.59  158.0
000520       삼일제약   7802.0  79.18  1.84 0.86  110.0
051910       LG화학 519000.0  78.46  2.27 1.91 6666.0
2024-12-05 20:09:38,454 - INFO - 2022-05-31 00:00:00: Selected 20 stocks.
2024-12-05 20:09:38,455 - INFO - 2022-05-31 00:00:00: Portfolio Value = 26,773,851.53
2024-12-05 20:09:38,458 - INFO - Selected Stocks:
Ticker       Name    Close    PER   PBR  DIV    EPS
031440      신세계푸드  65000.0 116.99  0.99 1.03  624.0
001070       대한방직  47950.0 114.67  1.29 0.00  433.0
008770       호텔신라  78000.0 113.45  5.32 0.25  714.0
006340       대원전선   1915.0 113.06  1.71 0.00   18.0
326030     SK바이오팜  86700.0 112.44 16.41 0.00  828.0
308170    씨티알모빌리티  16600.0 106.33  1.55 0.00  166.0
009420    한올바이오파마  17300.0 106.03  5.78 0.00  174.0
011700       한신기계  11600.0 104.14  4.96 0.32  133.0
373220   LG에너지솔루션 444000.0 103.08 10.26 0.00 3963.0
020120    키다리스튜디오   9060.0  98.68  1.75 0.00  114.0
006380        카프로  19150.0  96.73  1.50 0.00   49.0
068290      삼성출판사  32100.0  95.25  1.59 0.66  316.0
001080       만호제강  24241.0  94.66  0.36 0.73  290.0
002390         한독  20700.0  94.14  0.81 1.56  239.0
102460       이연제약  28150.0  90.98  2.07 0.90  305.0
005070     코스모신소재  54034.0  90.40  7.99 0.00  604.0
361610 SK아이이테크놀로지 126000.0  88.59  3.97 0.00 1394.0
248070        솔루엠  22850.0  88.50  4.52 0.00  274.0
323410      카카오뱅크  40650.0  88.01  3.54 0.00  467.0
017390       서울가스 208000.0  86.49  0.69 0.95 2139.0
2024-12-05 20:09:38,459 - INFO - 2022-06-30 00:00:00: Selected 20 stocks.
2024-12-05 20:09:38,460 - INFO - 2022-06-30 00:00:00: Portfolio Value = 24,334,861.17
2024-12-05 20:09:38,463 - INFO - Selected Stocks:
Ticker       Name    Close    PER   PBR  DIV    EPS
008040      사조동아원   1635.0 117.22  1.30 0.00   18.0
373220   LG에너지솔루션 371000.0 111.15 11.06 0.00 3963.0
001070       대한방직  49250.0 110.85  1.24 0.00  433.0
008770       호텔신라  71200.0 107.98  5.06 0.26  714.0
006340       대원전선   1475.0 106.67  1.61 0.00   18.0
005750     대림B&Co   5000.0 104.85  0.73 1.88   66.0
031440      신세계푸드  56300.0 104.49  0.89 1.15  624.0
326030     SK바이오팜  74900.0 101.57 14.83 0.00  828.0
009420    한올바이오파마  16500.0 101.44  5.53 0.00  174.0
308170    씨티알모빌리티  12200.0  99.40  1.45 0.00  166.0
068290      삼성출판사  24150.0  99.37  1.65 0.64  316.0
005690        파미셀  11500.0  98.74 14.40 0.00  159.0
017390       서울가스 239500.0  97.94  0.79 0.84 2139.0
093370         후성  17335.0  94.88  8.64 0.06  244.0
102460       이연제약  22450.0  93.44  2.12 0.88  305.0
001080       만호제강  20567.0  89.48  0.34 0.77  290.0
005070     코스모신소재  47366.0  88.74  7.85 0.00  604.0
361610 SK아이이테크놀로지  98100.0  88.59  3.97 0.00 1394.0
011700       한신기계   9450.0  87.97  4.19 0.38  133.0
002390         한독  17350.0  86.61  0.74 1.69  239.0
2024-12-05 20:09:38,465 - INFO - 2022-07-31 00:00:00: Selected 20 stocks.
2024-12-05 20:09:38,466 - INFO - 2022-07-31 00:00:00: Portfolio Value = 26,286,235.69
2024-12-05 20:09:38,469 - INFO - Selected Stocks:
Ticker     Name    Close    PER   PBR  DIV    EPS
002350    넥센타이어   6190.0 120.00  0.35 1.94   45.0
001070     대한방직  49000.0 113.74  1.28 0.00  433.0
017390     서울가스 240000.0 110.80  0.89 0.74 2139.0
271940  일진하이솔루스  35550.0 108.98  3.66 0.00  284.0
008770     호텔신라  71800.0  96.50  4.52 0.29  714.0
009420  한올바이오파마  16350.0  91.67  5.00 0.00  174.0
031440    신세계푸드  60000.0  90.38  0.77 1.33  624.0
373220 LG에너지솔루션 422000.0  89.96  8.95 0.00 3963.0
047810   한국항공우주  57000.0  86.59  4.36 0.35  656.0
008040    사조동아원   1430.0  85.56  0.95 0.00   18.0
326030   SK바이오팜  78000.0  85.02 12.41 0.00  828.0
006340     대원전선   1540.0  80.00  1.21 0.00   18.0
069620     대웅제약 183500.0  77.20  3.34 0.35 2241.0
005750   대림B&Co   5100.0  75.76  0.53 2.60   66.0
005070   코스모신소재  52947.0  75.08  6.64 0.00  604.0
068290    삼성출판사  26450.0  75.00  1.25 0.84  316.0
001080     만호제강  22905.0  72.24  0.27 0.95  290.0
002390       한독  18150.0  71.97  0.62 2.03  239.0
308170  씨티알모빌리티  20300.0  71.69  1.05 0.00  166.0
016710    대성홀딩스  82000.0  71.25  2.53 0.34 1040.0
2024-12-05 20:09:38,470 - INFO - 2022-08-31 00:00:00: Selected 20 stocks.
2024-12-05 20:09:38,471 - INFO - 2022-08-31 00:00:00: Portfolio Value = 27,621,873.64
2024-12-05 20:09:38,475 - INFO - Selected Stocks:
Ticker     Name    Close    PER   PBR  DIV    EPS
001070     대한방직  50900.0 115.36  1.29 0.00  433.0
308170  씨티알모빌리티  17500.0 113.86  1.66 0.00  166.0
017390     서울가스 257000.0 112.90  0.91 0.72 2139.0
373220 LG에너지솔루션 462500.0 105.85 10.53 0.00 3963.0
008770     호텔신라  73800.0 101.82  4.77 0.28  714.0
031440    신세계푸드  58300.0  96.31  0.82 1.25  624.0
326030   SK바이오팜  71600.0  94.81 13.84 0.00  828.0
005070   코스모신소재  63912.0  92.05  8.14 0.00  604.0
009420  한올바이오파마  17550.0  91.95  5.01 0.00  174.0
047810   한국항공우주  61000.0  88.57  4.46 0.34  656.0
403550       쏘카  25900.0  88.55  5.02 0.00  297.0
006340     대원전선   1555.0  85.83  1.30 0.00   18.0
102460     이연제약  23800.0  85.41  1.94 0.96  305.0
068290    삼성출판사  27550.0  84.34  1.40 0.75  316.0
001080     만호제강  28202.0  84.31  0.32 0.82  290.0
020120  키다리스튜디오   8810.0  82.98  1.47 0.00  114.0
069620     대웅제약 175500.0  81.88  3.54 0.33 2241.0
016710    대성홀딩스  88600.0  81.25  2.89 0.30 1040.0
008040    사조동아원   1420.0  78.61  0.88 0.00   18.0
093370       후성  15821.0  78.07  7.11 0.08  244.0
2024-12-05 20:09:38,476 - INFO - 2022-09-30 00:00:00: Selected 20 stocks.
2024-12-05 20:09:38,477 - INFO - 2022-09-30 00:00:00: Portfolio Value = 26,083,357.54
2024-12-05 20:09:38,481 - INFO - Selected Stocks:
Ticker     Name    Close    PER   PBR  DIV    EPS
017390     서울가스 293500.0 120.15  0.96 0.68 2139.0
001070     대한방직  50000.0 117.78  1.32 0.00  433.0
373220 LG에너지솔루션 426500.0 116.83 11.62 0.00 3963.0
005070   코스모신소재  49885.0 104.47  9.24 0.00  604.0
008770     호텔신라  71900.0 102.10  4.79 0.27  714.0
308170  씨티알모빌리티  13150.0 100.90  1.47 0.00  166.0
001080     만호제강  23860.0  96.72  0.37 0.71  290.0
009420  한올바이오파마  13300.0  94.25  5.14 0.00  174.0
008730     율촌화학  26700.0  93.84  2.29 1.56  341.0
003670   포스코퓨처엠 150000.0  92.98  5.28 0.18 1753.0
031440    신세계푸드  50000.0  92.95  0.79 1.29  624.0
047810   한국항공우주  48450.0  91.62  4.61 0.33  656.0
326030   SK바이오팜  56900.0  85.99 12.55 0.00  828.0
068290    삼성출판사  20800.0  85.60  1.43 0.74  316.0
016710    대성홀딩스  88500.0  84.52  3.00 0.28 1040.0
006340     대원전선   1160.0  83.61  1.26 0.00   18.0
403550       쏘카  16000.0  83.33  4.72 0.00  297.0
000320    노루홀딩스  11050.0  80.07  0.35 3.67  153.0
005750   대림B&Co   3805.0  78.03  0.54 2.52   66.0
005690      파미셀  10300.0  76.73 11.19 0.00  159.0
2024-12-05 20:09:38,482 - INFO - 2022-10-31 00:00:00: Selected 20 stocks.
2024-12-05 20:09:38,483 - INFO - 2022-10-31 00:00:00: Portfolio Value = 30,264,300.28
2024-12-05 20:09:38,486 - INFO - Selected Stocks:
Ticker     Name    Close    PER   PBR  DIV    EPS
001070     대한방직  50900.0 117.78  1.32 0.00  433.0
373220 LG에너지솔루션 528000.0 112.16 11.16 0.00 3963.0
336370  솔루스첨단소재  16800.0 107.44  4.22 0.32  289.0
271940  일진하이솔루스  30500.0 104.75  3.52 0.00  284.0
008770     호텔신라  65000.0 104.34  4.89 0.27  714.0
008730     율촌화학  32600.0  90.03  2.20 1.63  341.0
001080     만호제강  31018.0  89.14  0.34 0.77  290.0
003670   포스코퓨처엠 199500.0  87.56  4.98 0.20 1753.0
016710    대성홀딩스  98700.0  84.81  3.01 0.28 1040.0
005070   코스모신소재  66283.0  84.11  7.44 0.00  604.0
308170  씨티알모빌리티  13000.0  81.63  1.19 0.00  166.0
031440    신세계푸드  47900.0  81.57  0.69 1.47  624.0
009420  한올바이오파마  14200.0  79.31  4.32 0.00  174.0
047810   한국항공우주  47350.0  77.90  3.92 0.39  656.0
068290    삼성출판사  24850.0  77.53  1.29 0.82  316.0
000320    노루홀딩스   9950.0  74.84  0.32 3.93  153.0
248070      솔루엠  17250.0  70.80  3.61 0.00  274.0
069620     대웅제약 161500.0  70.50  3.05 0.38 2241.0
326030   SK바이오팜  58100.0  70.05 10.23 0.00  828.0
005420    코스모화학  24795.0  66.52  4.82 0.00  348.0
2024-12-05 20:09:38,487 - INFO - 2022-11-30 00:00:00: Selected 20 stocks.
2024-12-05 20:09:38,488 - INFO - 2022-11-30 00:00:00: Portfolio Value = 32,230,713.43
2024-12-05 20:09:38,491 - INFO - Selected Stocks:
Ticker    Name    Close    PER   PBR  DIV    EPS
336370 솔루스첨단소재  19425.0 119.03  4.67 0.29  289.0
001070    대한방직  51000.0 117.32  1.32 0.00  433.0
003670  포스코퓨처엠 218500.0 116.37  6.61 0.15 1753.0
005070  코스모신소재  62430.0 114.57 10.13 0.00  604.0
271940 일진하이솔루스  33350.0 109.51  3.68 0.00  284.0
008730    율촌화학  32750.0  99.41  2.43 1.47  341.0
001570      금양  29150.0  97.97 11.42 0.00  295.0
016710   대성홀딩스 113000.0  93.75  3.33 0.26 1040.0
008770    호텔신라  73000.0  91.46  4.29 0.31  714.0
009420 한올바이오파마  14250.0  82.76  4.51 0.00  174.0
308170 씨티알모빌리티  17550.0  79.52  1.16 0.00  166.0
068290   삼성출판사  27700.0  78.64  1.31 0.80  316.0
031440   신세계푸드  49900.0  75.80  0.64 1.59  624.0
047810  한국항공우주  48500.0  75.15  3.79 0.41  656.0
005420   코스모화학  22631.0  73.56  5.33 0.00  348.0
069620    대웅제약 147500.0  73.18  3.17 0.37 2241.0
326030  SK바이오팜  73600.0  70.65 10.31 0.00  828.0
002390      한독  16350.0  67.78  0.58 2.16  239.0
006340    대원전선   1275.0  67.78  1.03 0.00   18.0
000320   노루홀딩스  10500.0  66.99  0.29 4.39  153.0
2024-12-05 20:09:38,493 - INFO - 2022-12-31 00:00:00: Selected 20 stocks.
2024-12-05 20:09:38,493 - INFO - 2022-12-31 00:00:00: Portfolio Value = 32,334,378.40
2024-12-05 20:09:38,497 - INFO - Selected Stocks:
Ticker    Name    Close    PER   PBR  DIV    EPS
271940 일진하이솔루스  29850.0 118.84  3.99 0.00  284.0
001070    대한방직  51400.0 117.78  1.32 0.00  433.0
016710   대성홀딩스 109500.0 110.10  3.91 0.22 1040.0
001570      금양  23900.0 108.64 12.67 0.00  295.0
005070  코스모신소재  51169.0 103.97  9.19 0.00  604.0
008770    호텔신라  83100.0 103.92  4.87 0.27  714.0
308170 씨티알모빌리티  13000.0 101.51  1.48 0.00  166.0
008730    율촌화학  36450.0  95.31  2.33 1.54  341.0
326030  SK바이오팜  72100.0  87.80 12.82 0.00  828.0
068290   삼성출판사  24200.0  87.34  1.45 0.72  316.0
009420 한올바이오파마  17800.0  83.05  4.53 0.00  174.0
020120 키다리스튜디오   9150.0  82.28  1.46 0.00  114.0
031440   신세계푸드  48050.0  80.45  0.68 1.49  624.0
001780     알루코   2585.0  73.02  1.24 0.00   43.0
047810  한국항공우주  50900.0  72.94  3.67 0.42  656.0
006340    대원전선   1100.0  71.11  1.08 0.00   18.0
000320   노루홀딩스   9970.0  69.93  0.30 4.21  153.0
002390      한독  16750.0  69.46  0.59 2.11  239.0
005420   코스모화학  20220.0  68.68  4.98 0.00  348.0
069620    대웅제약 158500.0  68.50  2.96 0.39 2241.0
2024-12-05 20:09:38,498 - INFO - 2023-01-31 00:00:00: Selected 20 stocks.
2024-12-05 20:09:38,499 - INFO - 2023-01-31 00:00:00: Portfolio Value = 36,058,474.59
2024-12-05 20:09:38,506 - INFO - Selected Stocks:
Ticker     Name    Close    PER   PBR  DIV    EPS
001070     대한방직  52200.0 118.71  1.33 0.00  433.0
008770     호텔신라  79200.0 114.15  5.35 0.25  714.0
373220 LG에너지솔루션 521000.0 112.54 11.20 0.00 3963.0
003670   포스코퓨처엠 224000.0 109.24  6.21 0.16 1753.0
016710    대성홀딩스 119500.0 108.17  3.85 0.22 1040.0
336370  솔루스첨단소재  19675.0 106.23  4.17 0.33  289.0
008730     율촌화학  39300.0 106.01  2.59 1.38  341.0
271940  일진하이솔루스  33150.0 102.29  3.43 0.00  284.0
009420  한올바이오파마  16400.0 101.15  5.51 0.00  174.0
005070   코스모신소재  58380.0  87.09  7.70 0.00  604.0
326030   SK바이오팜  72400.0  86.23 12.59 0.00  828.0
020120  키다리스튜디오   9310.0  79.91  1.42 0.00  114.0
001570       금양  26400.0  79.49  9.27 0.00  295.0
308170  씨티알모빌리티  15330.0  77.11  1.13 0.00  166.0
068290    삼성출판사  26100.0  75.79  1.26 0.84  316.0
047810   한국항공우주  48100.0  75.08  3.78 0.41  656.0
031440    신세계푸드  49650.0  75.00  0.64 1.60  624.0
102460     이연제약  19530.0  71.97  1.63 1.14  305.0
069620     대웅제약 152300.0  71.62  3.10 0.37 2241.0
002390       한독  16890.0  70.50  0.60 2.08  239.0
2024-12-05 20:09:38,508 - INFO - 2023-02-28 00:00:00: Selected 20 stocks.
2024-12-05 20:09:38,509 - INFO - 2023-02-28 00:00:00: Portfolio Value = 37,062,783.46
2024-12-05 20:09:38,512 - INFO - Selected Stocks:
Ticker    Name    Close    PER   PBR  DIV    EPS
001070    대한방직  52500.0 120.55  1.35 0.00  433.0
008730    율촌화학  48400.0 118.33  2.89 1.24  341.0
271940 일진하이솔루스  30750.0 116.73  3.92 0.00  284.0
016710   대성홀딩스 127100.0 116.15  4.13 0.21 1040.0
008770    호텔신라  80200.0 112.04  5.25 0.25  714.0
005070  코스모신소재  76556.0 101.49  8.97 0.00  604.0
009420 한올바이오파마  15570.0  96.15  5.24 0.00  174.0
308170 씨티알모빌리티  17440.0  92.29  1.35 0.00  166.0
001570      금양  38500.0  88.47 10.32 0.00  295.0
326030  SK바이오팜  66700.0  86.47 12.62 0.00  828.0
020120 키다리스튜디오   8940.0  83.86  1.49 0.00  114.0
068290   삼성출판사  24500.0  83.07  1.38 0.76  316.0
248070     솔루엠  22150.0  80.47  4.11 0.00  274.0
031440   신세계푸드  48100.0  78.77  0.67 1.53  624.0
047810  한국항공우주  45100.0  73.93  3.72 0.41  656.0
002390      한독  16290.0  70.92  0.61 2.06  239.0
403550      쏘카  21900.0  68.01  3.85 0.00  297.0
069620    대웅제약 116700.0  67.60  2.92 0.40 2241.0
002760      보락   1689.0  67.39  2.48 0.26   28.0
000320   노루홀딩스  10150.0  67.32  0.29 4.37  153.0
2024-12-05 20:09:38,513 - INFO - 2023-03-31 00:00:00: Selected 20 stocks.
2024-12-05 20:09:38,514 - INFO - 2023-03-31 00:00:00: Portfolio Value = 36,486,039.43
2024-12-05 20:09:38,517 - INFO - Selected Stocks:
Ticker    Name   Close    PER   PBR  DIV   EPS
001070    대한방직 53100.0 121.02  1.36 0.00 433.0
271940 일진하이솔루스 31050.0 111.44  3.74 0.00 284.0
008770    호텔신라 81500.0 111.06  5.21 0.25 714.0
308170 씨티알모빌리티 16600.0  99.28  1.45 0.00 166.0
009420 한올바이오파마 18350.0  89.08  4.85 0.00 174.0
248070     솔루엠 22350.0  81.20  4.14 0.00 274.0
326030  SK바이오팜 63300.0  78.74 11.50 0.00 828.0
068290   삼성출판사 22900.0  78.01  1.30 0.81 316.0
020120 키다리스튜디오  7520.0  77.72  1.38 0.00 114.0
031440   신세계푸드 44900.0  77.48  0.66 1.55 624.0
403550      쏘카 18240.0  72.73  4.12 0.00 297.0
047810  한국항공우주 47400.0  68.67  3.46 0.44 656.0
001780     알루코  3255.0  68.26  1.16 0.00  43.0
002390      한독 15050.0  67.28  0.58 2.18 239.0
000320   노루홀딩스  9720.0  66.21  0.29 4.44 153.0
102460    이연제약 17930.0  62.23  1.41 1.32 305.0
006340    대원전선  1079.0  61.89  0.94 0.00  18.0
005690     파미셀  9130.0  60.25  8.79 0.00 159.0
002760      보락  1591.0  60.18  2.22 0.30  28.0
005750  대림B&Co  3385.0  56.21  0.39 3.50  66.0
2024-12-05 20:09:38,519 - INFO - 2023-04-30 00:00:00: Selected 20 stocks.
2024-12-05 20:09:38,520 - INFO - 2023-04-30 00:00:00: Portfolio Value = 38,359,187.02
2024-12-05 20:09:38,523 - INFO - Selected Stocks:
Ticker    Name   Close    PER   PBR  DIV    EPS
008730    율촌화학 38600.0 121.85  2.98 1.20  341.0
008770    호텔신라 81500.0 115.55  5.42 0.24  714.0
271940 일진하이솔루스 29650.0 109.33  3.67 0.00  284.0
009420 한올바이오파마 20500.0 108.51  5.91 0.00  174.0
308170 씨티알모빌리티 16550.0 102.65  1.50 0.00  166.0
248070     솔루엠 24400.0  82.30  4.20 0.00  274.0
001780     알루코  3140.0  79.07  1.34 0.00   43.0
326030  SK바이오팜 69000.0  75.00 10.95 0.00  828.0
047810  한국항공우주 54800.0  73.09  3.68 0.42  656.0
068290   삼성출판사 21950.0  72.47  1.21 0.87  316.0
031440   신세계푸드 44100.0  71.55  0.61 1.68  624.0
006740    영풍제지 17880.0  70.99  3.42 0.16  362.0
020120 키다리스튜디오  7170.0  67.02  1.19 0.00  114.0
006110   삼아알미늄 73600.0  66.70  6.64 0.27 1105.0
093370      후성 13155.0  66.60  6.07 0.09  244.0
000320   노루홀딩스  9820.0  63.92  0.28 4.60  153.0
002390      한독 15280.0  62.97  0.54 2.33  239.0
008930  한미사이언스 43800.0  62.70  3.89 0.51  626.0
403550      쏘카 18070.0  61.01  3.46 0.00  297.0
006340    대원전선  1156.0  60.94  0.92 0.00   18.0
2024-12-05 20:09:38,524 - INFO - 2023-05-31 00:00:00: Selected 20 stocks.
2024-12-05 20:09:38,525 - INFO - 2023-05-31 00:00:00: Portfolio Value = 38,521,194.38
2024-12-05 20:09:38,528 - INFO - Selected Stocks:
Ticker       Name    Close    PER  PBR  DIV     EPS
012280       영화금속   1042.0 118.00 0.89 0.00     9.0
095720      웅진씽크빅   3020.0 117.04 1.01 3.48    27.0
010820        퍼스텍   4530.0 117.03 3.66 0.00    37.0
033530      SJG세종   8100.0 108.59 0.47 1.44    64.0
060980      HL홀딩스  35550.0 107.01 0.33 5.95   314.0
004410       서울식품    225.0 106.50 2.84 0.00     2.0
446070   유니드비티플러스   8670.0 104.67 0.52 0.00    90.0
011170      롯데케미칼 166900.0 100.12 0.42 2.04  1716.0
083420      그린케미칼   9930.0  90.89 2.13 2.06   123.0
006740       영풍제지  20700.0  90.41 5.28 4.44   194.0
004800         효성  50303.0  85.88 0.53 6.67   786.0
027740        마니커   1405.0  85.31 1.76 0.00    16.0
041650     상신브레이크   3790.0  84.73 0.32 3.19    37.0
001440       대한전선  12963.0  82.89 2.13 0.00    18.0
298040      효성중공업  80000.0  74.48 0.78 0.00  1097.0
006340       대원전선   1203.0  68.33 1.00 0.00    18.0
007070      GS리테일  24850.0  68.23 0.68 1.60   395.0
207940   삼성바이오로직스 784000.0  67.03 6.08 0.00 11442.0
020150 롯데에너지머티리얼즈  57300.0  64.21 1.93 0.49   950.0
009460       한창제지   1350.0  63.90 0.73 1.49    21.0
2024-12-05 20:09:38,530 - INFO - 2023-06-30 00:00:00: Selected 20 stocks.
2024-12-05 20:09:38,531 - INFO - 2023-06-30 00:00:00: Portfolio Value = 38,466,330.29
2024-12-05 20:09:38,534 - INFO - Selected Stocks:
Ticker     Name    Close    PER  PBR  DIV     EPS
010820      퍼스텍   4185.0 118.92 3.72 0.00    37.0
012280     영화금속   1030.0 116.56 0.88 0.00     9.0
060980    HL홀딩스  37000.0 113.69 0.35 5.60   314.0
095720    웅진씽크빅   2700.0 112.22 0.96 3.63    27.0
006740     영풍제지  23800.0 110.57 6.46 3.63   194.0
004410     서울식품    215.0 110.50 2.95 0.00     2.0
041650   상신브레이크   3820.0 105.54 0.40 2.56    37.0
011170    롯데케미칼 154600.0  97.03 0.41 2.10  1716.0
446070 유니드비티플러스   7830.0  96.89 0.48 0.00    90.0
027740      마니커   1468.0  86.69 1.79 0.00    16.0
016710    대성홀딩스  14780.0  84.09 0.64 1.32   225.0
004800       효성  48685.0  83.08 0.51 6.89   786.0
083420    그린케미칼   8970.0  80.89 1.89 2.31   123.0
001440     대한전선  12917.0  78.83 2.03 0.00   180.0
298040    효성중공업 114900.0  74.48 0.78 0.00  1097.0
207940 삼성바이오로직스 744000.0  68.87 6.24 0.00 11442.0
006340     대원전선   1222.0  66.33 0.97 0.00    18.0
092200     디아이씨   6180.0  65.06 1.96 0.00    79.0
009460     한창제지   1355.0  64.57 0.73 1.47    21.0
007070    GS리테일  22900.0  62.53 0.62 1.74   395.0
2024-12-05 20:09:38,535 - INFO - 2023-07-31 00:00:00: Selected 20 stocks.
2024-12-05 20:09:38,536 - INFO - 2023-07-31 00:00:00: Portfolio Value = 44,468,996.93
2024-12-05 20:09:38,539 - INFO - Selected Stocks:
Ticker     Name    Close    PER  PBR  DIV    EPS
377300    카카오페이  50200.0 119.29 3.57 0.00  407.0
060980    HL홀딩스  37500.0 118.79 0.36 5.36  314.0
010820      퍼스텍   3775.0 114.59 3.58 0.00   37.0
012280     영화금속    918.0 114.56 0.87 0.00    9.0
004410     서울식품    199.0 107.50 2.87 0.00    2.0
298040    효성중공업 174500.0 105.93 1.11 0.00 1097.0
041650   상신브레이크   3840.0 103.24 0.39 2.62   37.0
095720    웅진씽크빅   2380.0  98.89 0.85 4.12   27.0
011170    롯데케미칼 150600.0  92.31 0.39 2.21 1716.0
027740      마니커   1147.0  91.38 1.88 0.00   16.0
446070 유니드비티플러스   9290.0  90.11 0.45 0.00   90.0
004800       효성  46451.0  80.92 0.50 7.08  786.0
006880    신송홀딩스   8620.0  80.65 1.27 1.07  139.0
001440     대한전선  11827.0  80.00 2.06 0.00  180.0
092200     디아이씨   5820.0  77.85 2.34 0.00   79.0
012030       DB   2035.0  75.17 1.51 0.00   30.0
083420    그린케미칼   8350.0  73.90 1.73 2.53  123.0
006340     대원전선   1108.0  69.17 1.01 0.00   18.0
016710    대성홀딩스  13750.0  68.40 0.52 1.62  225.0
004840    DRB동일   5310.0  67.25 0.28 0.74   80.0
2024-12-05 20:09:38,541 - INFO - 2023-08-31 00:00:00: Selected 20 stocks.
2024-12-05 20:09:38,542 - INFO - 2023-08-31 00:00:00: Portfolio Value = 43,774,667.01
2024-12-05 20:09:38,545 - INFO - Selected Stocks:
Ticker     Name    Close    PER   PBR  DIV     EPS
004140       동방   2095.0 117.94  0.75 0.00    17.0
002700     신일전자   1762.0 117.47  1.51 0.57    15.0
022100    포스코DX  56100.0 116.50 12.87 0.21   300.0
060980    HL홀딩스  35900.0 116.40  0.36 5.47   314.0
308170  씨티알모빌리티  14080.0 107.71  1.17 0.00   131.0
041650   상신브레이크   3560.0 105.00  0.39 2.57    37.0
446070 유니드비티플러스   9030.0 102.78  0.51 0.00    90.0
010820      퍼스텍   3670.0 102.03  3.19 0.00    37.0
012280     영화금속    900.0 100.22  0.76 0.00     9.0
004410     서울식품    200.0 100.00  2.67 0.00     2.0
011170    롯데케미칼 136600.0  92.66  0.39 2.20  1716.0
095720    웅진씽크빅   2455.0  89.26  0.77 4.56    27.0
004800       효성  48839.0  77.35  0.47 7.40   786.0
001440     대한전선  11991.0  72.72  1.87 0.00   180.0
092200     디아이씨   5060.0  72.53  2.18 0.00    79.0
027740      마니커   1241.0  72.13  1.49 0.00    16.0
207940 삼성바이오로직스 737000.0  70.09  6.35 0.00 11442.0
012030       DB   1785.0  70.00  1.41 0.00    30.0
006110    삼아알미늄  99600.0  69.44  8.66 0.23  1564.0
083420    그린케미칼   7890.0  67.56  1.58 2.77   123.0
2024-12-05 20:09:38,547 - INFO - 2023-09-30 00:00:00: Selected 20 stocks.
2024-12-05 20:09:38,548 - INFO - 2023-09-30 00:00:00: Portfolio Value = 42,851,404.25
2024-12-05 20:09:38,551 - INFO - Selected Stocks:
Ticker     Name    Close    PER  PBR  DIV    EPS
298020    효성티앤씨 352000.0 121.37 1.15 3.07 2686.0
002700     신일전자   1804.0 116.53 1.50 0.57   15.0
060980    HL홀딩스  35200.0 113.22 0.35 5.63  314.0
377300    카카오페이  40750.0 111.43 3.34 0.00  407.0
308170  씨티알모빌리티  12520.0 107.94 1.17 0.00  131.0
033530    SJG세종   6200.0 104.38 0.45 1.50   64.0
446070 유니드비티플러스   7980.0 102.89 0.51 0.00   90.0
012280     영화금속    895.0 101.33 0.77 0.00    9.0
004410     서울식품    192.0  99.00 2.64 0.00    2.0
010820      퍼스텍   3235.0  97.84 3.06 0.00   37.0
041650   상신브레이크   3500.0  95.68 0.36 2.82   37.0
095720    웅진씽크빅   2400.0  92.41 0.79 4.41   27.0
192820     코스맥스 128700.0  82.59 2.96 0.00 1838.0
004800       효성  47683.0  79.52 0.49 7.20  786.0
011170    롯데케미칼 137100.0  77.74 0.33 2.62 1716.0
027740      마니커   1131.0  76.25 1.57 0.00   16.0
011330      유니켐   2370.0  72.73 1.43 0.83   33.0
001440     대한전선  11019.0  72.50 1.86 0.00  180.0
090430   아모레퍼시픽 122000.0  68.39 1.92 0.51 1949.0
003720       삼영   4915.0  66.50 3.49 0.00   80.0
2024-12-05 20:09:38,552 - INFO - 2023-10-31 00:00:00: Selected 20 stocks.
2024-12-05 20:09:38,553 - INFO - 2023-10-31 00:00:00: Portfolio Value = 41,293,789.47
2024-12-05 20:09:38,556 - INFO - Selected Stocks:
Ticker     Name    Close    PER  PBR  DIV    EPS
008040    사조동아원    893.0 119.75 0.58 0.00    8.0
002700     신일전자   1841.0 119.07 1.53 0.56   15.0
002140     고려산업   3095.0 113.21 0.74 0.79   28.0
004140       동방   1814.0 111.47 0.71 0.00   17.0
060980    HL홀딩스  31850.0 110.99 0.34 5.74  314.0
271940  일진하이솔루스  19200.0 109.28 2.45 0.00  194.0
005420    코스모화학  31250.0 106.69 5.83 0.00  329.0
377300    카카오페이  34200.0  97.42 2.92 0.00  407.0
012280     영화금속    910.0  97.00 0.73 0.00    9.0
004410     서울식품    183.0  95.00 2.53 0.00    2.0
308170  씨티알모빌리티  12200.0  92.90 1.01 0.00  131.0
033530    SJG세종   5230.0  92.19 0.40 1.69   64.0
041650   상신브레이크   3230.0  92.03 0.35 2.94   37.0
095720    웅진씽크빅   2435.0  87.41 0.75 4.66   27.0
010820      퍼스텍   3335.0  83.51 2.61 0.00   37.0
446070 유니드비티플러스   7530.0  83.11 0.41 0.00   90.0
092200     디아이씨   5110.0  81.14 2.44 0.00   79.0
011170    롯데케미칼 146400.0  76.52 0.32 2.67 1716.0
004800       효성  45450.0  76.21 0.47 7.51  786.0
004840    DRB동일   5160.0  72.50 0.31 0.69   80.0
2024-12-05 20:09:38,557 - INFO - 2023-11-30 00:00:00: Selected 20 stocks.
2024-12-05 20:09:38,558 - INFO - 2023-11-30 00:00:00: Portfolio Value = 47,738,615.78
2024-12-05 20:09:38,562 - INFO - Selected Stocks:
Ticker     Name    Close    PER  PBR  DIV    EPS
010040     한국내화   3120.0 117.61 0.44 1.66   23.0
008040    사조동아원    933.0 114.50 0.56 0.00    8.0
373220 LG에너지솔루션 454500.0 114.19 4.72 0.00 3306.0
052690     한전기술  61200.0 112.29 3.71 0.53  472.0
002140     고려산업   3135.0 111.43 0.73 0.80   28.0
004140       동방   2050.0 107.82 0.68 0.00   17.0
012280     영화금속    940.0 102.78 0.78 0.00    9.0
060980    HL홀딩스  33300.0 101.91 0.31 6.25  314.0
271940  일진하이솔루스  23200.0  99.43 2.23 0.00  194.0
005420    코스모화학  37500.0  95.14 5.20 0.00  329.0
308170  씨티알모빌리티  12870.0  93.82 1.02 0.00  131.0
010820      퍼스텍   3325.0  92.16 2.88 0.00   37.0
095720    웅진씽크빅   2740.0  92.04 0.79 4.43   27.0
004410     서울식품    186.0  90.50 2.41 0.00    2.0
041650   상신브레이크   3620.0  90.41 0.34 2.99   37.0
377300    카카오페이  46100.0  85.01 2.55 0.00  407.0
011170    롯데케미칼 154200.0  84.85 0.36 2.40 1716.0
446070 유니드비티플러스   8440.0  84.67 0.42 0.00   90.0
033530    SJG세종   5520.0  82.34 0.35 1.90   64.0
004800       효성  52691.0  77.35 0.47 7.40  786.0
2024-12-05 20:09:38,563 - INFO - 2023-12-31 00:00:00: Selected 20 stocks.
2024-12-05 20:09:38,564 - INFO - 2023-12-31 00:00:00: Portfolio Value = 46,445,266.50
2024-12-05 20:09:38,567 - INFO - Selected Stocks:
Ticker     Name    Close    PER   PBR  DIV    EPS
271940  일진하이솔루스  26350.0 121.39  2.72 0.00  194.0
004140       동방   2060.0 121.18  0.77 0.00   17.0
008040    사조동아원    955.0 117.00  0.57 0.00    8.0
377300    카카오페이  49300.0 113.27  3.39 0.00  407.0
005420    코스모화학  39000.0 111.40  6.09 0.00  329.0
002140     고려산업   3140.0 111.07  0.73 0.80   28.0
017860     DS단석  96370.0 109.86 14.21 0.00 3641.0
060980    HL홀딩스  33300.0 104.62  0.32 6.09  314.0
012280     영화금속    886.0 101.89  0.77 0.00    9.0
095720    웅진씽크빅   2560.0  99.63  0.86 4.09   27.0
446070 유니드비티플러스   7100.0  99.56  0.49 0.00   90.0
041650   상신브레이크   3650.0  97.97  0.37 2.76   37.0
004410     서울식품    192.0  96.50  2.57 0.00    2.0
308170  씨티알모빌리티  12300.0  95.27  1.03 0.00  131.0
011170    롯데케미칼 153200.0  91.78  0.39 2.22 1716.0
010820      퍼스텍   3245.0  91.35  2.86 0.00   37.0
004800       효성  48762.0  87.28  0.53 6.56  786.0
033530    SJG세종   5940.0  86.72  0.37 1.80   64.0
006110    삼아알미늄 106400.0  78.71  9.82 0.20 1564.0
004840    DRB동일   5850.0  69.88  0.29 0.72   80.0
2024-12-05 20:09:38,569 - INFO - 2024-01-31 00:00:00: Selected 20 stocks.
2024-12-05 20:09:38,570 - INFO - 2024-01-31 00:00:00: Portfolio Value = 46,910,035.59
2024-12-05 20:09:38,573 - INFO - Selected Stocks:
Ticker     Name    Close    PER  PBR  DIV     EPS
008040    사조동아원    914.0 120.63 0.59 0.00     8.0
005420    코스모화학  28700.0 117.02 6.40 0.00   329.0
002140     고려산업   3155.0 112.50 0.73 0.79    28.0
060980    HL홀딩스  33300.0 104.78 0.32 6.08   314.0
012280     영화금속    893.0 100.00 0.76 0.00     9.0
041650   상신브레이크   3525.0  97.57 0.37 2.77    37.0
004410     서울식품    183.0  97.00 2.59 0.00     2.0
095720    웅진씽크빅   2475.0  95.74 0.82 4.26    27.0
308170  씨티알모빌리티  11180.0  94.05 1.02 0.00   131.0
033530    SJG세종   5560.0  93.75 0.40 1.67    64.0
010820      퍼스텍   3205.0  88.51 2.77 0.00    37.0
011170    롯데케미칼 130700.0  85.20 0.36 2.39  1716.0
004800       효성  48377.0  79.39 0.49 7.21   786.0
446070 유니드비티플러스   5710.0  79.22 0.39 0.00    90.0
017860     DS단석  57989.0  76.63 9.91 0.00  3641.0
027740      마니커   1170.0  74.94 1.54 0.00    16.0
004840    DRB동일   5490.0  73.00 0.31 0.68    80.0
090430   아모레퍼시픽 118000.0  72.45 2.03 0.48  1949.0
207940 삼성바이오로직스 840000.0  68.96 6.25 0.00 11442.0
011330      유니켐   2005.0  68.33 1.34 0.89    33.0
2024-12-05 20:09:38,574 - INFO - 2024-02-29 00:00:00: Selected 20 stocks.
2024-12-05 20:09:38,575 - INFO - 2024-02-29 00:00:00: Portfolio Value = 47,321,800.67
2024-12-05 20:09:38,578 - INFO - Selected Stocks:
Ticker     Name    Close    PER   PBR  DIV    EPS
271940  일진하이솔루스  23500.0 119.07  2.67 0.00  194.0
373220 LG에너지솔루션 401500.0 115.40  4.77 0.00 3306.0
008040    사조동아원    948.0 114.63  0.56 0.00    8.0
377300    카카오페이  44050.0 114.00  3.42 0.00  407.0
002140     고려산업   3130.0 112.86  0.74 0.79   28.0
298020    효성티앤씨 290000.0 111.69  1.06 3.33 2686.0
060980    HL홀딩스  34650.0 111.46  0.34 5.71  314.0
041650   상신브레이크   3690.0 101.89  0.38 2.65   37.0
012280     영화금속    930.0 101.78  0.77 0.00    9.0
095720    웅진씽크빅   2490.0  92.59  0.80 4.40   27.0
033530    SJG세종   6040.0  91.56  0.39 1.71   64.0
004410     서울식품    180.0  91.50  2.44 0.00    2.0
005420    코스모화학  35050.0  88.30  4.83 0.00  329.0
010820      퍼스텍   3385.0  87.97  2.75 0.00   37.0
308170  씨티알모빌리티  10770.0  86.72  0.94 0.00  131.0
004800       효성  46066.0  82.82  0.51 6.91  786.0
011170    롯데케미칼 122400.0  81.64  0.35 2.50 1716.0
278470     에이피알  59600.0  75.22 22.75 0.00 4221.0
027740      마니커   1178.0  73.75  1.52 0.00   16.0
004840    DRB동일   6550.0  73.25  0.31 0.68   80.0
2024-12-05 20:09:38,580 - INFO - 2024-03-31 00:00:00: Selected 20 stocks.
2024-12-05 20:09:38,581 - INFO - 2024-03-31 00:00:00: Portfolio Value = 51,626,760.98
2024-12-05 20:09:38,584 - INFO - Selected Stocks:
Ticker     Name    Close    PER       PBR  DIV    EPS
271940  일진하이솔루스  24600.0 121.13  2.710000 0.00  194.0
008040    사조동아원    952.0 121.00  0.590000 0.00    8.0
373220 LG에너지솔루션 395000.0 120.54  4.980000 0.00 3306.0
002140     고려산업   3145.0 111.79  0.730000 0.80   28.0
060980    HL홀딩스  33850.0 110.67  0.340000 5.76  314.0
377300    카카오페이  38500.0 108.48  3.250000 0.00  407.0
298020    효성티앤씨 324500.0 107.97  1.020000 3.45 2686.0
005420    코스모화학  39350.0 107.45  5.870000 0.00  329.0
012280     영화금속    896.0 103.89  0.790000 0.00    9.0
041650   상신브레이크   4105.0 102.16  0.380000 2.65   37.0
042700    한미반도체 133700.0 101.60 23.799999 0.21  939.0
033530    SJG세종   5870.0  93.44  0.400000 1.67   64.0
010820      퍼스텍   3305.0  90.68  2.840000 0.00   37.0
004410     서울식품    180.0  90.50  2.410000 0.00    2.0
095720    웅진씽크빅   2340.0  89.44  0.770000 4.55   27.0
308170  씨티알모빌리티  10200.0  80.53  0.870000 0.00  131.0
004840    DRB동일   5910.0  79.00  0.330000 0.63   80.0
004800       효성  49070.0  75.57  0.460000 7.58  786.0
011170    롯데케미칼 119300.0  74.01  0.310000 2.76 1716.0
027740      마니커   1180.0  73.94  1.520000 0.00   16.0
2024-12-05 20:09:38,585 - INFO - 2024-04-30 00:00:00: Selected 20 stocks.
2024-12-05 20:09:38,586 - INFO - 2024-04-30 00:00:00: Portfolio Value = 50,997,760.86
2024-12-05 20:09:38,589 - INFO - Selected Stocks:
Ticker     Name    Close    PER  PBR  DIV     EPS
298020    효성티앤씨 368000.0 121.00 1.15 3.08  2686.0
373220 LG에너지솔루션 389000.0 119.63 4.94 0.00  3306.0
005420    코스모화학  32150.0 118.84 6.50 0.00   329.0
008040    사조동아원   1001.0 118.50 0.58 0.00     8.0
002140     고려산업   3110.0 112.50 0.73 0.79    28.0
041650   상신브레이크   4000.0 111.35 0.42 2.43    37.0
060980    HL홀딩스  33900.0 106.53 0.33 5.98   314.0
012280     영화금속    866.0  97.56 0.74 0.00     9.0
377300    카카오페이  35300.0  96.07 2.88 0.00   407.0
033530    SJG세종   5930.0  92.34 0.40 1.69    64.0
010820      퍼스텍   3315.0  90.95 2.84 0.00    37.0
004410     서울식품    173.0  90.00 2.40 0.00     2.0
095720    웅진씽크빅   2150.0  87.78 0.75 4.64    27.0
006340     대원전선   3275.0  81.22 1.19 0.00    18.0
308170  씨티알모빌리티   9480.0  77.40 0.84 0.00   131.0
004800       효성  46451.0  76.08 0.47 7.53   786.0
027740      마니커   1140.0  74.56 1.54 0.00    16.0
004840    DRB동일   5910.0  73.88 0.31 0.68    80.0
011170    롯데케미칼 107500.0  72.55 0.31 2.81  1716.0
207940 삼성바이오로직스 781000.0  71.32 6.46 0.00 11442.0
2024-12-05 20:09:38,590 - INFO - 2024-05-31 00:00:00: Selected 20 stocks.
2024-12-05 20:09:38,591 - INFO - 2024-05-31 00:00:00: Portfolio Value = 49,079,057.67
2024-12-05 20:09:38,595 - INFO - Selected Stocks:
Ticker     Name    Close    PER   PBR  DIV     EPS
007070    GS리테일  19830.0 114.97  0.51 2.51   173.0
034310     NICE  10870.0 111.82  0.58 3.67   110.0
112610    씨에스윈드  52800.0 107.29  2.38 0.97   480.0
001510     SK증권    569.0  99.33  0.39 0.34     6.0
005690      파미셀   5970.0  98.00  4.39 0.00    60.0
010660     화천기계   3640.0  95.66  0.58 0.83    38.0
002760       보락   1131.0  81.71  1.41 0.44    14.0
077970    STX엔진  13290.0  80.48  1.43 0.00   167.0
000520     삼일제약   8130.0  79.57  1.04 0.00   116.0
052690     한전기술  69900.0  76.69  4.57 0.78   858.0
003530   한화투자증권   3245.0  75.48  0.44 0.00    42.0
009470     삼화전기  71500.0  74.64  5.71 0.48   840.0
373220 LG에너지솔루션 331000.0  73.58  4.51 0.00  5287.0
102460     이연제약  14320.0  71.08  1.02 1.08   195.0
022100    포스코DX  35350.0  66.53 13.30 0.25   605.0
090430   아모레퍼시픽 194200.0  66.46  2.44 0.52  2609.0
226320     잇츠한불  16300.0  65.23  0.60 1.19   193.0
207940 삼성바이오로직스 730000.0  64.31  5.61 0.00 12051.0
446070 유니드비티플러스   5320.0  61.85  0.28 0.00    81.0
018880    한온시스템   5010.0  61.15  1.32 5.38    96.0
2024-12-05 20:09:38,597 - INFO - 2024-06-30 00:00:00: Selected 20 stocks.
2024-12-05 20:09:38,598 - INFO - 2024-06-30 00:00:00: Portfolio Value = 47,624,438.70
2024-12-05 20:09:38,601 - INFO - Selected Stocks:
Ticker     Name    Close    PER  PBR  DIV    EPS
002700     신일전자   1701.0 115.73 1.48 0.86   15.0
003620   KG모빌리티   5140.0 112.92 0.94 0.00   48.0
112610    씨에스윈드  49500.0 109.38 2.43 0.95  480.0
005690      파미셀   5600.0 100.00 4.48 0.00   60.0
034310     NICE  10950.0  99.55 0.51 4.12  110.0
010660     화천기계   3245.0  98.42 0.60 0.80   38.0
001510     SK증권    562.0  95.17 0.37 0.35    6.0
009470     삼화전기  78400.0  87.62 6.70 0.41  840.0
226320     잇츠한불  14670.0  85.85 0.79 0.91  193.0
077970    STX엔진  17100.0  84.61 1.50 0.00  167.0
214420     토니모리  11830.0  81.55 3.19 0.00  155.0
052690     한전기술  68600.0  81.47 4.86 0.74  858.0
002760       보락   1220.0  81.21 1.40 0.44   14.0
003530   한화투자증권   3230.0  78.93 0.46 0.00   42.0
001340     백광산업  13830.0  73.26 2.65 0.47  175.0
102460     이연제약  13630.0  72.26 1.04 1.06  195.0
090430   아모레퍼시픽 167300.0  71.75 2.64 0.49 2609.0
000520     삼일제약   8270.0  70.00 0.92 0.00  116.0
446070 유니드비티플러스   4800.0  65.31 0.29 0.00   81.0
071090     하이스틸   3735.0  64.38 0.57 0.24   65.0
2024-12-05 20:09:38,602 - INFO - 2024-07-31 00:00:00: Selected 20 stocks.
2024-12-05 20:09:38,603 - INFO - 2024-07-31 00:00:00: Portfolio Value = 43,956,868.56
2024-12-05 20:09:38,607 - INFO - Selected Stocks:
Ticker     Name   Close    PER   PBR  DIV   EPS
007070    GS리테일 21200.0 119.65  0.53 2.42 173.0
002700     신일전자  1634.0 113.60  1.46 0.88  15.0
003620   KG모빌리티  6000.0 108.33  0.90 0.00  48.0
077970    STX엔진 16150.0 104.13  1.85 0.00 167.0
034310     NICE 10440.0  98.18  0.51 4.18 110.0
112610    씨에스윈드 47650.0  96.77  2.15 1.08 480.0
001510     SK증권   560.0  93.67  0.37 0.36   6.0
005690      파미셀  5240.0  93.67  4.19 0.00  60.0
002760       보락  1165.0  87.64  1.51 0.41  14.0
010660     화천기계  3025.0  87.11  0.53 0.91  38.0
009470     삼화전기 50000.0  81.55  6.24 0.44 840.0
052690     한전기술 76100.0  79.49  4.74 0.76 858.0
003530   한화투자증권  3765.0  77.62  0.45 0.00  42.0
465770 STX그린로지스 14000.0  75.62  3.57 0.00 201.0
226320     잇츠한불 12980.0  75.44  0.70 1.03 193.0
001340     백광산업  9130.0  75.14  2.72 0.46 175.0
007660   이수페타시스 45150.0  75.10 13.44 0.18 755.0
214420     토니모리  9540.0  73.94  2.89 0.00 155.0
000520     삼일제약  9580.0  70.86  0.93 0.00 116.0
102460     이연제약 14010.0  70.36  1.01 1.09 195.0
2024-12-05 20:09:38,608 - INFO - 2024-08-31 00:00:00: Selected 20 stocks.
2024-12-05 20:09:38,609 - INFO - 2024-08-31 00:00:00: Portfolio Value = 44,215,913.44
2024-12-05 20:09:38,612 - INFO - Selected Stocks:
Ticker     Name    Close    PER  PBR  DIV     EPS
002990     금호건설   3515.0 121.29 0.29 0.00    31.0
002700     신일전자   1465.0 109.13 1.40 0.92    15.0
112610    씨에스윈드  64400.0 106.04 2.35 0.98   480.0
034310     NICE  11150.0  98.09 0.51 4.18   110.0
077970    STX엔진  20900.0  96.41 1.71 0.00   167.0
001510     SK증권    517.0  94.33 0.37 0.35     6.0
000520     삼일제약  10750.0  91.64 1.20 0.00   116.0
005690      파미셀   5850.0  89.50 4.01 0.00    60.0
052690     한전기술  67100.0  88.00 5.25 0.68   858.0
003530   한화투자증권   3405.0  87.62 0.51 0.00    42.0
002760       보락   1077.0  83.43 1.43 0.43    14.0
010660     화천기계   2880.0  81.32 0.49 0.97    38.0
207940 삼성바이오로직스 980000.0  76.76 6.70 0.00 12051.0
102460     이연제약  13940.0  73.64 1.06 1.04   195.0
465770 STX그린로지스  10900.0  72.54 3.42 0.00   201.0
226320     잇츠한불  12060.0  69.17 0.64 1.12   193.0
090430   아모레퍼시픽 124400.0  68.15 2.51 0.51  2609.0
009540 HD한국조선해양 191400.0  67.94 1.52 0.00  3135.0
007110     일신석재   1350.0  65.57 1.87 0.00    21.0
214420     토니모리   9020.0  63.74 2.49 0.00   155.0
2024-12-05 20:09:38,614 - INFO - 2024-09-30 00:00:00: Selected 20 stocks.
2024-12-05 20:09:38,615 - INFO - 2024-09-30 00:00:00: Portfolio Value = 44,986,548.76
2024-12-05 20:09:38,618 - INFO - Selected Stocks:
Ticker     Name    Close    PER  PBR  DIV     EPS
002990     금호건설   3240.0 112.42 0.27 0.00    31.0
003160      디아이  14820.0 105.74 2.21 0.78   122.0
034310     NICE  10730.0  99.27 0.51 4.13   110.0
002700     신일전자   1514.0  96.87 1.24 1.03    15.0
000520     삼일제약  16010.0  95.69 1.26 0.00   116.0
001290    상상인증권    473.0  95.60 0.22 0.00     5.0
005690      파미셀   5410.0  95.00 4.25 0.00    60.0
001510     SK증권    518.0  86.17 0.34 0.39     6.0
003530   한화투자증권   3325.0  80.24 0.47 0.00    42.0
207940 삼성바이오로직스 977000.0  80.08 6.99 0.00 12051.0
052690     한전기술  66900.0  78.32 4.67 0.77   858.0
373220 LG에너지솔루션 414500.0  77.93 4.77 0.00  5287.0
002760       보락   1008.0  77.71 1.34 0.46    14.0
000100     유한양행 142600.0  77.13 5.09 0.32  1815.0
010660     화천기계   2975.0  75.39 0.46 1.05    38.0
102460     이연제약  13890.0  69.79 1.00 1.10   195.0
013890      지누스  17825.0  69.73 0.59 0.49   263.0
007110     일신석재   1312.0  65.86 1.88 0.00    21.0
226320     잇츠한불  12220.0  63.32 0.58 1.23   193.0
170900    동아에스티  71200.0  60.42 1.02 0.90  1286.0
2024-12-05 20:09:38,619 - INFO - 2024-10-31 00:00:00: Selected 20 stocks.
2024-12-05 20:09:38,620 - INFO - 2024-10-31 00:00:00: Portfolio Value = 45,683,362.66
2024-12-05 20:09:38,623 - INFO - Selected Stocks:
Ticker     Name     Close    PER  PBR  DIV     EPS
007070    GS리테일   21600.0 121.68 0.54 2.38   173.0
003160      디아이   18410.0 120.49 2.52 0.68   122.0
077970    STX엔진   19070.0 113.47 2.02 0.00   167.0
003620   KG모빌리티    4505.0 108.13 0.90 0.00    48.0
002990     금호건설    2890.0 103.23 0.25 0.00    31.0
002700     신일전자    1426.0 100.33 1.29 1.00    15.0
034310     NICE   11270.0  96.55 0.50 4.25   110.0
001290    상상인증권     446.0  95.00 0.22 0.00     5.0
005690      파미셀    5070.0  86.00 3.85 0.00    60.0
001510     SK증권     511.0  85.67 0.34 0.39     6.0
207940 삼성바이오로직스 1002000.0  81.07 7.07 0.00 12051.0
010660     화천기계    2915.0  78.29 0.48 1.01    38.0
003530   한화투자증권    3570.0  77.74 0.45 0.00    42.0
373220 LG에너지솔루션  407500.0  77.26 4.73 0.00  5287.0
000100     유한양행  138700.0  76.75 5.07 0.32  1815.0
052690     한전기술   68800.0  75.06 4.48 0.80   858.0
013890      지누스   22064.0  72.78 0.62 0.47   263.0
002760       보락    1270.0  71.43 1.23 0.50    14.0
102460     이연제약   16280.0  69.64 1.00 1.10   195.0
465770 STX그린로지스   10080.0  65.92 3.11 0.00   201.0
2024-12-05 20:09:38,624 - INFO - 2024-11-30 00:00:00: Selected 20 stocks.
2024-12-05 20:09:38,626 - INFO - 2024-11-30 00:00:00: Portfolio Value = 43,414,040.68
2024-12-05 20:09:38,629 - INFO - Selected Stocks:
Ticker     Name    Close    PER  PBR  DIV     EPS
005070   코스모신소재  61700.0 115.45 6.75 0.00   861.0
077970    STX엔진  19070.0 112.69 2.00 0.00   167.0
034310     NICE  11030.0 101.91 0.53 4.02   110.0
013890      지누스  21900.0  95.06 0.81 0.36   263.0
002700     신일전자   1447.0  94.47 1.21 1.06    15.0
003620   KG모빌리티   4180.0  92.40 0.77 0.00    48.0
002990     금호건설   2980.0  91.29 0.22 0.00    31.0
001290    상상인증권    437.0  89.40 0.20 0.00     5.0
002760       보락   1109.0  86.14 1.48 0.41    14.0
001510     SK증권    496.0  84.50 0.33 0.39     6.0
005690      파미셀   4770.0  83.00 3.72 0.00    60.0
207940 삼성바이오로직스 986000.0  82.81 7.23 0.00 12051.0
003530   한화투자증권   3505.0  80.24 0.47 0.00    42.0
102460     이연제약  13950.0  80.15 1.15 0.96   195.0
052690     한전기술  68000.0  78.55 4.69 0.76   858.0
373220 LG에너지솔루션 386000.0  78.02 4.78 0.00  5287.0
010660     화천기계   2535.0  75.66 0.46 1.04    38.0
000100     유한양행 115900.0  74.27 4.90 0.33  1815.0
007110     일신석재   1704.0  67.10 1.91 0.00    21.0
226320     잇츠한불  10860.0  61.04 0.56 1.27   193.0
2024-12-05 20:09:38,635 - INFO - Sharpe Ratio: 1.2687
